[0.000000] (-) TimerEvent: {}
[0.000338] (bt_behavior) JobQueued: {'identifier': 'bt_behavior', 'dependencies': OrderedDict()}
[0.001504] (kobuki_navigation) JobQueued: {'identifier': 'kobuki_navigation', 'dependencies': OrderedDict()}
[0.001600] (bt_behavior) JobStarted: {'identifier': 'bt_behavior'}
[0.022011] (kobuki_navigation) JobStarted: {'identifier': 'kobuki_navigation'}
[0.043855] (bt_behavior) JobProgress: {'identifier': 'bt_behavior', 'progress': 'cmake'}
[0.048645] (bt_behavior) JobProgress: {'identifier': 'bt_behavior', 'progress': 'build'}
[0.050300] (bt_behavior) Command: {'cmd': ['/usr/bin/cmake', '--build', '/home/alumnos/josetost/colcon_ws/src/navigation-grupo-dia-libre-1/build/bt_behavior', '--', '-j8', '-l8'], 'cwd': '/home/alumnos/josetost/colcon_ws/src/navigation-grupo-dia-libre-1/build/bt_behavior', 'env': OrderedDict([('GJS_DEBUG_TOPICS', 'JS ERROR;JS LOG'), ('USER', 'josetost'), ('SSH_AGENT_PID', '101560'), ('XDG_SESSION_TYPE', 'x11'), ('SHLVL', '1'), ('LD_LIBRARY_PATH', '/usr/lib/x86_64-linux-gnu/gazebo-11/plugins:/opt/ros/foxy/opt/yaml_cpp_vendor/lib:/opt/ros/foxy/opt/rviz_ogre_vendor/lib:/opt/ros/foxy/lib/x86_64-linux-gnu:/opt/ros/foxy/lib'), ('HOME', '/home/alumnos/josetost'), ('OLDPWD', '/home/alumnos/josetost/colcon_ws/src'), ('DESKTOP_SESSION', 'ubuntu'), ('ROS_PYTHON_VERSION', '3'), ('GNOME_SHELL_SESSION_MODE', 'ubuntu'), ('GTK_MODULES', 'gail:atk-bridge'), ('MANAGERPID', '101376'), ('GOROOT', '/usr/lib/go'), ('DBUS_SESSION_BUS_ADDRESS', 'unix:path=/run/user/9374/bus'), ('MESG', 'y'), ('COLORTERM', 'truecolor'), ('MANDATORY_PATH', '/usr/share/gconf/ubuntu.mandatory.path'), ('IM_CONFIG_PHASE', '1'), ('COLCON_PREFIX_PATH', '/home/alumnos/josetost/colcon_ws/install'), ('ROS_DISTRO', 'foxy'), ('LOGNAME', 'josetost'), ('JOURNAL_STREAM', '8:438354'), ('_', '/usr/bin/colcon'), ('ROS_VERSION', '2'), ('XDG_SESSION_CLASS', 'user'), ('DEFAULTS_PATH', '/usr/share/gconf/ubuntu.default.path'), ('USERNAME', 'josetost'), ('TERM', 'xterm-256color'), ('GNOME_DESKTOP_SESSION_ID', 'this-is-deprecated'), ('ROS_LOCALHOST_ONLY', '0'), ('WINDOWPATH', '2'), ('PATH', '/opt/ros/foxy/bin:/usr/local/sbin:/usr/local/bin:/usr/sbin:/usr/bin:/sbin:/bin:/usr/games:/usr/local/games:/usr/lib/go/bin:/opt/puppetlabs/bin/:./'), ('SESSION_MANAGER', 'local/f-l3210-pc24:@/tmp/.ICE-unix/101600,unix/f-l3210-pc24:/tmp/.ICE-unix/101600'), ('INVOCATION_ID', 'efc7516a5ce74a559c7c41caa41e7e04'), ('XDG_MENU_PREFIX', 'gnome-'), ('GNOME_TERMINAL_SCREEN', '/org/gnome/Terminal/screen/3a0758d9_5180_400d_b53e_98a4498e02ac'), ('XDG_RUNTIME_DIR', '/run/user/9374'), ('DISPLAY', ':0'), ('LANG', 'es_ES.UTF-8'), ('XDG_CURRENT_DESKTOP', 'ubuntu:GNOME'), ('XMODIFIERS', '@im=ibus'), ('XDG_SESSION_DESKTOP', 'ubuntu'), ('XAUTHORITY', '/run/user/9374/gdm/Xauthority'), ('GNOME_TERMINAL_SERVICE', ':1.109'), ('SSH_AUTH_SOCK', '/run/user/9374/keyring/ssh'), ('ROS_DOMAIN_ID', '22'), ('AMENT_PREFIX_PATH', '/opt/ros/foxy'), ('SHELL', '/bin/bash'), ('QT_ACCESSIBILITY', '1'), ('ROS_MASTER_URI', 'http://f-l3202-pc24:11332/'), ('GDMSESSION', 'ubuntu'), ('GPG_AGENT_INFO', '/run/user/9374/gnupg/S.gpg-agent:0:1'), ('GJS_DEBUG_OUTPUT', 'stderr'), ('QT_IM_MODULE', 'ibus'), ('PWD', '/home/alumnos/josetost/colcon_ws/src/navigation-grupo-dia-libre-1/build/bt_behavior'), ('XDG_CONFIG_DIRS', '/etc/xdg/xdg-ubuntu:/etc/xdg'), ('XDG_DATA_DIRS', '/usr/share/ubuntu:/usr/local/share/:/usr/share/'), ('PYTHONPATH', '/opt/ros/foxy/lib/python3.8/site-packages'), ('COLCON', '1'), ('MANPATH', ':/opt/puppetlabs/puppet/share/man'), ('VTE_VERSION', '6003'), ('EDITOR', '/usr/bin/vim'), ('CMAKE_PREFIX_PATH', '/opt/ros/foxy')]), 'shell': False}
[0.059865] (kobuki_navigation) JobProgress: {'identifier': 'kobuki_navigation', 'progress': 'cmake'}
[0.064024] (kobuki_navigation) JobProgress: {'identifier': 'kobuki_navigation', 'progress': 'build'}
[0.065678] (kobuki_navigation) Command: {'cmd': ['/usr/bin/cmake', '--build', '/home/alumnos/josetost/colcon_ws/src/navigation-grupo-dia-libre-1/build/kobuki_navigation', '--', '-j8', '-l8'], 'cwd': '/home/alumnos/josetost/colcon_ws/src/navigation-grupo-dia-libre-1/build/kobuki_navigation', 'env': OrderedDict([('GJS_DEBUG_TOPICS', 'JS ERROR;JS LOG'), ('USER', 'josetost'), ('SSH_AGENT_PID', '101560'), ('XDG_SESSION_TYPE', 'x11'), ('SHLVL', '1'), ('LD_LIBRARY_PATH', '/usr/lib/x86_64-linux-gnu/gazebo-11/plugins:/opt/ros/foxy/opt/yaml_cpp_vendor/lib:/opt/ros/foxy/opt/rviz_ogre_vendor/lib:/opt/ros/foxy/lib/x86_64-linux-gnu:/opt/ros/foxy/lib'), ('HOME', '/home/alumnos/josetost'), ('OLDPWD', '/home/alumnos/josetost/colcon_ws/src'), ('DESKTOP_SESSION', 'ubuntu'), ('ROS_PYTHON_VERSION', '3'), ('GNOME_SHELL_SESSION_MODE', 'ubuntu'), ('GTK_MODULES', 'gail:atk-bridge'), ('MANAGERPID', '101376'), ('GOROOT', '/usr/lib/go'), ('DBUS_SESSION_BUS_ADDRESS', 'unix:path=/run/user/9374/bus'), ('MESG', 'y'), ('COLORTERM', 'truecolor'), ('MANDATORY_PATH', '/usr/share/gconf/ubuntu.mandatory.path'), ('IM_CONFIG_PHASE', '1'), ('COLCON_PREFIX_PATH', '/home/alumnos/josetost/colcon_ws/install'), ('ROS_DISTRO', 'foxy'), ('LOGNAME', 'josetost'), ('JOURNAL_STREAM', '8:438354'), ('_', '/usr/bin/colcon'), ('ROS_VERSION', '2'), ('XDG_SESSION_CLASS', 'user'), ('DEFAULTS_PATH', '/usr/share/gconf/ubuntu.default.path'), ('USERNAME', 'josetost'), ('TERM', 'xterm-256color'), ('GNOME_DESKTOP_SESSION_ID', 'this-is-deprecated'), ('ROS_LOCALHOST_ONLY', '0'), ('WINDOWPATH', '2'), ('PATH', '/opt/ros/foxy/bin:/usr/local/sbin:/usr/local/bin:/usr/sbin:/usr/bin:/sbin:/bin:/usr/games:/usr/local/games:/usr/lib/go/bin:/opt/puppetlabs/bin/:./'), ('SESSION_MANAGER', 'local/f-l3210-pc24:@/tmp/.ICE-unix/101600,unix/f-l3210-pc24:/tmp/.ICE-unix/101600'), ('INVOCATION_ID', 'efc7516a5ce74a559c7c41caa41e7e04'), ('XDG_MENU_PREFIX', 'gnome-'), ('GNOME_TERMINAL_SCREEN', '/org/gnome/Terminal/screen/3a0758d9_5180_400d_b53e_98a4498e02ac'), ('XDG_RUNTIME_DIR', '/run/user/9374'), ('DISPLAY', ':0'), ('LANG', 'es_ES.UTF-8'), ('XDG_CURRENT_DESKTOP', 'ubuntu:GNOME'), ('XMODIFIERS', '@im=ibus'), ('XDG_SESSION_DESKTOP', 'ubuntu'), ('XAUTHORITY', '/run/user/9374/gdm/Xauthority'), ('GNOME_TERMINAL_SERVICE', ':1.109'), ('SSH_AUTH_SOCK', '/run/user/9374/keyring/ssh'), ('ROS_DOMAIN_ID', '22'), ('AMENT_PREFIX_PATH', '/opt/ros/foxy'), ('SHELL', '/bin/bash'), ('QT_ACCESSIBILITY', '1'), ('ROS_MASTER_URI', 'http://f-l3202-pc24:11332/'), ('GDMSESSION', 'ubuntu'), ('GPG_AGENT_INFO', '/run/user/9374/gnupg/S.gpg-agent:0:1'), ('GJS_DEBUG_OUTPUT', 'stderr'), ('QT_IM_MODULE', 'ibus'), ('PWD', '/home/alumnos/josetost/colcon_ws/src/navigation-grupo-dia-libre-1/build/kobuki_navigation'), ('XDG_CONFIG_DIRS', '/etc/xdg/xdg-ubuntu:/etc/xdg'), ('XDG_DATA_DIRS', '/usr/share/ubuntu:/usr/local/share/:/usr/share/'), ('PYTHONPATH', '/opt/ros/foxy/lib/python3.8/site-packages'), ('COLCON', '1'), ('MANPATH', ':/opt/puppetlabs/puppet/share/man'), ('VTE_VERSION', '6003'), ('EDITOR', '/usr/bin/vim'), ('CMAKE_PREFIX_PATH', '/opt/ros/foxy')]), 'shell': False}
[0.098791] (-) TimerEvent: {}
[0.132996] (kobuki_navigation) CommandEnded: {'returncode': 0}
[0.153675] (bt_behavior) StdoutLine: {'line': b'\x1b[35m\x1b[1mScanning dependencies of target br2_move_bt_node\x1b[0m\n'}
[0.166938] (kobuki_navigation) JobProgress: {'identifier': 'kobuki_navigation', 'progress': 'install'}
[0.177609] (bt_behavior) StdoutLine: {'line': b'[ 28%] Built target gtest_main\n'}
[0.180386] (bt_behavior) StdoutLine: {'line': b'[ 35%] Built target gtest\n'}
[0.184491] (kobuki_navigation) Command: {'cmd': ['/usr/bin/cmake', '--install', '/home/alumnos/josetost/colcon_ws/src/navigation-grupo-dia-libre-1/build/kobuki_navigation'], 'cwd': '/home/alumnos/josetost/colcon_ws/src/navigation-grupo-dia-libre-1/build/kobuki_navigation', 'env': OrderedDict([('GJS_DEBUG_TOPICS', 'JS ERROR;JS LOG'), ('USER', 'josetost'), ('SSH_AGENT_PID', '101560'), ('XDG_SESSION_TYPE', 'x11'), ('SHLVL', '1'), ('LD_LIBRARY_PATH', '/usr/lib/x86_64-linux-gnu/gazebo-11/plugins:/opt/ros/foxy/opt/yaml_cpp_vendor/lib:/opt/ros/foxy/opt/rviz_ogre_vendor/lib:/opt/ros/foxy/lib/x86_64-linux-gnu:/opt/ros/foxy/lib'), ('HOME', '/home/alumnos/josetost'), ('OLDPWD', '/home/alumnos/josetost/colcon_ws/src'), ('DESKTOP_SESSION', 'ubuntu'), ('ROS_PYTHON_VERSION', '3'), ('GNOME_SHELL_SESSION_MODE', 'ubuntu'), ('GTK_MODULES', 'gail:atk-bridge'), ('MANAGERPID', '101376'), ('GOROOT', '/usr/lib/go'), ('DBUS_SESSION_BUS_ADDRESS', 'unix:path=/run/user/9374/bus'), ('MESG', 'y'), ('COLORTERM', 'truecolor'), ('MANDATORY_PATH', '/usr/share/gconf/ubuntu.mandatory.path'), ('IM_CONFIG_PHASE', '1'), ('COLCON_PREFIX_PATH', '/home/alumnos/josetost/colcon_ws/install'), ('ROS_DISTRO', 'foxy'), ('LOGNAME', 'josetost'), ('JOURNAL_STREAM', '8:438354'), ('_', '/usr/bin/colcon'), ('ROS_VERSION', '2'), ('XDG_SESSION_CLASS', 'user'), ('DEFAULTS_PATH', '/usr/share/gconf/ubuntu.default.path'), ('USERNAME', 'josetost'), ('TERM', 'xterm-256color'), ('GNOME_DESKTOP_SESSION_ID', 'this-is-deprecated'), ('ROS_LOCALHOST_ONLY', '0'), ('WINDOWPATH', '2'), ('PATH', '/opt/ros/foxy/bin:/usr/local/sbin:/usr/local/bin:/usr/sbin:/usr/bin:/sbin:/bin:/usr/games:/usr/local/games:/usr/lib/go/bin:/opt/puppetlabs/bin/:./'), ('SESSION_MANAGER', 'local/f-l3210-pc24:@/tmp/.ICE-unix/101600,unix/f-l3210-pc24:/tmp/.ICE-unix/101600'), ('INVOCATION_ID', 'efc7516a5ce74a559c7c41caa41e7e04'), ('XDG_MENU_PREFIX', 'gnome-'), ('GNOME_TERMINAL_SCREEN', '/org/gnome/Terminal/screen/3a0758d9_5180_400d_b53e_98a4498e02ac'), ('XDG_RUNTIME_DIR', '/run/user/9374'), ('DISPLAY', ':0'), ('LANG', 'es_ES.UTF-8'), ('XDG_CURRENT_DESKTOP', 'ubuntu:GNOME'), ('XMODIFIERS', '@im=ibus'), ('XDG_SESSION_DESKTOP', 'ubuntu'), ('XAUTHORITY', '/run/user/9374/gdm/Xauthority'), ('GNOME_TERMINAL_SERVICE', ':1.109'), ('SSH_AUTH_SOCK', '/run/user/9374/keyring/ssh'), ('ROS_DOMAIN_ID', '22'), ('AMENT_PREFIX_PATH', '/opt/ros/foxy'), ('SHELL', '/bin/bash'), ('QT_ACCESSIBILITY', '1'), ('ROS_MASTER_URI', 'http://f-l3202-pc24:11332/'), ('GDMSESSION', 'ubuntu'), ('GPG_AGENT_INFO', '/run/user/9374/gnupg/S.gpg-agent:0:1'), ('GJS_DEBUG_OUTPUT', 'stderr'), ('QT_IM_MODULE', 'ibus'), ('PWD', '/home/alumnos/josetost/colcon_ws/src/navigation-grupo-dia-libre-1/build/kobuki_navigation'), ('XDG_CONFIG_DIRS', '/etc/xdg/xdg-ubuntu:/etc/xdg'), ('XDG_DATA_DIRS', '/usr/share/ubuntu:/usr/local/share/:/usr/share/'), ('PYTHONPATH', '/opt/ros/foxy/lib/python3.8/site-packages'), ('COLCON', '1'), ('MANPATH', ':/opt/puppetlabs/puppet/share/man'), ('VTE_VERSION', '6003'), ('EDITOR', '/usr/bin/vim'), ('CMAKE_PREFIX_PATH', '/opt/ros/foxy')]), 'shell': False}
[0.187978] (bt_behavior) StdoutLine: {'line': b'[ 50%] Built target nav_wp\n'}
[0.188404] (bt_behavior) StdoutLine: {'line': b'[ 50%] Built target br2_irf_bt_node\n'}
[0.192305] (bt_behavior) StdoutLine: {'line': b'[ 71%] Built target br2_gnw_bt_node\n'}
[0.198326] (kobuki_navigation) StdoutLine: {'line': b'-- Install configuration: ""\n'}
[0.198846] (-) TimerEvent: {}
[0.203401] (kobuki_navigation) StdoutLine: {'line': b'-- Execute custom install script\n'}
[0.215508] (kobuki_navigation) StdoutLine: {'line': b'-- Up-to-date symlink: /home/alumnos/josetost/colcon_ws/src/navigation-grupo-dia-libre-1/install/kobuki_navigation/share/kobuki_navigation/launch/kobuki_navigation.launch.py\n'}
[0.219183] (kobuki_navigation) StdoutLine: {'line': b'-- Up-to-date symlink: /home/alumnos/josetost/colcon_ws/src/navigation-grupo-dia-libre-1/install/kobuki_navigation/share/kobuki_navigation/launch/navigation_launch.py\n'}
[0.222982] (kobuki_navigation) StdoutLine: {'line': b'-- Up-to-date symlink: /home/alumnos/josetost/colcon_ws/src/navigation-grupo-dia-libre-1/install/kobuki_navigation/share/kobuki_navigation/params/kobuki_nav_params.yaml\n'}
[0.224604] (kobuki_navigation) StdoutLine: {'line': b'-- Up-to-date symlink: /home/alumnos/josetost/colcon_ws/src/navigation-grupo-dia-libre-1/install/kobuki_navigation/share/kobuki_navigation/params/mapper_params_online_async.yaml\n'}
[0.227441] (kobuki_navigation) StdoutLine: {'line': b'-- Up-to-date symlink: /home/alumnos/josetost/colcon_ws/src/navigation-grupo-dia-libre-1/install/kobuki_navigation/share/kobuki_navigation/maps/aws_map.pgm\n'}
[0.229368] (kobuki_navigation) StdoutLine: {'line': b'-- Up-to-date symlink: /home/alumnos/josetost/colcon_ws/src/navigation-grupo-dia-libre-1/install/kobuki_navigation/share/kobuki_navigation/maps/aws_map.yaml\n'}
[0.231010] (kobuki_navigation) StdoutLine: {'line': b'-- Up-to-date symlink: /home/alumnos/josetost/colcon_ws/src/navigation-grupo-dia-libre-1/install/kobuki_navigation/share/kobuki_navigation/maps/competition.pgm\n'}
[0.232935] (kobuki_navigation) StdoutLine: {'line': b'-- Up-to-date symlink: /home/alumnos/josetost/colcon_ws/src/navigation-grupo-dia-libre-1/install/kobuki_navigation/share/kobuki_navigation/maps/competition.yaml\n'}
[0.238532] (kobuki_navigation) StdoutLine: {'line': b'-- Up-to-date symlink: /home/alumnos/josetost/colcon_ws/src/navigation-grupo-dia-libre-1/install/kobuki_navigation/share/kobuki_navigation/maps/home.pgm\n'}
[0.238974] (bt_behavior) StdoutLine: {'line': b'[ 85%] Built target bt_action_test\n'}
[0.240067] (kobuki_navigation) StdoutLine: {'line': b'-- Up-to-date symlink: /home/alumnos/josetost/colcon_ws/src/navigation-grupo-dia-libre-1/install/kobuki_navigation/share/kobuki_navigation/maps/home.yaml\n'}
[0.242636] (kobuki_navigation) StdoutLine: {'line': b'-- Up-to-date symlink: /home/alumnos/josetost/colcon_ws/src/navigation-grupo-dia-libre-1/install/kobuki_navigation/share/ament_index/resource_index/package_run_dependencies/kobuki_navigation\n'}
[0.244516] (kobuki_navigation) StdoutLine: {'line': b'-- Up-to-date symlink: /home/alumnos/josetost/colcon_ws/src/navigation-grupo-dia-libre-1/install/kobuki_navigation/share/ament_index/resource_index/parent_prefix_path/kobuki_navigation\n'}
[0.246235] (kobuki_navigation) StdoutLine: {'line': b'-- Up-to-date symlink: /home/alumnos/josetost/colcon_ws/src/navigation-grupo-dia-libre-1/install/kobuki_navigation/share/kobuki_navigation/environment/ament_prefix_path.sh\n'}
[0.248226] (kobuki_navigation) StdoutLine: {'line': b'-- Up-to-date symlink: /home/alumnos/josetost/colcon_ws/src/navigation-grupo-dia-libre-1/install/kobuki_navigation/share/kobuki_navigation/environment/ament_prefix_path.dsv\n'}
[0.249968] (kobuki_navigation) StdoutLine: {'line': b'-- Up-to-date symlink: /home/alumnos/josetost/colcon_ws/src/navigation-grupo-dia-libre-1/install/kobuki_navigation/share/kobuki_navigation/environment/path.sh\n'}
[0.252159] (kobuki_navigation) StdoutLine: {'line': b'-- Up-to-date symlink: /home/alumnos/josetost/colcon_ws/src/navigation-grupo-dia-libre-1/install/kobuki_navigation/share/kobuki_navigation/environment/path.dsv\n'}
[0.253715] (bt_behavior) StdoutLine: {'line': b'[ 92%] \x1b[32mBuilding CXX object CMakeFiles/br2_move_bt_node.dir/src/bt_behavior/Move.cpp.o\x1b[0m\n'}
[0.254168] (kobuki_navigation) StdoutLine: {'line': b'-- Up-to-date symlink: /home/alumnos/josetost/colcon_ws/src/navigation-grupo-dia-libre-1/install/kobuki_navigation/share/kobuki_navigation/local_setup.bash\n'}
[0.255790] (kobuki_navigation) StdoutLine: {'line': b'-- Up-to-date symlink: /home/alumnos/josetost/colcon_ws/src/navigation-grupo-dia-libre-1/install/kobuki_navigation/share/kobuki_navigation/local_setup.sh\n'}
[0.257825] (kobuki_navigation) StdoutLine: {'line': b'-- Up-to-date symlink: /home/alumnos/josetost/colcon_ws/src/navigation-grupo-dia-libre-1/install/kobuki_navigation/share/kobuki_navigation/local_setup.zsh\n'}
[0.260121] (kobuki_navigation) StdoutLine: {'line': b'-- Up-to-date symlink: /home/alumnos/josetost/colcon_ws/src/navigation-grupo-dia-libre-1/install/kobuki_navigation/share/kobuki_navigation/local_setup.dsv\n'}
[0.262253] (kobuki_navigation) StdoutLine: {'line': b'-- Symlinking: /home/alumnos/josetost/colcon_ws/src/navigation-grupo-dia-libre-1/install/kobuki_navigation/share/kobuki_navigation/package.dsv\n'}
[0.277260] (kobuki_navigation) StdoutLine: {'line': b'-- Up-to-date symlink: /home/alumnos/josetost/colcon_ws/src/navigation-grupo-dia-libre-1/install/kobuki_navigation/share/ament_index/resource_index/packages/kobuki_navigation\n'}
[0.279419] (kobuki_navigation) StdoutLine: {'line': b'-- Up-to-date symlink: /home/alumnos/josetost/colcon_ws/src/navigation-grupo-dia-libre-1/install/kobuki_navigation/share/kobuki_navigation/cmake/kobuki_navigationConfig.cmake\n'}
[0.281157] (kobuki_navigation) StdoutLine: {'line': b'-- Up-to-date symlink: /home/alumnos/josetost/colcon_ws/src/navigation-grupo-dia-libre-1/install/kobuki_navigation/share/kobuki_navigation/cmake/kobuki_navigationConfig-version.cmake\n'}
[0.282779] (kobuki_navigation) StdoutLine: {'line': b'-- Up-to-date symlink: /home/alumnos/josetost/colcon_ws/src/navigation-grupo-dia-libre-1/install/kobuki_navigation/share/kobuki_navigation/package.xml\n'}
[0.287430] (kobuki_navigation) CommandEnded: {'returncode': 0}
[0.298930] (-) TimerEvent: {}
[0.394948] (kobuki_navigation) JobEnded: {'identifier': 'kobuki_navigation', 'rc': 0}
[0.398999] (-) TimerEvent: {}
[0.499253] (-) TimerEvent: {}
[0.599619] (-) TimerEvent: {}
[0.699983] (-) TimerEvent: {}
[0.800355] (-) TimerEvent: {}
[0.900723] (-) TimerEvent: {}
[1.001096] (-) TimerEvent: {}
[1.101473] (-) TimerEvent: {}
[1.201838] (-) TimerEvent: {}
[1.302199] (-) TimerEvent: {}
[1.402585] (-) TimerEvent: {}
[1.502957] (-) TimerEvent: {}
[1.603325] (-) TimerEvent: {}
[1.703730] (-) TimerEvent: {}
[1.804192] (-) TimerEvent: {}
[1.904588] (-) TimerEvent: {}
[2.004979] (-) TimerEvent: {}
[2.105372] (-) TimerEvent: {}
[2.205727] (-) TimerEvent: {}
[2.306096] (-) TimerEvent: {}
[2.406482] (-) TimerEvent: {}
[2.506860] (-) TimerEvent: {}
[2.607234] (-) TimerEvent: {}
[2.707615] (-) TimerEvent: {}
[2.807994] (-) TimerEvent: {}
[2.908372] (-) TimerEvent: {}
[3.008737] (-) TimerEvent: {}
[3.109136] (-) TimerEvent: {}
[3.209495] (-) TimerEvent: {}
[3.309854] (-) TimerEvent: {}
[3.410237] (-) TimerEvent: {}
[3.510613] (-) TimerEvent: {}
[3.610979] (-) TimerEvent: {}
[3.711357] (-) TimerEvent: {}
[3.811727] (-) TimerEvent: {}
[3.912133] (-) TimerEvent: {}
[4.012540] (-) TimerEvent: {}
[4.112937] (-) TimerEvent: {}
[4.213327] (-) TimerEvent: {}
[4.313690] (-) TimerEvent: {}
[4.414051] (-) TimerEvent: {}
[4.514419] (-) TimerEvent: {}
[4.614790] (-) TimerEvent: {}
[4.715161] (-) TimerEvent: {}
[4.815527] (-) TimerEvent: {}
[4.915888] (-) TimerEvent: {}
[5.016284] (-) TimerEvent: {}
[5.116655] (-) TimerEvent: {}
[5.217024] (-) TimerEvent: {}
[5.317418] (-) TimerEvent: {}
[5.417812] (-) TimerEvent: {}
[5.518184] (-) TimerEvent: {}
[5.618572] (-) TimerEvent: {}
[5.718931] (-) TimerEvent: {}
[5.819348] (-) TimerEvent: {}
[5.919822] (-) TimerEvent: {}
[6.020184] (-) TimerEvent: {}
[6.120595] (-) TimerEvent: {}
[6.220989] (-) TimerEvent: {}
[6.290107] (bt_behavior) StdoutLine: {'line': b'[100%] \x1b[32m\x1b[1mLinking CXX shared library libbr2_move_bt_node.so\x1b[0m\n'}
[6.321110] (-) TimerEvent: {}
[6.421521] (-) TimerEvent: {}
[6.521961] (-) TimerEvent: {}
[6.622423] (-) TimerEvent: {}
[6.722925] (-) TimerEvent: {}
[6.823374] (-) TimerEvent: {}
[6.841075] (bt_behavior) StdoutLine: {'line': b'[100%] Built target br2_move_bt_node\n'}
[6.870094] (bt_behavior) CommandEnded: {'returncode': 0}
[6.914448] (bt_behavior) JobProgress: {'identifier': 'bt_behavior', 'progress': 'install'}
[6.914937] (bt_behavior) Command: {'cmd': ['/usr/bin/cmake', '--install', '/home/alumnos/josetost/colcon_ws/src/navigation-grupo-dia-libre-1/build/bt_behavior'], 'cwd': '/home/alumnos/josetost/colcon_ws/src/navigation-grupo-dia-libre-1/build/bt_behavior', 'env': OrderedDict([('GJS_DEBUG_TOPICS', 'JS ERROR;JS LOG'), ('USER', 'josetost'), ('SSH_AGENT_PID', '101560'), ('XDG_SESSION_TYPE', 'x11'), ('SHLVL', '1'), ('LD_LIBRARY_PATH', '/usr/lib/x86_64-linux-gnu/gazebo-11/plugins:/opt/ros/foxy/opt/yaml_cpp_vendor/lib:/opt/ros/foxy/opt/rviz_ogre_vendor/lib:/opt/ros/foxy/lib/x86_64-linux-gnu:/opt/ros/foxy/lib'), ('HOME', '/home/alumnos/josetost'), ('OLDPWD', '/home/alumnos/josetost/colcon_ws/src'), ('DESKTOP_SESSION', 'ubuntu'), ('ROS_PYTHON_VERSION', '3'), ('GNOME_SHELL_SESSION_MODE', 'ubuntu'), ('GTK_MODULES', 'gail:atk-bridge'), ('MANAGERPID', '101376'), ('GOROOT', '/usr/lib/go'), ('DBUS_SESSION_BUS_ADDRESS', 'unix:path=/run/user/9374/bus'), ('MESG', 'y'), ('COLORTERM', 'truecolor'), ('MANDATORY_PATH', '/usr/share/gconf/ubuntu.mandatory.path'), ('IM_CONFIG_PHASE', '1'), ('COLCON_PREFIX_PATH', '/home/alumnos/josetost/colcon_ws/install'), ('ROS_DISTRO', 'foxy'), ('LOGNAME', 'josetost'), ('JOURNAL_STREAM', '8:438354'), ('_', '/usr/bin/colcon'), ('ROS_VERSION', '2'), ('XDG_SESSION_CLASS', 'user'), ('DEFAULTS_PATH', '/usr/share/gconf/ubuntu.default.path'), ('USERNAME', 'josetost'), ('TERM', 'xterm-256color'), ('GNOME_DESKTOP_SESSION_ID', 'this-is-deprecated'), ('ROS_LOCALHOST_ONLY', '0'), ('WINDOWPATH', '2'), ('PATH', '/opt/ros/foxy/bin:/usr/local/sbin:/usr/local/bin:/usr/sbin:/usr/bin:/sbin:/bin:/usr/games:/usr/local/games:/usr/lib/go/bin:/opt/puppetlabs/bin/:./'), ('SESSION_MANAGER', 'local/f-l3210-pc24:@/tmp/.ICE-unix/101600,unix/f-l3210-pc24:/tmp/.ICE-unix/101600'), ('INVOCATION_ID', 'efc7516a5ce74a559c7c41caa41e7e04'), ('XDG_MENU_PREFIX', 'gnome-'), ('GNOME_TERMINAL_SCREEN', '/org/gnome/Terminal/screen/3a0758d9_5180_400d_b53e_98a4498e02ac'), ('XDG_RUNTIME_DIR', '/run/user/9374'), ('DISPLAY', ':0'), ('LANG', 'es_ES.UTF-8'), ('XDG_CURRENT_DESKTOP', 'ubuntu:GNOME'), ('XMODIFIERS', '@im=ibus'), ('XDG_SESSION_DESKTOP', 'ubuntu'), ('XAUTHORITY', '/run/user/9374/gdm/Xauthority'), ('GNOME_TERMINAL_SERVICE', ':1.109'), ('SSH_AUTH_SOCK', '/run/user/9374/keyring/ssh'), ('ROS_DOMAIN_ID', '22'), ('AMENT_PREFIX_PATH', '/opt/ros/foxy'), ('SHELL', '/bin/bash'), ('QT_ACCESSIBILITY', '1'), ('ROS_MASTER_URI', 'http://f-l3202-pc24:11332/'), ('GDMSESSION', 'ubuntu'), ('GPG_AGENT_INFO', '/run/user/9374/gnupg/S.gpg-agent:0:1'), ('GJS_DEBUG_OUTPUT', 'stderr'), ('QT_IM_MODULE', 'ibus'), ('PWD', '/home/alumnos/josetost/colcon_ws/src/navigation-grupo-dia-libre-1/build/bt_behavior'), ('XDG_CONFIG_DIRS', '/etc/xdg/xdg-ubuntu:/etc/xdg'), ('XDG_DATA_DIRS', '/usr/share/ubuntu:/usr/local/share/:/usr/share/'), ('PYTHONPATH', '/opt/ros/foxy/lib/python3.8/site-packages'), ('COLCON', '1'), ('MANPATH', ':/opt/puppetlabs/puppet/share/man'), ('VTE_VERSION', '6003'), ('EDITOR', '/usr/bin/vim'), ('CMAKE_PREFIX_PATH', '/opt/ros/foxy')]), 'shell': False}
[6.923472] (-) TimerEvent: {}
[6.927261] (bt_behavior) StdoutLine: {'line': b'-- Install configuration: "Debug"\n'}
[6.930978] (bt_behavior) StdoutLine: {'line': b'-- Execute custom install script\n'}
[6.936741] (bt_behavior) StdoutLine: {'line': b'-- Symlinking: /home/alumnos/josetost/colcon_ws/src/navigation-grupo-dia-libre-1/install/bt_behavior/lib/libbr2_gnw_bt_node.so\n'}
[6.953896] (bt_behavior) StdoutLine: {'line': b'-- Symlinking: /home/alumnos/josetost/colcon_ws/src/navigation-grupo-dia-libre-1/install/bt_behavior/lib/libbr2_move_bt_node.so\n'}
[6.968673] (bt_behavior) StdoutLine: {'line': b'-- Symlinking: /home/alumnos/josetost/colcon_ws/src/navigation-grupo-dia-libre-1/install/bt_behavior/lib/libbr2_irf_bt_node.so\n'}
[6.986273] (bt_behavior) StdoutLine: {'line': b'-- Symlinking: /home/alumnos/josetost/colcon_ws/src/navigation-grupo-dia-libre-1/install/bt_behavior/lib/bt_behavior/nav_wp\n'}
[7.008454] (bt_behavior) StdoutLine: {'line': b'-- Symlinking: /home/alumnos/josetost/colcon_ws/src/navigation-grupo-dia-libre-1/install/bt_behavior/include//bt_behavior/GetNextWaypoint.hpp\n'}
[7.023452] (bt_behavior) StdoutLine: {'line': b'-- Symlinking: /home/alumnos/josetost/colcon_ws/src/navigation-grupo-dia-libre-1/install/bt_behavior/include//bt_behavior/IsRaceFinished.hpp\n'}
[7.023668] (-) TimerEvent: {}
[7.037220] (bt_behavior) StdoutLine: {'line': b'-- Symlinking: /home/alumnos/josetost/colcon_ws/src/navigation-grupo-dia-libre-1/install/bt_behavior/include//bt_behavior/Move.hpp\n'}
[7.055133] (bt_behavior) StdoutLine: {'line': b'-- Symlinking: /home/alumnos/josetost/colcon_ws/src/navigation-grupo-dia-libre-1/install/bt_behavior/include//bt_behavior/ctrl_support/BTActionNode.hpp\n'}
[7.069362] (bt_behavior) StdoutLine: {'line': b'-- Symlinking: /home/alumnos/josetost/colcon_ws/src/navigation-grupo-dia-libre-1/install/bt_behavior/include//bt_behavior/ctrl_support/BTLifecycleCtrlNode.hpp\n'}
[7.088595] (bt_behavior) StdoutLine: {'line': b'-- Symlinking: /home/alumnos/josetost/colcon_ws/src/navigation-grupo-dia-libre-1/install/bt_behavior/share/bt_behavior/behavior_tree_xml/behavior.xml\n'}
[7.107324] (bt_behavior) StdoutLine: {'line': b'-- Symlinking: /home/alumnos/josetost/colcon_ws/src/navigation-grupo-dia-libre-1/install/bt_behavior/share/bt_behavior/launch/patrolling.launch.py\n'}
[7.123829] (-) TimerEvent: {}
[7.130302] (bt_behavior) StdoutLine: {'line': b'-- Symlinking: /home/alumnos/josetost/colcon_ws/src/navigation-grupo-dia-libre-1/install/bt_behavior/share/ament_index/resource_index/package_run_dependencies/bt_behavior\n'}
[7.155780] (bt_behavior) StdoutLine: {'line': b'-- Symlinking: /home/alumnos/josetost/colcon_ws/src/navigation-grupo-dia-libre-1/install/bt_behavior/share/ament_index/resource_index/parent_prefix_path/bt_behavior\n'}
[7.182886] (bt_behavior) StdoutLine: {'line': b'-- Symlinking: /home/alumnos/josetost/colcon_ws/src/navigation-grupo-dia-libre-1/install/bt_behavior/share/bt_behavior/environment/ament_prefix_path.sh\n'}
[7.205411] (bt_behavior) StdoutLine: {'line': b'-- Symlinking: /home/alumnos/josetost/colcon_ws/src/navigation-grupo-dia-libre-1/install/bt_behavior/share/bt_behavior/environment/ament_prefix_path.dsv\n'}
[7.223991] (-) TimerEvent: {}
[7.224642] (bt_behavior) StdoutLine: {'line': b'-- Symlinking: /home/alumnos/josetost/colcon_ws/src/navigation-grupo-dia-libre-1/install/bt_behavior/share/bt_behavior/environment/path.sh\n'}
[7.241230] (bt_behavior) StdoutLine: {'line': b'-- Symlinking: /home/alumnos/josetost/colcon_ws/src/navigation-grupo-dia-libre-1/install/bt_behavior/share/bt_behavior/environment/path.dsv\n'}
[7.257251] (bt_behavior) StdoutLine: {'line': b'-- Symlinking: /home/alumnos/josetost/colcon_ws/src/navigation-grupo-dia-libre-1/install/bt_behavior/share/bt_behavior/local_setup.bash\n'}
[7.271887] (bt_behavior) StdoutLine: {'line': b'-- Symlinking: /home/alumnos/josetost/colcon_ws/src/navigation-grupo-dia-libre-1/install/bt_behavior/share/bt_behavior/local_setup.sh\n'}
[7.285074] (bt_behavior) StdoutLine: {'line': b'-- Symlinking: /home/alumnos/josetost/colcon_ws/src/navigation-grupo-dia-libre-1/install/bt_behavior/share/bt_behavior/local_setup.zsh\n'}
[7.299464] (bt_behavior) StdoutLine: {'line': b'-- Symlinking: /home/alumnos/josetost/colcon_ws/src/navigation-grupo-dia-libre-1/install/bt_behavior/share/bt_behavior/local_setup.dsv\n'}
[7.312246] (bt_behavior) StdoutLine: {'line': b'-- Symlinking: /home/alumnos/josetost/colcon_ws/src/navigation-grupo-dia-libre-1/install/bt_behavior/share/bt_behavior/package.dsv\n'}
[7.324088] (-) TimerEvent: {}
[7.331702] (bt_behavior) StdoutLine: {'line': b'-- Symlinking: /home/alumnos/josetost/colcon_ws/src/navigation-grupo-dia-libre-1/install/bt_behavior/share/ament_index/resource_index/packages/bt_behavior\n'}
[7.350163] (bt_behavior) StdoutLine: {'line': b'-- Symlinking: /home/alumnos/josetost/colcon_ws/src/navigation-grupo-dia-libre-1/install/bt_behavior/share/bt_behavior/cmake/ament_cmake_export_include_directories-extras.cmake\n'}
[7.364065] (bt_behavior) StdoutLine: {'line': b'-- Symlinking: /home/alumnos/josetost/colcon_ws/src/navigation-grupo-dia-libre-1/install/bt_behavior/share/bt_behavior/cmake/ament_cmake_export_dependencies-extras.cmake\n'}
[7.378431] (bt_behavior) StdoutLine: {'line': b'-- Symlinking: /home/alumnos/josetost/colcon_ws/src/navigation-grupo-dia-libre-1/install/bt_behavior/share/bt_behavior/cmake/bt_behaviorConfig.cmake\n'}
[7.392665] (bt_behavior) StdoutLine: {'line': b'-- Symlinking: /home/alumnos/josetost/colcon_ws/src/navigation-grupo-dia-libre-1/install/bt_behavior/share/bt_behavior/cmake/bt_behaviorConfig-version.cmake\n'}
[7.406372] (bt_behavior) StdoutLine: {'line': b'-- Symlinking: /home/alumnos/josetost/colcon_ws/src/navigation-grupo-dia-libre-1/install/bt_behavior/share/bt_behavior/package.xml\n'}
[7.424296] (-) TimerEvent: {}
[7.429686] (bt_behavior) CommandEnded: {'returncode': 0}
[7.524535] (-) TimerEvent: {}
[7.600078] (bt_behavior) JobEnded: {'identifier': 'bt_behavior', 'rc': 0}
[7.606381] (-) EventReactorShutdown: {}
