[0.205s] DEBUG:colcon:Command line arguments: ['/usr/bin/colcon', 'build', '--symlink-install']
[0.205s] DEBUG:colcon:Parsed command line arguments: Namespace(allow_overriding=[], ament_cmake_args=None, base_paths=['.'], build_base='build', catkin_cmake_args=None, catkin_skip_building_tests=False, cmake_args=None, cmake_clean_cache=False, cmake_clean_first=False, cmake_force_configure=False, cmake_target=None, cmake_target_skip_unavailable=False, continue_on_error=False, event_handlers=None, executor='parallel', ignore_user_meta=False, install_base='install', log_base=None, log_level=None, main=<bound method BuildVerb.main of <colcon_core.verb.build.BuildVerb object at 0x7efefe813940>>, merge_install=False, metas=['./colcon.meta'], mixin=None, mixin_files=None, mixin_verb=('build',), packages_above=None, packages_above_and_dependencies=None, packages_above_depth=None, packages_end=None, packages_ignore=None, packages_ignore_regex=None, packages_select=None, packages_select_build_failed=False, packages_select_by_dep=None, packages_select_regex=None, packages_select_test_failures=False, packages_skip=None, packages_skip_build_finished=False, packages_skip_by_dep=None, packages_skip_regex=None, packages_skip_test_passed=False, packages_skip_up_to=None, packages_start=None, packages_up_to=None, packages_up_to_regex=None, parallel_workers=8, paths=None, symlink_install=True, test_result_base=None, verb_extension=<colcon_core.verb.build.BuildVerb object at 0x7efefe813940>, verb_name='build', verb_parser=<colcon_mixin.mixin.mixin_argument.MixinArgumentDecorator object at 0x7efefe813f70>)
[0.213s] Level 1:colcon.colcon_core.package_discovery:discover_packages(colcon_meta) check parameters
[0.213s] Level 1:colcon.colcon_core.package_discovery:discover_packages(recursive) check parameters
[0.214s] Level 1:colcon.colcon_core.package_discovery:discover_packages(ignore) check parameters
[0.214s] Level 1:colcon.colcon_core.package_discovery:discover_packages(path) check parameters
[0.214s] Level 1:colcon.colcon_core.package_discovery:discover_packages(colcon_meta) discover
[0.214s] Level 1:colcon.colcon_core.package_discovery:discover_packages(recursive) discover
[0.214s] INFO:colcon.colcon_core.package_discovery:Crawling recursively for packages in '/home/alumnos/josetost/colcon_ws/src/navigation-grupo-dia-libre-1'
[0.215s] Level 1:colcon.colcon_core.package_identification:_identify(.) by extensions ['ignore', 'ignore_ament_install']
[0.216s] Level 1:colcon.colcon_core.package_identification:_identify(.) by extension 'ignore'
[0.216s] Level 1:colcon.colcon_core.package_identification:_identify(.) by extension 'ignore_ament_install'
[0.217s] Level 1:colcon.colcon_core.package_identification:_identify(.) by extensions ['colcon_pkg']
[0.217s] Level 1:colcon.colcon_core.package_identification:_identify(.) by extension 'colcon_pkg'
[0.217s] Level 1:colcon.colcon_core.package_identification:_identify(.) by extensions ['colcon_meta']
[0.218s] Level 1:colcon.colcon_core.package_identification:_identify(.) by extension 'colcon_meta'
[0.218s] Level 1:colcon.colcon_core.package_identification:_identify(.) by extensions ['ros']
[0.218s] Level 1:colcon.colcon_core.package_identification:_identify(.) by extension 'ros'
[0.233s] Level 1:colcon.colcon_core.package_identification:_identify(.) by extensions ['cmake', 'python']
[0.233s] Level 1:colcon.colcon_core.package_identification:_identify(.) by extension 'cmake'
[0.234s] Level 1:colcon.colcon_core.package_identification:_identify(.) by extension 'python'
[0.234s] Level 1:colcon.colcon_core.package_identification:_identify(.) by extensions ['python_setup_py']
[0.234s] Level 1:colcon.colcon_core.package_identification:_identify(.) by extension 'python_setup_py'
[0.235s] Level 1:colcon.colcon_core.package_identification:_identify(bt_behavior) by extensions ['ignore', 'ignore_ament_install']
[0.235s] Level 1:colcon.colcon_core.package_identification:_identify(bt_behavior) by extension 'ignore'
[0.235s] Level 1:colcon.colcon_core.package_identification:_identify(bt_behavior) by extension 'ignore_ament_install'
[0.235s] Level 1:colcon.colcon_core.package_identification:_identify(bt_behavior) by extensions ['colcon_pkg']
[0.236s] Level 1:colcon.colcon_core.package_identification:_identify(bt_behavior) by extension 'colcon_pkg'
[0.236s] Level 1:colcon.colcon_core.package_identification:_identify(bt_behavior) by extensions ['colcon_meta']
[0.236s] Level 1:colcon.colcon_core.package_identification:_identify(bt_behavior) by extension 'colcon_meta'
[0.237s] Level 1:colcon.colcon_core.package_identification:_identify(bt_behavior) by extensions ['ros']
[0.237s] Level 1:colcon.colcon_core.package_identification:_identify(bt_behavior) by extension 'ros'
[0.241s] DEBUG:colcon.colcon_core.package_identification:Package 'bt_behavior' with type 'ros.ament_cmake' and name 'bt_behavior'
[0.242s] Level 1:colcon.colcon_core.package_identification:_identify(build) by extensions ['ignore', 'ignore_ament_install']
[0.242s] Level 1:colcon.colcon_core.package_identification:_identify(build) by extension 'ignore'
[0.242s] Level 1:colcon.colcon_core.package_identification:_identify(build) ignored
[0.243s] Level 1:colcon.colcon_core.package_identification:_identify(install) by extensions ['ignore', 'ignore_ament_install']
[0.244s] Level 1:colcon.colcon_core.package_identification:_identify(install) by extension 'ignore'
[0.244s] Level 1:colcon.colcon_core.package_identification:_identify(install) ignored
[0.244s] Level 1:colcon.colcon_core.package_identification:_identify(kobuki_navigation) by extensions ['ignore', 'ignore_ament_install']
[0.245s] Level 1:colcon.colcon_core.package_identification:_identify(kobuki_navigation) by extension 'ignore'
[0.245s] Level 1:colcon.colcon_core.package_identification:_identify(kobuki_navigation) by extension 'ignore_ament_install'
[0.245s] Level 1:colcon.colcon_core.package_identification:_identify(kobuki_navigation) by extensions ['colcon_pkg']
[0.246s] Level 1:colcon.colcon_core.package_identification:_identify(kobuki_navigation) by extension 'colcon_pkg'
[0.246s] Level 1:colcon.colcon_core.package_identification:_identify(kobuki_navigation) by extensions ['colcon_meta']
[0.246s] Level 1:colcon.colcon_core.package_identification:_identify(kobuki_navigation) by extension 'colcon_meta'
[0.246s] Level 1:colcon.colcon_core.package_identification:_identify(kobuki_navigation) by extensions ['ros']
[0.247s] Level 1:colcon.colcon_core.package_identification:_identify(kobuki_navigation) by extension 'ros'
[0.247s] DEBUG:colcon.colcon_core.package_identification:Package 'kobuki_navigation' with type 'ros.ament_cmake' and name 'kobuki_navigation'
[0.248s] Level 1:colcon.colcon_core.package_identification:_identify(log) by extensions ['ignore', 'ignore_ament_install']
[0.248s] Level 1:colcon.colcon_core.package_identification:_identify(log) by extension 'ignore'
[0.249s] Level 1:colcon.colcon_core.package_identification:_identify(log) ignored
[0.249s] Level 1:colcon.colcon_core.package_discovery:discover_packages(recursive) using defaults
[0.249s] Level 1:colcon.colcon_core.package_discovery:discover_packages(ignore) discover
[0.249s] Level 1:colcon.colcon_core.package_discovery:discover_packages(ignore) using defaults
[0.249s] Level 1:colcon.colcon_core.package_discovery:discover_packages(path) discover
[0.249s] Level 1:colcon.colcon_core.package_discovery:discover_packages(path) using defaults
[0.283s] Level 5:colcon.colcon_core.verb:set package 'bt_behavior' build argument 'cmake_args' from command line to 'None'
[0.283s] Level 5:colcon.colcon_core.verb:set package 'bt_behavior' build argument 'cmake_target' from command line to 'None'
[0.283s] Level 5:colcon.colcon_core.verb:set package 'bt_behavior' build argument 'cmake_target_skip_unavailable' from command line to 'False'
[0.288s] Level 5:colcon.colcon_core.verb:set package 'bt_behavior' build argument 'cmake_clean_cache' from command line to 'False'
[0.288s] Level 5:colcon.colcon_core.verb:set package 'bt_behavior' build argument 'cmake_clean_first' from command line to 'False'
[0.288s] Level 5:colcon.colcon_core.verb:set package 'bt_behavior' build argument 'cmake_force_configure' from command line to 'False'
[0.288s] Level 5:colcon.colcon_core.verb:set package 'bt_behavior' build argument 'ament_cmake_args' from command line to 'None'
[0.288s] Level 5:colcon.colcon_core.verb:set package 'bt_behavior' build argument 'catkin_cmake_args' from command line to 'None'
[0.288s] Level 5:colcon.colcon_core.verb:set package 'bt_behavior' build argument 'catkin_skip_building_tests' from command line to 'False'
[0.288s] DEBUG:colcon.colcon_core.verb:Building package 'bt_behavior' with the following arguments: {'ament_cmake_args': None, 'build_base': '/home/alumnos/josetost/colcon_ws/src/navigation-grupo-dia-libre-1/build/bt_behavior', 'catkin_cmake_args': None, 'catkin_skip_building_tests': False, 'cmake_args': None, 'cmake_clean_cache': False, 'cmake_clean_first': False, 'cmake_force_configure': False, 'cmake_target': None, 'cmake_target_skip_unavailable': False, 'install_base': '/home/alumnos/josetost/colcon_ws/src/navigation-grupo-dia-libre-1/install/bt_behavior', 'merge_install': False, 'path': '/home/alumnos/josetost/colcon_ws/src/navigation-grupo-dia-libre-1/bt_behavior', 'symlink_install': True, 'test_result_base': None}
[0.294s] Level 5:colcon.colcon_core.verb:set package 'kobuki_navigation' build argument 'cmake_args' from command line to 'None'
[0.294s] Level 5:colcon.colcon_core.verb:set package 'kobuki_navigation' build argument 'cmake_target' from command line to 'None'
[0.295s] Level 5:colcon.colcon_core.verb:set package 'kobuki_navigation' build argument 'cmake_target_skip_unavailable' from command line to 'False'
[0.295s] Level 5:colcon.colcon_core.verb:set package 'kobuki_navigation' build argument 'cmake_clean_cache' from command line to 'False'
[0.295s] Level 5:colcon.colcon_core.verb:set package 'kobuki_navigation' build argument 'cmake_clean_first' from command line to 'False'
[0.295s] Level 5:colcon.colcon_core.verb:set package 'kobuki_navigation' build argument 'cmake_force_configure' from command line to 'False'
[0.295s] Level 5:colcon.colcon_core.verb:set package 'kobuki_navigation' build argument 'ament_cmake_args' from command line to 'None'
[0.295s] Level 5:colcon.colcon_core.verb:set package 'kobuki_navigation' build argument 'catkin_cmake_args' from command line to 'None'
[0.296s] Level 5:colcon.colcon_core.verb:set package 'kobuki_navigation' build argument 'catkin_skip_building_tests' from command line to 'False'
[0.296s] DEBUG:colcon.colcon_core.verb:Building package 'kobuki_navigation' with the following arguments: {'ament_cmake_args': None, 'build_base': '/home/alumnos/josetost/colcon_ws/src/navigation-grupo-dia-libre-1/build/kobuki_navigation', 'catkin_cmake_args': None, 'catkin_skip_building_tests': False, 'cmake_args': None, 'cmake_clean_cache': False, 'cmake_clean_first': False, 'cmake_force_configure': False, 'cmake_target': None, 'cmake_target_skip_unavailable': False, 'install_base': '/home/alumnos/josetost/colcon_ws/src/navigation-grupo-dia-libre-1/install/kobuki_navigation', 'merge_install': False, 'path': '/home/alumnos/josetost/colcon_ws/src/navigation-grupo-dia-libre-1/kobuki_navigation', 'symlink_install': True, 'test_result_base': None}
[0.391s] INFO:colcon.colcon_core.executor:Executing jobs using 'parallel' executor
[0.395s] DEBUG:colcon.colcon_parallel_executor.executor.parallel:run_until_complete
[0.395s] INFO:colcon.colcon_ros.task.ament_cmake.build:Building ROS package in '/home/alumnos/josetost/colcon_ws/src/navigation-grupo-dia-libre-1/bt_behavior' with build type 'ament_cmake'
[0.396s] INFO:colcon.colcon_cmake.task.cmake.build:Building CMake package in '/home/alumnos/josetost/colcon_ws/src/navigation-grupo-dia-libre-1/bt_behavior'
[0.404s] INFO:colcon.colcon_core.plugin_system:Skipping extension 'colcon_core.shell.bat': Not used on non-Windows systems
[0.404s] INFO:colcon.colcon_core.shell:Skip shell extension 'powershell' for command environment: Not usable outside of PowerShell
[0.405s] DEBUG:colcon.colcon_core.shell:Skip shell extension 'dsv' for command environment
[0.417s] INFO:colcon.colcon_ros.task.ament_cmake.build:Building ROS package in '/home/alumnos/josetost/colcon_ws/src/navigation-grupo-dia-libre-1/kobuki_navigation' with build type 'ament_cmake'
[0.417s] INFO:colcon.colcon_cmake.task.cmake.build:Building CMake package in '/home/alumnos/josetost/colcon_ws/src/navigation-grupo-dia-libre-1/kobuki_navigation'
[0.419s] INFO:colcon.colcon_core.shell:Skip shell extension 'powershell' for command environment: Not usable outside of PowerShell
[0.420s] DEBUG:colcon.colcon_core.shell:Skip shell extension 'dsv' for command environment
[0.455s] DEBUG:colcon.colcon_core.event_handler.log_command:Invoking command in '/home/alumnos/josetost/colcon_ws/src/navigation-grupo-dia-libre-1/build/bt_behavior': CMAKE_PREFIX_PATH=/opt/ros/foxy /usr/bin/cmake --build /home/alumnos/josetost/colcon_ws/src/navigation-grupo-dia-libre-1/build/bt_behavior -- -j8 -l8
[0.467s] DEBUG:colcon.colcon_core.event_handler.log_command:Invoking command in '/home/alumnos/josetost/colcon_ws/src/navigation-grupo-dia-libre-1/build/kobuki_navigation': CMAKE_PREFIX_PATH=/opt/ros/foxy /usr/bin/cmake --build /home/alumnos/josetost/colcon_ws/src/navigation-grupo-dia-libre-1/build/kobuki_navigation -- -j8 -l8
[0.532s] DEBUG:colcon.colcon_core.event_handler.log_command:Invoked command in '/home/alumnos/josetost/colcon_ws/src/navigation-grupo-dia-libre-1/build/kobuki_navigation' returned '0': CMAKE_PREFIX_PATH=/opt/ros/foxy /usr/bin/cmake --build /home/alumnos/josetost/colcon_ws/src/navigation-grupo-dia-libre-1/build/kobuki_navigation -- -j8 -l8
[0.583s] DEBUG:colcon.colcon_core.event_handler.log_command:Invoking command in '/home/alumnos/josetost/colcon_ws/src/navigation-grupo-dia-libre-1/build/kobuki_navigation': CMAKE_PREFIX_PATH=/opt/ros/foxy /usr/bin/cmake --install /home/alumnos/josetost/colcon_ws/src/navigation-grupo-dia-libre-1/build/kobuki_navigation
[0.681s] Level 1:colcon.colcon_core.environment:create_environment_scripts_only(kobuki_navigation)
[0.685s] DEBUG:colcon.colcon_core.event_handler.log_command:Invoked command in '/home/alumnos/josetost/colcon_ws/src/navigation-grupo-dia-libre-1/build/kobuki_navigation' returned '0': CMAKE_PREFIX_PATH=/opt/ros/foxy /usr/bin/cmake --install /home/alumnos/josetost/colcon_ws/src/navigation-grupo-dia-libre-1/build/kobuki_navigation
[0.690s] Level 1:colcon.colcon_core.environment:checking '/home/alumnos/josetost/colcon_ws/src/navigation-grupo-dia-libre-1/install/kobuki_navigation' for CMake module files
[0.692s] Level 1:colcon.colcon_core.environment:checking '/home/alumnos/josetost/colcon_ws/src/navigation-grupo-dia-libre-1/install/kobuki_navigation' for CMake config files
[0.697s] Level 1:colcon.colcon_core.shell:create_environment_hook('kobuki_navigation', 'cmake_prefix_path')
[0.698s] INFO:colcon.colcon_core.shell:Creating environment hook '/home/alumnos/josetost/colcon_ws/src/navigation-grupo-dia-libre-1/install/kobuki_navigation/share/kobuki_navigation/hook/cmake_prefix_path.ps1'
[0.705s] INFO:colcon.colcon_core.shell:Creating environment descriptor '/home/alumnos/josetost/colcon_ws/src/navigation-grupo-dia-libre-1/install/kobuki_navigation/share/kobuki_navigation/hook/cmake_prefix_path.dsv'
[0.712s] INFO:colcon.colcon_core.shell:Creating environment hook '/home/alumnos/josetost/colcon_ws/src/navigation-grupo-dia-libre-1/install/kobuki_navigation/share/kobuki_navigation/hook/cmake_prefix_path.sh'
[0.716s] Level 1:colcon.colcon_core.environment:checking '/home/alumnos/josetost/colcon_ws/src/navigation-grupo-dia-libre-1/install/kobuki_navigation/bin'
[0.716s] Level 1:colcon.colcon_core.environment:checking '/home/alumnos/josetost/colcon_ws/src/navigation-grupo-dia-libre-1/install/kobuki_navigation/lib/pkgconfig/kobuki_navigation.pc'
[0.717s] Level 1:colcon.colcon_core.environment:checking '/home/alumnos/josetost/colcon_ws/src/navigation-grupo-dia-libre-1/install/kobuki_navigation/lib/python3.8/site-packages'
[0.718s] INFO:colcon.colcon_core.shell:Creating package script '/home/alumnos/josetost/colcon_ws/src/navigation-grupo-dia-libre-1/install/kobuki_navigation/share/kobuki_navigation/package.ps1'
[0.722s] INFO:colcon.colcon_core.shell:Creating package descriptor '/home/alumnos/josetost/colcon_ws/src/navigation-grupo-dia-libre-1/install/kobuki_navigation/share/kobuki_navigation/package.dsv'
[0.725s] INFO:colcon.colcon_core.shell:Creating package script '/home/alumnos/josetost/colcon_ws/src/navigation-grupo-dia-libre-1/install/kobuki_navigation/share/kobuki_navigation/package.sh'
[0.729s] INFO:colcon.colcon_core.shell:Creating package script '/home/alumnos/josetost/colcon_ws/src/navigation-grupo-dia-libre-1/install/kobuki_navigation/share/kobuki_navigation/package.bash'
[0.732s] INFO:colcon.colcon_core.shell:Creating package script '/home/alumnos/josetost/colcon_ws/src/navigation-grupo-dia-libre-1/install/kobuki_navigation/share/kobuki_navigation/package.zsh'
[0.736s] Level 1:colcon.colcon_core.environment:create_file_with_runtime_dependencies(/home/alumnos/josetost/colcon_ws/src/navigation-grupo-dia-libre-1/install/kobuki_navigation/share/colcon-core/packages/kobuki_navigation)
[0.759s] Level 1:colcon.colcon_core.environment:create_environment_scripts_only(kobuki_navigation)
[0.760s] Level 1:colcon.colcon_core.environment:checking '/home/alumnos/josetost/colcon_ws/src/navigation-grupo-dia-libre-1/install/kobuki_navigation' for CMake module files
[0.762s] Level 1:colcon.colcon_core.environment:checking '/home/alumnos/josetost/colcon_ws/src/navigation-grupo-dia-libre-1/install/kobuki_navigation' for CMake config files
[0.765s] Level 1:colcon.colcon_core.shell:create_environment_hook('kobuki_navigation', 'cmake_prefix_path')
[0.766s] INFO:colcon.colcon_core.shell:Creating environment hook '/home/alumnos/josetost/colcon_ws/src/navigation-grupo-dia-libre-1/install/kobuki_navigation/share/kobuki_navigation/hook/cmake_prefix_path.ps1'
[0.769s] INFO:colcon.colcon_core.shell:Creating environment descriptor '/home/alumnos/josetost/colcon_ws/src/navigation-grupo-dia-libre-1/install/kobuki_navigation/share/kobuki_navigation/hook/cmake_prefix_path.dsv'
[0.771s] INFO:colcon.colcon_core.shell:Creating environment hook '/home/alumnos/josetost/colcon_ws/src/navigation-grupo-dia-libre-1/install/kobuki_navigation/share/kobuki_navigation/hook/cmake_prefix_path.sh'
[0.774s] Level 1:colcon.colcon_core.environment:checking '/home/alumnos/josetost/colcon_ws/src/navigation-grupo-dia-libre-1/install/kobuki_navigation/bin'
[0.774s] Level 1:colcon.colcon_core.environment:checking '/home/alumnos/josetost/colcon_ws/src/navigation-grupo-dia-libre-1/install/kobuki_navigation/lib/pkgconfig/kobuki_navigation.pc'
[0.774s] Level 1:colcon.colcon_core.environment:checking '/home/alumnos/josetost/colcon_ws/src/navigation-grupo-dia-libre-1/install/kobuki_navigation/lib/python3.8/site-packages'
[0.775s] INFO:colcon.colcon_core.shell:Creating package script '/home/alumnos/josetost/colcon_ws/src/navigation-grupo-dia-libre-1/install/kobuki_navigation/share/kobuki_navigation/package.ps1'
[0.778s] INFO:colcon.colcon_core.shell:Creating package descriptor '/home/alumnos/josetost/colcon_ws/src/navigation-grupo-dia-libre-1/install/kobuki_navigation/share/kobuki_navigation/package.dsv'
[0.780s] INFO:colcon.colcon_core.shell:Creating package script '/home/alumnos/josetost/colcon_ws/src/navigation-grupo-dia-libre-1/install/kobuki_navigation/share/kobuki_navigation/package.sh'
[0.783s] INFO:colcon.colcon_core.shell:Creating package script '/home/alumnos/josetost/colcon_ws/src/navigation-grupo-dia-libre-1/install/kobuki_navigation/share/kobuki_navigation/package.bash'
[0.786s] INFO:colcon.colcon_core.shell:Creating package script '/home/alumnos/josetost/colcon_ws/src/navigation-grupo-dia-libre-1/install/kobuki_navigation/share/kobuki_navigation/package.zsh'
[0.789s] Level 1:colcon.colcon_core.environment:create_file_with_runtime_dependencies(/home/alumnos/josetost/colcon_ws/src/navigation-grupo-dia-libre-1/install/kobuki_navigation/share/colcon-core/packages/kobuki_navigation)
[7.266s] DEBUG:colcon.colcon_core.event_handler.log_command:Invoked command in '/home/alumnos/josetost/colcon_ws/src/navigation-grupo-dia-libre-1/build/bt_behavior' returned '0': CMAKE_PREFIX_PATH=/opt/ros/foxy /usr/bin/cmake --build /home/alumnos/josetost/colcon_ws/src/navigation-grupo-dia-libre-1/build/bt_behavior -- -j8 -l8
[7.313s] DEBUG:colcon.colcon_core.event_handler.log_command:Invoking command in '/home/alumnos/josetost/colcon_ws/src/navigation-grupo-dia-libre-1/build/bt_behavior': CMAKE_PREFIX_PATH=/opt/ros/foxy /usr/bin/cmake --install /home/alumnos/josetost/colcon_ws/src/navigation-grupo-dia-libre-1/build/bt_behavior
[7.821s] Level 1:colcon.colcon_core.environment:create_environment_scripts_only(bt_behavior)
[7.824s] Level 1:colcon.colcon_core.environment:checking '/home/alumnos/josetost/colcon_ws/src/navigation-grupo-dia-libre-1/install/bt_behavior' for CMake module files
[7.826s] DEBUG:colcon.colcon_core.event_handler.log_command:Invoked command in '/home/alumnos/josetost/colcon_ws/src/navigation-grupo-dia-libre-1/build/bt_behavior' returned '0': CMAKE_PREFIX_PATH=/opt/ros/foxy /usr/bin/cmake --install /home/alumnos/josetost/colcon_ws/src/navigation-grupo-dia-libre-1/build/bt_behavior
[7.831s] Level 1:colcon.colcon_core.environment:checking '/home/alumnos/josetost/colcon_ws/src/navigation-grupo-dia-libre-1/install/bt_behavior' for CMake config files
[7.838s] Level 1:colcon.colcon_core.shell:create_environment_hook('bt_behavior', 'cmake_prefix_path')
[7.839s] INFO:colcon.colcon_core.shell:Creating environment hook '/home/alumnos/josetost/colcon_ws/src/navigation-grupo-dia-libre-1/install/bt_behavior/share/bt_behavior/hook/cmake_prefix_path.ps1'
[7.843s] INFO:colcon.colcon_core.shell:Creating environment descriptor '/home/alumnos/josetost/colcon_ws/src/navigation-grupo-dia-libre-1/install/bt_behavior/share/bt_behavior/hook/cmake_prefix_path.dsv'
[7.846s] INFO:colcon.colcon_core.shell:Creating environment hook '/home/alumnos/josetost/colcon_ws/src/navigation-grupo-dia-libre-1/install/bt_behavior/share/bt_behavior/hook/cmake_prefix_path.sh'
[7.854s] Level 1:colcon.colcon_core.environment:checking '/home/alumnos/josetost/colcon_ws/src/navigation-grupo-dia-libre-1/install/bt_behavior/lib'
[7.854s] Level 1:colcon.colcon_core.shell:create_environment_hook('bt_behavior', 'ld_library_path_lib')
[7.855s] INFO:colcon.colcon_core.shell:Creating environment hook '/home/alumnos/josetost/colcon_ws/src/navigation-grupo-dia-libre-1/install/bt_behavior/share/bt_behavior/hook/ld_library_path_lib.ps1'
[7.858s] INFO:colcon.colcon_core.shell:Creating environment descriptor '/home/alumnos/josetost/colcon_ws/src/navigation-grupo-dia-libre-1/install/bt_behavior/share/bt_behavior/hook/ld_library_path_lib.dsv'
[7.864s] INFO:colcon.colcon_core.shell:Creating environment hook '/home/alumnos/josetost/colcon_ws/src/navigation-grupo-dia-libre-1/install/bt_behavior/share/bt_behavior/hook/ld_library_path_lib.sh'
[7.870s] Level 1:colcon.colcon_core.environment:checking '/home/alumnos/josetost/colcon_ws/src/navigation-grupo-dia-libre-1/install/bt_behavior/bin'
[7.870s] Level 1:colcon.colcon_core.environment:checking '/home/alumnos/josetost/colcon_ws/src/navigation-grupo-dia-libre-1/install/bt_behavior/lib/pkgconfig/bt_behavior.pc'
[7.871s] Level 1:colcon.colcon_core.environment:checking '/home/alumnos/josetost/colcon_ws/src/navigation-grupo-dia-libre-1/install/bt_behavior/lib/python3.8/site-packages'
[7.873s] INFO:colcon.colcon_core.shell:Creating package script '/home/alumnos/josetost/colcon_ws/src/navigation-grupo-dia-libre-1/install/bt_behavior/share/bt_behavior/package.ps1'
[7.880s] INFO:colcon.colcon_core.shell:Creating package descriptor '/home/alumnos/josetost/colcon_ws/src/navigation-grupo-dia-libre-1/install/bt_behavior/share/bt_behavior/package.dsv'
[7.884s] INFO:colcon.colcon_core.shell:Creating package script '/home/alumnos/josetost/colcon_ws/src/navigation-grupo-dia-libre-1/install/bt_behavior/share/bt_behavior/package.sh'
[7.891s] INFO:colcon.colcon_core.shell:Creating package script '/home/alumnos/josetost/colcon_ws/src/navigation-grupo-dia-libre-1/install/bt_behavior/share/bt_behavior/package.bash'
[7.894s] INFO:colcon.colcon_core.shell:Creating package script '/home/alumnos/josetost/colcon_ws/src/navigation-grupo-dia-libre-1/install/bt_behavior/share/bt_behavior/package.zsh'
[7.899s] Level 1:colcon.colcon_core.environment:create_file_with_runtime_dependencies(/home/alumnos/josetost/colcon_ws/src/navigation-grupo-dia-libre-1/install/bt_behavior/share/colcon-core/packages/bt_behavior)
[7.949s] Level 1:colcon.colcon_core.environment:create_environment_scripts_only(bt_behavior)
[7.950s] Level 1:colcon.colcon_core.environment:checking '/home/alumnos/josetost/colcon_ws/src/navigation-grupo-dia-libre-1/install/bt_behavior' for CMake module files
[7.953s] Level 1:colcon.colcon_core.environment:checking '/home/alumnos/josetost/colcon_ws/src/navigation-grupo-dia-libre-1/install/bt_behavior' for CMake config files
[7.957s] Level 1:colcon.colcon_core.shell:create_environment_hook('bt_behavior', 'cmake_prefix_path')
[7.958s] INFO:colcon.colcon_core.shell:Creating environment hook '/home/alumnos/josetost/colcon_ws/src/navigation-grupo-dia-libre-1/install/bt_behavior/share/bt_behavior/hook/cmake_prefix_path.ps1'
[7.961s] INFO:colcon.colcon_core.shell:Creating environment descriptor '/home/alumnos/josetost/colcon_ws/src/navigation-grupo-dia-libre-1/install/bt_behavior/share/bt_behavior/hook/cmake_prefix_path.dsv'
[7.963s] INFO:colcon.colcon_core.shell:Creating environment hook '/home/alumnos/josetost/colcon_ws/src/navigation-grupo-dia-libre-1/install/bt_behavior/share/bt_behavior/hook/cmake_prefix_path.sh'
[7.966s] Level 1:colcon.colcon_core.environment:checking '/home/alumnos/josetost/colcon_ws/src/navigation-grupo-dia-libre-1/install/bt_behavior/lib'
[7.966s] Level 1:colcon.colcon_core.shell:create_environment_hook('bt_behavior', 'ld_library_path_lib')
[7.967s] INFO:colcon.colcon_core.shell:Creating environment hook '/home/alumnos/josetost/colcon_ws/src/navigation-grupo-dia-libre-1/install/bt_behavior/share/bt_behavior/hook/ld_library_path_lib.ps1'
[7.970s] INFO:colcon.colcon_core.shell:Creating environment descriptor '/home/alumnos/josetost/colcon_ws/src/navigation-grupo-dia-libre-1/install/bt_behavior/share/bt_behavior/hook/ld_library_path_lib.dsv'
[7.972s] INFO:colcon.colcon_core.shell:Creating environment hook '/home/alumnos/josetost/colcon_ws/src/navigation-grupo-dia-libre-1/install/bt_behavior/share/bt_behavior/hook/ld_library_path_lib.sh'
[7.975s] Level 1:colcon.colcon_core.environment:checking '/home/alumnos/josetost/colcon_ws/src/navigation-grupo-dia-libre-1/install/bt_behavior/bin'
[7.975s] Level 1:colcon.colcon_core.environment:checking '/home/alumnos/josetost/colcon_ws/src/navigation-grupo-dia-libre-1/install/bt_behavior/lib/pkgconfig/bt_behavior.pc'
[7.976s] Level 1:colcon.colcon_core.environment:checking '/home/alumnos/josetost/colcon_ws/src/navigation-grupo-dia-libre-1/install/bt_behavior/lib/python3.8/site-packages'
[7.977s] INFO:colcon.colcon_core.shell:Creating package script '/home/alumnos/josetost/colcon_ws/src/navigation-grupo-dia-libre-1/install/bt_behavior/share/bt_behavior/package.ps1'
[7.980s] INFO:colcon.colcon_core.shell:Creating package descriptor '/home/alumnos/josetost/colcon_ws/src/navigation-grupo-dia-libre-1/install/bt_behavior/share/bt_behavior/package.dsv'
[7.983s] INFO:colcon.colcon_core.shell:Creating package script '/home/alumnos/josetost/colcon_ws/src/navigation-grupo-dia-libre-1/install/bt_behavior/share/bt_behavior/package.sh'
[7.986s] INFO:colcon.colcon_core.shell:Creating package script '/home/alumnos/josetost/colcon_ws/src/navigation-grupo-dia-libre-1/install/bt_behavior/share/bt_behavior/package.bash'
[7.989s] INFO:colcon.colcon_core.shell:Creating package script '/home/alumnos/josetost/colcon_ws/src/navigation-grupo-dia-libre-1/install/bt_behavior/share/bt_behavior/package.zsh'
[7.993s] Level 1:colcon.colcon_core.environment:create_file_with_runtime_dependencies(/home/alumnos/josetost/colcon_ws/src/navigation-grupo-dia-libre-1/install/bt_behavior/share/colcon-core/packages/bt_behavior)
[7.995s] DEBUG:colcon.colcon_parallel_executor.executor.parallel:closing loop
[7.996s] DEBUG:colcon.colcon_parallel_executor.executor.parallel:loop closed
[7.996s] DEBUG:colcon.colcon_parallel_executor.executor.parallel:run_until_complete finished with '0'
[7.997s] DEBUG:colcon.colcon_core.event_reactor:joining thread
[8.014s] INFO:colcon.colcon_core.plugin_system:Skipping extension 'colcon_notification.desktop_notification.terminal_notifier': Not used on non-Darwin systems
[8.014s] INFO:colcon.colcon_core.plugin_system:Skipping extension 'colcon_notification.desktop_notification.win32': Not used on non-Windows systems
[8.015s] INFO:colcon.colcon_notification.desktop_notification:Sending desktop notification using 'notify2'
[8.036s] DEBUG:colcon.colcon_core.event_reactor:joined thread
[8.037s] INFO:colcon.colcon_core.shell:Creating prefix script '/home/alumnos/josetost/colcon_ws/src/navigation-grupo-dia-libre-1/install/local_setup.ps1'
[8.041s] INFO:colcon.colcon_core.shell:Creating prefix util module '/home/alumnos/josetost/colcon_ws/src/navigation-grupo-dia-libre-1/install/_local_setup_util_ps1.py'
[8.046s] INFO:colcon.colcon_core.shell:Creating prefix chain script '/home/alumnos/josetost/colcon_ws/src/navigation-grupo-dia-libre-1/install/setup.ps1'
[8.051s] INFO:colcon.colcon_core.shell:Creating prefix script '/home/alumnos/josetost/colcon_ws/src/navigation-grupo-dia-libre-1/install/local_setup.sh'
[8.055s] INFO:colcon.colcon_core.shell:Creating prefix util module '/home/alumnos/josetost/colcon_ws/src/navigation-grupo-dia-libre-1/install/_local_setup_util_sh.py'
[8.059s] INFO:colcon.colcon_core.shell:Creating prefix chain script '/home/alumnos/josetost/colcon_ws/src/navigation-grupo-dia-libre-1/install/setup.sh'
[8.068s] INFO:colcon.colcon_core.shell:Creating prefix script '/home/alumnos/josetost/colcon_ws/src/navigation-grupo-dia-libre-1/install/local_setup.bash'
[8.072s] INFO:colcon.colcon_core.shell:Creating prefix chain script '/home/alumnos/josetost/colcon_ws/src/navigation-grupo-dia-libre-1/install/setup.bash'
[8.080s] INFO:colcon.colcon_core.shell:Creating prefix script '/home/alumnos/josetost/colcon_ws/src/navigation-grupo-dia-libre-1/install/local_setup.zsh'
[8.084s] INFO:colcon.colcon_core.shell:Creating prefix chain script '/home/alumnos/josetost/colcon_ws/src/navigation-grupo-dia-libre-1/install/setup.zsh'
