[0.000000] (-) TimerEvent: {}
[0.001284] (bt_behavior) JobQueued: {'identifier': 'bt_behavior', 'dependencies': OrderedDict()}
[0.005560] (kobuki_navigation) JobQueued: {'identifier': 'kobuki_navigation', 'dependencies': OrderedDict()}
[0.005693] (bt_behavior) JobStarted: {'identifier': 'bt_behavior'}
[0.021390] (kobuki_navigation) JobStarted: {'identifier': 'kobuki_navigation'}
[0.051832] (bt_behavior) JobProgress: {'identifier': 'bt_behavior', 'progress': 'cmake'}
[0.056855] (bt_behavior) Command: {'cmd': ['/usr/bin/cmake', '/home/alumnos/josetost/colcon_ws/src/navigation-grupo-dia-libre-1/bt_behavior', '-DAMENT_CMAKE_SYMLINK_INSTALL=1', '-DCMAKE_INSTALL_PREFIX=/home/alumnos/josetost/colcon_ws/src/navigation-grupo-dia-libre-1/install/bt_behavior'], 'cwd': '/home/alumnos/josetost/colcon_ws/src/navigation-grupo-dia-libre-1/build/bt_behavior', 'env': OrderedDict([('GJS_DEBUG_TOPICS', 'JS ERROR;JS LOG'), ('USER', 'josetost'), ('SSH_AGENT_PID', '101560'), ('XDG_SESSION_TYPE', 'x11'), ('SHLVL', '1'), ('LD_LIBRARY_PATH', '/usr/lib/x86_64-linux-gnu/gazebo-11/plugins:/opt/ros/foxy/opt/yaml_cpp_vendor/lib:/opt/ros/foxy/opt/rviz_ogre_vendor/lib:/opt/ros/foxy/lib/x86_64-linux-gnu:/opt/ros/foxy/lib'), ('HOME', '/home/alumnos/josetost'), ('OLDPWD', '/home/alumnos/josetost/colcon_ws/src'), ('DESKTOP_SESSION', 'ubuntu'), ('ROS_PYTHON_VERSION', '3'), ('GNOME_SHELL_SESSION_MODE', 'ubuntu'), ('GTK_MODULES', 'gail:atk-bridge'), ('MANAGERPID', '101376'), ('GOROOT', '/usr/lib/go'), ('DBUS_SESSION_BUS_ADDRESS', 'unix:path=/run/user/9374/bus'), ('MESG', 'y'), ('COLORTERM', 'truecolor'), ('MANDATORY_PATH', '/usr/share/gconf/ubuntu.mandatory.path'), ('IM_CONFIG_PHASE', '1'), ('COLCON_PREFIX_PATH', '/home/alumnos/josetost/colcon_ws/install'), ('ROS_DISTRO', 'foxy'), ('LOGNAME', 'josetost'), ('JOURNAL_STREAM', '8:438354'), ('_', '/usr/bin/colcon'), ('ROS_VERSION', '2'), ('XDG_SESSION_CLASS', 'user'), ('DEFAULTS_PATH', '/usr/share/gconf/ubuntu.default.path'), ('USERNAME', 'josetost'), ('TERM', 'xterm-256color'), ('GNOME_DESKTOP_SESSION_ID', 'this-is-deprecated'), ('ROS_LOCALHOST_ONLY', '0'), ('WINDOWPATH', '2'), ('PATH', '/opt/ros/foxy/bin:/usr/local/sbin:/usr/local/bin:/usr/sbin:/usr/bin:/sbin:/bin:/usr/games:/usr/local/games:/usr/lib/go/bin:/opt/puppetlabs/bin/:./'), ('SESSION_MANAGER', 'local/f-l3210-pc24:@/tmp/.ICE-unix/101600,unix/f-l3210-pc24:/tmp/.ICE-unix/101600'), ('INVOCATION_ID', 'efc7516a5ce74a559c7c41caa41e7e04'), ('XDG_MENU_PREFIX', 'gnome-'), ('GNOME_TERMINAL_SCREEN', '/org/gnome/Terminal/screen/3a0758d9_5180_400d_b53e_98a4498e02ac'), ('XDG_RUNTIME_DIR', '/run/user/9374'), ('DISPLAY', ':0'), ('LANG', 'es_ES.UTF-8'), ('XDG_CURRENT_DESKTOP', 'ubuntu:GNOME'), ('XMODIFIERS', '@im=ibus'), ('XDG_SESSION_DESKTOP', 'ubuntu'), ('XAUTHORITY', '/run/user/9374/gdm/Xauthority'), ('GNOME_TERMINAL_SERVICE', ':1.109'), ('SSH_AUTH_SOCK', '/run/user/9374/keyring/ssh'), ('ROS_DOMAIN_ID', '22'), ('AMENT_PREFIX_PATH', '/opt/ros/foxy'), ('SHELL', '/bin/bash'), ('QT_ACCESSIBILITY', '1'), ('ROS_MASTER_URI', 'http://f-l3202-pc24:11332/'), ('GDMSESSION', 'ubuntu'), ('GPG_AGENT_INFO', '/run/user/9374/gnupg/S.gpg-agent:0:1'), ('GJS_DEBUG_OUTPUT', 'stderr'), ('QT_IM_MODULE', 'ibus'), ('PWD', '/home/alumnos/josetost/colcon_ws/src/navigation-grupo-dia-libre-1/build/bt_behavior'), ('XDG_CONFIG_DIRS', '/etc/xdg/xdg-ubuntu:/etc/xdg'), ('XDG_DATA_DIRS', '/usr/share/ubuntu:/usr/local/share/:/usr/share/'), ('PYTHONPATH', '/opt/ros/foxy/lib/python3.8/site-packages'), ('COLCON', '1'), ('MANPATH', ':/opt/puppetlabs/puppet/share/man'), ('VTE_VERSION', '6003'), ('EDITOR', '/usr/bin/vim'), ('CMAKE_PREFIX_PATH', '/opt/ros/foxy')]), 'shell': False}
[0.071737] (kobuki_navigation) JobProgress: {'identifier': 'kobuki_navigation', 'progress': 'cmake'}
[0.077836] (kobuki_navigation) JobProgress: {'identifier': 'kobuki_navigation', 'progress': 'build'}
[0.079417] (kobuki_navigation) Command: {'cmd': ['/usr/bin/cmake', '--build', '/home/alumnos/josetost/colcon_ws/src/navigation-grupo-dia-libre-1/build/kobuki_navigation', '--', '-j8', '-l8'], 'cwd': '/home/alumnos/josetost/colcon_ws/src/navigation-grupo-dia-libre-1/build/kobuki_navigation', 'env': OrderedDict([('GJS_DEBUG_TOPICS', 'JS ERROR;JS LOG'), ('USER', 'josetost'), ('SSH_AGENT_PID', '101560'), ('XDG_SESSION_TYPE', 'x11'), ('SHLVL', '1'), ('LD_LIBRARY_PATH', '/usr/lib/x86_64-linux-gnu/gazebo-11/plugins:/opt/ros/foxy/opt/yaml_cpp_vendor/lib:/opt/ros/foxy/opt/rviz_ogre_vendor/lib:/opt/ros/foxy/lib/x86_64-linux-gnu:/opt/ros/foxy/lib'), ('HOME', '/home/alumnos/josetost'), ('OLDPWD', '/home/alumnos/josetost/colcon_ws/src'), ('DESKTOP_SESSION', 'ubuntu'), ('ROS_PYTHON_VERSION', '3'), ('GNOME_SHELL_SESSION_MODE', 'ubuntu'), ('GTK_MODULES', 'gail:atk-bridge'), ('MANAGERPID', '101376'), ('GOROOT', '/usr/lib/go'), ('DBUS_SESSION_BUS_ADDRESS', 'unix:path=/run/user/9374/bus'), ('MESG', 'y'), ('COLORTERM', 'truecolor'), ('MANDATORY_PATH', '/usr/share/gconf/ubuntu.mandatory.path'), ('IM_CONFIG_PHASE', '1'), ('COLCON_PREFIX_PATH', '/home/alumnos/josetost/colcon_ws/install'), ('ROS_DISTRO', 'foxy'), ('LOGNAME', 'josetost'), ('JOURNAL_STREAM', '8:438354'), ('_', '/usr/bin/colcon'), ('ROS_VERSION', '2'), ('XDG_SESSION_CLASS', 'user'), ('DEFAULTS_PATH', '/usr/share/gconf/ubuntu.default.path'), ('USERNAME', 'josetost'), ('TERM', 'xterm-256color'), ('GNOME_DESKTOP_SESSION_ID', 'this-is-deprecated'), ('ROS_LOCALHOST_ONLY', '0'), ('WINDOWPATH', '2'), ('PATH', '/opt/ros/foxy/bin:/usr/local/sbin:/usr/local/bin:/usr/sbin:/usr/bin:/sbin:/bin:/usr/games:/usr/local/games:/usr/lib/go/bin:/opt/puppetlabs/bin/:./'), ('SESSION_MANAGER', 'local/f-l3210-pc24:@/tmp/.ICE-unix/101600,unix/f-l3210-pc24:/tmp/.ICE-unix/101600'), ('INVOCATION_ID', 'efc7516a5ce74a559c7c41caa41e7e04'), ('XDG_MENU_PREFIX', 'gnome-'), ('GNOME_TERMINAL_SCREEN', '/org/gnome/Terminal/screen/3a0758d9_5180_400d_b53e_98a4498e02ac'), ('XDG_RUNTIME_DIR', '/run/user/9374'), ('DISPLAY', ':0'), ('LANG', 'es_ES.UTF-8'), ('XDG_CURRENT_DESKTOP', 'ubuntu:GNOME'), ('XMODIFIERS', '@im=ibus'), ('XDG_SESSION_DESKTOP', 'ubuntu'), ('XAUTHORITY', '/run/user/9374/gdm/Xauthority'), ('GNOME_TERMINAL_SERVICE', ':1.109'), ('SSH_AUTH_SOCK', '/run/user/9374/keyring/ssh'), ('ROS_DOMAIN_ID', '22'), ('AMENT_PREFIX_PATH', '/opt/ros/foxy'), ('SHELL', '/bin/bash'), ('QT_ACCESSIBILITY', '1'), ('ROS_MASTER_URI', 'http://f-l3202-pc24:11332/'), ('GDMSESSION', 'ubuntu'), ('GPG_AGENT_INFO', '/run/user/9374/gnupg/S.gpg-agent:0:1'), ('GJS_DEBUG_OUTPUT', 'stderr'), ('QT_IM_MODULE', 'ibus'), ('PWD', '/home/alumnos/josetost/colcon_ws/src/navigation-grupo-dia-libre-1/build/kobuki_navigation'), ('XDG_CONFIG_DIRS', '/etc/xdg/xdg-ubuntu:/etc/xdg'), ('XDG_DATA_DIRS', '/usr/share/ubuntu:/usr/local/share/:/usr/share/'), ('PYTHONPATH', '/opt/ros/foxy/lib/python3.8/site-packages'), ('COLCON', '1'), ('MANPATH', ':/opt/puppetlabs/puppet/share/man'), ('VTE_VERSION', '6003'), ('EDITOR', '/usr/bin/vim'), ('CMAKE_PREFIX_PATH', '/opt/ros/foxy')]), 'shell': False}
[0.088905] (bt_behavior) StdoutLine: {'line': b'-- Found ament_cmake: 0.9.9 (/opt/ros/foxy/share/ament_cmake/cmake)\n'}
[0.098938] (-) TimerEvent: {}
[0.120642] (bt_behavior) StdoutLine: {'line': b'-- Using PYTHON_EXECUTABLE: /usr/bin/python3\n'}
[0.150743] (kobuki_navigation) CommandEnded: {'returncode': 0}
[0.172387] (kobuki_navigation) JobProgress: {'identifier': 'kobuki_navigation', 'progress': 'install'}
[0.185127] (kobuki_navigation) Command: {'cmd': ['/usr/bin/cmake', '--install', '/home/alumnos/josetost/colcon_ws/src/navigation-grupo-dia-libre-1/build/kobuki_navigation'], 'cwd': '/home/alumnos/josetost/colcon_ws/src/navigation-grupo-dia-libre-1/build/kobuki_navigation', 'env': OrderedDict([('GJS_DEBUG_TOPICS', 'JS ERROR;JS LOG'), ('USER', 'josetost'), ('SSH_AGENT_PID', '101560'), ('XDG_SESSION_TYPE', 'x11'), ('SHLVL', '1'), ('LD_LIBRARY_PATH', '/usr/lib/x86_64-linux-gnu/gazebo-11/plugins:/opt/ros/foxy/opt/yaml_cpp_vendor/lib:/opt/ros/foxy/opt/rviz_ogre_vendor/lib:/opt/ros/foxy/lib/x86_64-linux-gnu:/opt/ros/foxy/lib'), ('HOME', '/home/alumnos/josetost'), ('OLDPWD', '/home/alumnos/josetost/colcon_ws/src'), ('DESKTOP_SESSION', 'ubuntu'), ('ROS_PYTHON_VERSION', '3'), ('GNOME_SHELL_SESSION_MODE', 'ubuntu'), ('GTK_MODULES', 'gail:atk-bridge'), ('MANAGERPID', '101376'), ('GOROOT', '/usr/lib/go'), ('DBUS_SESSION_BUS_ADDRESS', 'unix:path=/run/user/9374/bus'), ('MESG', 'y'), ('COLORTERM', 'truecolor'), ('MANDATORY_PATH', '/usr/share/gconf/ubuntu.mandatory.path'), ('IM_CONFIG_PHASE', '1'), ('COLCON_PREFIX_PATH', '/home/alumnos/josetost/colcon_ws/install'), ('ROS_DISTRO', 'foxy'), ('LOGNAME', 'josetost'), ('JOURNAL_STREAM', '8:438354'), ('_', '/usr/bin/colcon'), ('ROS_VERSION', '2'), ('XDG_SESSION_CLASS', 'user'), ('DEFAULTS_PATH', '/usr/share/gconf/ubuntu.default.path'), ('USERNAME', 'josetost'), ('TERM', 'xterm-256color'), ('GNOME_DESKTOP_SESSION_ID', 'this-is-deprecated'), ('ROS_LOCALHOST_ONLY', '0'), ('WINDOWPATH', '2'), ('PATH', '/opt/ros/foxy/bin:/usr/local/sbin:/usr/local/bin:/usr/sbin:/usr/bin:/sbin:/bin:/usr/games:/usr/local/games:/usr/lib/go/bin:/opt/puppetlabs/bin/:./'), ('SESSION_MANAGER', 'local/f-l3210-pc24:@/tmp/.ICE-unix/101600,unix/f-l3210-pc24:/tmp/.ICE-unix/101600'), ('INVOCATION_ID', 'efc7516a5ce74a559c7c41caa41e7e04'), ('XDG_MENU_PREFIX', 'gnome-'), ('GNOME_TERMINAL_SCREEN', '/org/gnome/Terminal/screen/3a0758d9_5180_400d_b53e_98a4498e02ac'), ('XDG_RUNTIME_DIR', '/run/user/9374'), ('DISPLAY', ':0'), ('LANG', 'es_ES.UTF-8'), ('XDG_CURRENT_DESKTOP', 'ubuntu:GNOME'), ('XMODIFIERS', '@im=ibus'), ('XDG_SESSION_DESKTOP', 'ubuntu'), ('XAUTHORITY', '/run/user/9374/gdm/Xauthority'), ('GNOME_TERMINAL_SERVICE', ':1.109'), ('SSH_AUTH_SOCK', '/run/user/9374/keyring/ssh'), ('ROS_DOMAIN_ID', '22'), ('AMENT_PREFIX_PATH', '/opt/ros/foxy'), ('SHELL', '/bin/bash'), ('QT_ACCESSIBILITY', '1'), ('ROS_MASTER_URI', 'http://f-l3202-pc24:11332/'), ('GDMSESSION', 'ubuntu'), ('GPG_AGENT_INFO', '/run/user/9374/gnupg/S.gpg-agent:0:1'), ('GJS_DEBUG_OUTPUT', 'stderr'), ('QT_IM_MODULE', 'ibus'), ('PWD', '/home/alumnos/josetost/colcon_ws/src/navigation-grupo-dia-libre-1/build/kobuki_navigation'), ('XDG_CONFIG_DIRS', '/etc/xdg/xdg-ubuntu:/etc/xdg'), ('XDG_DATA_DIRS', '/usr/share/ubuntu:/usr/local/share/:/usr/share/'), ('PYTHONPATH', '/opt/ros/foxy/lib/python3.8/site-packages'), ('COLCON', '1'), ('MANPATH', ':/opt/puppetlabs/puppet/share/man'), ('VTE_VERSION', '6003'), ('EDITOR', '/usr/bin/vim'), ('CMAKE_PREFIX_PATH', '/opt/ros/foxy')]), 'shell': False}
[0.195618] (kobuki_navigation) StdoutLine: {'line': b'-- Install configuration: ""\n'}
[0.199014] (-) TimerEvent: {}
[0.201237] (kobuki_navigation) StdoutLine: {'line': b'-- Execute custom install script\n'}
[0.207908] (kobuki_navigation) StdoutLine: {'line': b'-- Up-to-date symlink: /home/alumnos/josetost/colcon_ws/src/navigation-grupo-dia-libre-1/install/kobuki_navigation/share/kobuki_navigation/launch/kobuki_navigation.launch.py\n'}
[0.209264] (kobuki_navigation) StdoutLine: {'line': b'-- Up-to-date symlink: /home/alumnos/josetost/colcon_ws/src/navigation-grupo-dia-libre-1/install/kobuki_navigation/share/kobuki_navigation/launch/navigation_launch.py\n'}
[0.212017] (kobuki_navigation) StdoutLine: {'line': b'-- Up-to-date symlink: /home/alumnos/josetost/colcon_ws/src/navigation-grupo-dia-libre-1/install/kobuki_navigation/share/kobuki_navigation/params/kobuki_nav_params.yaml\n'}
[0.213468] (kobuki_navigation) StdoutLine: {'line': b'-- Up-to-date symlink: /home/alumnos/josetost/colcon_ws/src/navigation-grupo-dia-libre-1/install/kobuki_navigation/share/kobuki_navigation/params/mapper_params_online_async.yaml\n'}
[0.216325] (kobuki_navigation) StdoutLine: {'line': b'-- Up-to-date symlink: /home/alumnos/josetost/colcon_ws/src/navigation-grupo-dia-libre-1/install/kobuki_navigation/share/kobuki_navigation/maps/aws_map.pgm\n'}
[0.218036] (kobuki_navigation) StdoutLine: {'line': b'-- Up-to-date symlink: /home/alumnos/josetost/colcon_ws/src/navigation-grupo-dia-libre-1/install/kobuki_navigation/share/kobuki_navigation/maps/aws_map.yaml\n'}
[0.219686] (kobuki_navigation) StdoutLine: {'line': b'-- Up-to-date symlink: /home/alumnos/josetost/colcon_ws/src/navigation-grupo-dia-libre-1/install/kobuki_navigation/share/kobuki_navigation/maps/competition.pgm\n'}
[0.221266] (kobuki_navigation) StdoutLine: {'line': b'-- Up-to-date symlink: /home/alumnos/josetost/colcon_ws/src/navigation-grupo-dia-libre-1/install/kobuki_navigation/share/kobuki_navigation/maps/competition.yaml\n'}
[0.222745] (kobuki_navigation) StdoutLine: {'line': b'-- Up-to-date symlink: /home/alumnos/josetost/colcon_ws/src/navigation-grupo-dia-libre-1/install/kobuki_navigation/share/kobuki_navigation/maps/home.pgm\n'}
[0.224180] (kobuki_navigation) StdoutLine: {'line': b'-- Up-to-date symlink: /home/alumnos/josetost/colcon_ws/src/navigation-grupo-dia-libre-1/install/kobuki_navigation/share/kobuki_navigation/maps/home.yaml\n'}
[0.226800] (kobuki_navigation) StdoutLine: {'line': b'-- Up-to-date symlink: /home/alumnos/josetost/colcon_ws/src/navigation-grupo-dia-libre-1/install/kobuki_navigation/share/ament_index/resource_index/package_run_dependencies/kobuki_navigation\n'}
[0.228873] (kobuki_navigation) StdoutLine: {'line': b'-- Up-to-date symlink: /home/alumnos/josetost/colcon_ws/src/navigation-grupo-dia-libre-1/install/kobuki_navigation/share/ament_index/resource_index/parent_prefix_path/kobuki_navigation\n'}
[0.230752] (kobuki_navigation) StdoutLine: {'line': b'-- Up-to-date symlink: /home/alumnos/josetost/colcon_ws/src/navigation-grupo-dia-libre-1/install/kobuki_navigation/share/kobuki_navigation/environment/ament_prefix_path.sh\n'}
[0.232749] (kobuki_navigation) StdoutLine: {'line': b'-- Up-to-date symlink: /home/alumnos/josetost/colcon_ws/src/navigation-grupo-dia-libre-1/install/kobuki_navigation/share/kobuki_navigation/environment/ament_prefix_path.dsv\n'}
[0.234451] (kobuki_navigation) StdoutLine: {'line': b'-- Up-to-date symlink: /home/alumnos/josetost/colcon_ws/src/navigation-grupo-dia-libre-1/install/kobuki_navigation/share/kobuki_navigation/environment/path.sh\n'}
[0.236489] (kobuki_navigation) StdoutLine: {'line': b'-- Up-to-date symlink: /home/alumnos/josetost/colcon_ws/src/navigation-grupo-dia-libre-1/install/kobuki_navigation/share/kobuki_navigation/environment/path.dsv\n'}
[0.238421] (kobuki_navigation) StdoutLine: {'line': b'-- Up-to-date symlink: /home/alumnos/josetost/colcon_ws/src/navigation-grupo-dia-libre-1/install/kobuki_navigation/share/kobuki_navigation/local_setup.bash\n'}
[0.240099] (kobuki_navigation) StdoutLine: {'line': b'-- Up-to-date symlink: /home/alumnos/josetost/colcon_ws/src/navigation-grupo-dia-libre-1/install/kobuki_navigation/share/kobuki_navigation/local_setup.sh\n'}
[0.241851] (kobuki_navigation) StdoutLine: {'line': b'-- Up-to-date symlink: /home/alumnos/josetost/colcon_ws/src/navigation-grupo-dia-libre-1/install/kobuki_navigation/share/kobuki_navigation/local_setup.zsh\n'}
[0.243768] (kobuki_navigation) StdoutLine: {'line': b'-- Up-to-date symlink: /home/alumnos/josetost/colcon_ws/src/navigation-grupo-dia-libre-1/install/kobuki_navigation/share/kobuki_navigation/local_setup.dsv\n'}
[0.245593] (kobuki_navigation) StdoutLine: {'line': b'-- Symlinking: /home/alumnos/josetost/colcon_ws/src/navigation-grupo-dia-libre-1/install/kobuki_navigation/share/kobuki_navigation/package.dsv\n'}
[0.259829] (kobuki_navigation) StdoutLine: {'line': b'-- Up-to-date symlink: /home/alumnos/josetost/colcon_ws/src/navigation-grupo-dia-libre-1/install/kobuki_navigation/share/ament_index/resource_index/packages/kobuki_navigation\n'}
[0.262052] (kobuki_navigation) StdoutLine: {'line': b'-- Up-to-date symlink: /home/alumnos/josetost/colcon_ws/src/navigation-grupo-dia-libre-1/install/kobuki_navigation/share/kobuki_navigation/cmake/kobuki_navigationConfig.cmake\n'}
[0.263564] (kobuki_navigation) StdoutLine: {'line': b'-- Up-to-date symlink: /home/alumnos/josetost/colcon_ws/src/navigation-grupo-dia-libre-1/install/kobuki_navigation/share/kobuki_navigation/cmake/kobuki_navigationConfig-version.cmake\n'}
[0.265101] (kobuki_navigation) StdoutLine: {'line': b'-- Up-to-date symlink: /home/alumnos/josetost/colcon_ws/src/navigation-grupo-dia-libre-1/install/kobuki_navigation/share/kobuki_navigation/package.xml\n'}
[0.267905] (kobuki_navigation) CommandEnded: {'returncode': 0}
[0.299139] (-) TimerEvent: {}
[0.393334] (kobuki_navigation) JobEnded: {'identifier': 'kobuki_navigation', 'rc': 0}
[0.399204] (-) TimerEvent: {}
[0.499537] (-) TimerEvent: {}
[0.510923] (bt_behavior) StdoutLine: {'line': b'-- Override CMake install command with custom implementation using symlinks instead of copying resources\n'}
[0.542390] (bt_behavior) StdoutLine: {'line': b'-- Found rclcpp: 2.4.1 (/opt/ros/foxy/share/rclcpp/cmake)\n'}
[0.599665] (-) TimerEvent: {}
[0.599963] (bt_behavior) StdoutLine: {'line': b'-- Using all available rosidl_typesupport_c: rosidl_typesupport_fastrtps_c;rosidl_typesupport_introspection_c\n'}
[0.605877] (bt_behavior) StdoutLine: {'line': b'-- Found rosidl_adapter: 1.2.1 (/opt/ros/foxy/share/rosidl_adapter/cmake)\n'}
[0.699800] (-) TimerEvent: {}
[0.800178] (-) TimerEvent: {}
[0.814757] (bt_behavior) StdoutLine: {'line': b'-- Using all available rosidl_typesupport_cpp: rosidl_typesupport_fastrtps_cpp;rosidl_typesupport_introspection_cpp\n'}
[0.880535] (bt_behavior) StdoutLine: {'line': b'-- Found rmw_implementation_cmake: 1.0.3 (/opt/ros/foxy/share/rmw_implementation_cmake/cmake)\n'}
[0.882342] (bt_behavior) StdoutLine: {'line': b"-- Using RMW implementation 'rmw_fastrtps_cpp' as default\n"}
[0.900255] (-) TimerEvent: {}
[1.000549] (-) TimerEvent: {}
[1.074207] (bt_behavior) StdoutLine: {'line': b'-- Found rclcpp_lifecycle: 2.4.1 (/opt/ros/foxy/share/rclcpp_lifecycle/cmake)\n'}
[1.100639] (-) TimerEvent: {}
[1.113772] (bt_behavior) StdoutLine: {'line': b'-- Found rclcpp_action: 2.4.1 (/opt/ros/foxy/share/rclcpp_action/cmake)\n'}
[1.200749] (-) TimerEvent: {}
[1.214269] (bt_behavior) StdoutLine: {'line': b'-- Found behaviortree_cpp_v3: 3.6.0 (/opt/ros/foxy/share/behaviortree_cpp_v3/cmake)\n'}
[1.216802] (bt_behavior) StdoutLine: {'line': b'-- Found geometry_msgs: 2.0.5 (/opt/ros/foxy/share/geometry_msgs/cmake)\n'}
[1.293049] (bt_behavior) StdoutLine: {'line': b'-- Found nav2_msgs: 0.4.7 (/opt/ros/foxy/share/nav2_msgs/cmake)\n'}
[1.300835] (-) TimerEvent: {}
[1.401147] (-) TimerEvent: {}
[1.501509] (-) TimerEvent: {}
[1.601912] (-) TimerEvent: {}
[1.702261] (-) TimerEvent: {}
[1.788344] (bt_behavior) StdoutLine: {'line': b'-- Found ament_index_cpp: 1.1.0 (/opt/ros/foxy/share/ament_index_cpp/cmake)\n'}
[1.802359] (-) TimerEvent: {}
[1.803919] (bt_behavior) StdoutLine: {'line': b'-- Found ZMQ: /usr/lib/x86_64-linux-gnu/libzmq.so  \n'}
[1.804165] (bt_behavior) StdoutLine: {'line': b'-- ZeroMQ found.\n'}
[1.865698] (bt_behavior) StdoutLine: {'line': b'-- Found ament_lint_auto: 0.9.6 (/opt/ros/foxy/share/ament_lint_auto/cmake)\n'}
[1.902504] (-) TimerEvent: {}
[2.002990] (-) TimerEvent: {}
[2.103514] (-) TimerEvent: {}
[2.204072] (-) TimerEvent: {}
[2.272714] (bt_behavior) StdoutLine: {'line': b"-- Found gtest sources under '/opt/ros/foxy/src/gtest_vendor': C++ tests using 'Google Test' will be built\n"}
[2.282821] (bt_behavior) StdoutLine: {'line': b'-- Check if compiler accepts -pthread\n'}
[2.304148] (-) TimerEvent: {}
[2.404471] (-) TimerEvent: {}
[2.504956] (-) TimerEvent: {}
[2.505850] (bt_behavior) StdoutLine: {'line': b'-- Check if compiler accepts -pthread - yes\n'}
[2.605086] (-) TimerEvent: {}
[2.620712] (bt_behavior) StdoutLine: {'line': b"-- Added test 'copyright' to check source files copyright and LICENSE\n"}
[2.649072] (bt_behavior) StdoutLine: {'line': b"-- Added test 'cppcheck' to perform static code analysis on C / C++ code\n"}
[2.650281] (bt_behavior) StdoutLine: {'line': b'-- Configured cppcheck include dirs: /home/alumnos/josetost/colcon_ws/src/navigation-grupo-dia-libre-1/bt_behavior/include\n'}
[2.650897] (bt_behavior) StdoutLine: {'line': b'-- Configured cppcheck exclude dirs and/or files: \n'}
[2.678832] (bt_behavior) StdoutLine: {'line': b"-- Added test 'cpplint' to check C / C++ code against the Google style\n"}
[2.679090] (bt_behavior) StdoutLine: {'line': b'-- Configured cpplint exclude dirs and/or files: \n'}
[2.685523] (bt_behavior) StdoutLine: {'line': b"-- Added test 'flake8' to check Python code syntax and style conventions\n"}
[2.695301] (bt_behavior) StdoutLine: {'line': b"-- Added test 'lint_cmake' to check CMake code style\n"}
[2.701820] (bt_behavior) StdoutLine: {'line': b"-- Added test 'pep257' to check Python code against some of the style conventions in PEP 257\n"}
[2.705178] (-) TimerEvent: {}
[2.730309] (bt_behavior) StdoutLine: {'line': b"-- Added test 'uncrustify' to check C / C++ code style\n"}
[2.730583] (bt_behavior) StdoutLine: {'line': b'-- Configured uncrustify additional arguments: \n'}
[2.736253] (bt_behavior) StdoutLine: {'line': b"-- Added test 'xmllint' to check XML markup files\n"}
[2.805323] (-) TimerEvent: {}
[2.870814] (bt_behavior) StdoutLine: {'line': b'-- Configuring done\n'}
[2.905444] (-) TimerEvent: {}
[3.005791] (-) TimerEvent: {}
[3.106234] (-) TimerEvent: {}
[3.206705] (-) TimerEvent: {}
[3.277926] (bt_behavior) StdoutLine: {'line': b'-- Generating done\n'}
[3.306810] (-) TimerEvent: {}
[3.336477] (bt_behavior) StdoutLine: {'line': b'-- Build files have been written to: /home/alumnos/josetost/colcon_ws/src/navigation-grupo-dia-libre-1/build/bt_behavior\n'}
[3.352037] (bt_behavior) CommandEnded: {'returncode': 0}
[3.353725] (bt_behavior) JobProgress: {'identifier': 'bt_behavior', 'progress': 'build'}
[3.356764] (bt_behavior) Command: {'cmd': ['/usr/bin/cmake', '--build', '/home/alumnos/josetost/colcon_ws/src/navigation-grupo-dia-libre-1/build/bt_behavior', '--', '-j8', '-l8'], 'cwd': '/home/alumnos/josetost/colcon_ws/src/navigation-grupo-dia-libre-1/build/bt_behavior', 'env': OrderedDict([('GJS_DEBUG_TOPICS', 'JS ERROR;JS LOG'), ('USER', 'josetost'), ('SSH_AGENT_PID', '101560'), ('XDG_SESSION_TYPE', 'x11'), ('SHLVL', '1'), ('LD_LIBRARY_PATH', '/usr/lib/x86_64-linux-gnu/gazebo-11/plugins:/opt/ros/foxy/opt/yaml_cpp_vendor/lib:/opt/ros/foxy/opt/rviz_ogre_vendor/lib:/opt/ros/foxy/lib/x86_64-linux-gnu:/opt/ros/foxy/lib'), ('HOME', '/home/alumnos/josetost'), ('OLDPWD', '/home/alumnos/josetost/colcon_ws/src'), ('DESKTOP_SESSION', 'ubuntu'), ('ROS_PYTHON_VERSION', '3'), ('GNOME_SHELL_SESSION_MODE', 'ubuntu'), ('GTK_MODULES', 'gail:atk-bridge'), ('MANAGERPID', '101376'), ('GOROOT', '/usr/lib/go'), ('DBUS_SESSION_BUS_ADDRESS', 'unix:path=/run/user/9374/bus'), ('MESG', 'y'), ('COLORTERM', 'truecolor'), ('MANDATORY_PATH', '/usr/share/gconf/ubuntu.mandatory.path'), ('IM_CONFIG_PHASE', '1'), ('COLCON_PREFIX_PATH', '/home/alumnos/josetost/colcon_ws/install'), ('ROS_DISTRO', 'foxy'), ('LOGNAME', 'josetost'), ('JOURNAL_STREAM', '8:438354'), ('_', '/usr/bin/colcon'), ('ROS_VERSION', '2'), ('XDG_SESSION_CLASS', 'user'), ('DEFAULTS_PATH', '/usr/share/gconf/ubuntu.default.path'), ('USERNAME', 'josetost'), ('TERM', 'xterm-256color'), ('GNOME_DESKTOP_SESSION_ID', 'this-is-deprecated'), ('ROS_LOCALHOST_ONLY', '0'), ('WINDOWPATH', '2'), ('PATH', '/opt/ros/foxy/bin:/usr/local/sbin:/usr/local/bin:/usr/sbin:/usr/bin:/sbin:/bin:/usr/games:/usr/local/games:/usr/lib/go/bin:/opt/puppetlabs/bin/:./'), ('SESSION_MANAGER', 'local/f-l3210-pc24:@/tmp/.ICE-unix/101600,unix/f-l3210-pc24:/tmp/.ICE-unix/101600'), ('INVOCATION_ID', 'efc7516a5ce74a559c7c41caa41e7e04'), ('XDG_MENU_PREFIX', 'gnome-'), ('GNOME_TERMINAL_SCREEN', '/org/gnome/Terminal/screen/3a0758d9_5180_400d_b53e_98a4498e02ac'), ('XDG_RUNTIME_DIR', '/run/user/9374'), ('DISPLAY', ':0'), ('LANG', 'es_ES.UTF-8'), ('XDG_CURRENT_DESKTOP', 'ubuntu:GNOME'), ('XMODIFIERS', '@im=ibus'), ('XDG_SESSION_DESKTOP', 'ubuntu'), ('XAUTHORITY', '/run/user/9374/gdm/Xauthority'), ('GNOME_TERMINAL_SERVICE', ':1.109'), ('SSH_AUTH_SOCK', '/run/user/9374/keyring/ssh'), ('ROS_DOMAIN_ID', '22'), ('AMENT_PREFIX_PATH', '/opt/ros/foxy'), ('SHELL', '/bin/bash'), ('QT_ACCESSIBILITY', '1'), ('ROS_MASTER_URI', 'http://f-l3202-pc24:11332/'), ('GDMSESSION', 'ubuntu'), ('GPG_AGENT_INFO', '/run/user/9374/gnupg/S.gpg-agent:0:1'), ('GJS_DEBUG_OUTPUT', 'stderr'), ('QT_IM_MODULE', 'ibus'), ('PWD', '/home/alumnos/josetost/colcon_ws/src/navigation-grupo-dia-libre-1/build/bt_behavior'), ('XDG_CONFIG_DIRS', '/etc/xdg/xdg-ubuntu:/etc/xdg'), ('XDG_DATA_DIRS', '/usr/share/ubuntu:/usr/local/share/:/usr/share/'), ('PYTHONPATH', '/opt/ros/foxy/lib/python3.8/site-packages'), ('COLCON', '1'), ('MANPATH', ':/opt/puppetlabs/puppet/share/man'), ('VTE_VERSION', '6003'), ('EDITOR', '/usr/bin/vim'), ('CMAKE_PREFIX_PATH', '/opt/ros/foxy')]), 'shell': False}
[3.406976] (-) TimerEvent: {}
[3.465268] (bt_behavior) StdoutLine: {'line': b'\x1b[35m\x1b[1mScanning dependencies of target br2_gnw_bt_node\x1b[0m\n'}
[3.465586] (bt_behavior) StdoutLine: {'line': b'\x1b[35m\x1b[1mScanning dependencies of target nav_wp\x1b[0m\n'}
[3.470539] (bt_behavior) StdoutLine: {'line': b'\x1b[35m\x1b[1mScanning dependencies of target br2_move_bt_node\x1b[0m\n'}
[3.471821] (bt_behavior) StdoutLine: {'line': b'\x1b[35m\x1b[1mScanning dependencies of target br2_irf_bt_node\x1b[0m\n'}
[3.472434] (bt_behavior) StdoutLine: {'line': b'\x1b[35m\x1b[1mScanning dependencies of target gtest\x1b[0m\n'}
[3.472546] (bt_behavior) StdoutLine: {'line': b'\x1b[35m\x1b[1mScanning dependencies of target gtest_main\x1b[0m\n'}
[3.507064] (-) TimerEvent: {}
[3.607375] (-) TimerEvent: {}
[3.707734] (-) TimerEvent: {}
[3.808062] (-) TimerEvent: {}
[3.908398] (-) TimerEvent: {}
[4.008767] (-) TimerEvent: {}
[4.109118] (-) TimerEvent: {}
[4.209479] (-) TimerEvent: {}
[4.309843] (-) TimerEvent: {}
[4.410236] (-) TimerEvent: {}
[4.510634] (-) TimerEvent: {}
[4.611017] (-) TimerEvent: {}
[4.636325] (bt_behavior) StdoutLine: {'line': b'[ 14%] \x1b[32mBuilding CXX object gtest/CMakeFiles/gtest_main.dir/src/gtest_main.cc.o\x1b[0m\n'}
[4.636647] (bt_behavior) StdoutLine: {'line': b'[ 14%] \x1b[32mBuilding CXX object gtest/CMakeFiles/gtest.dir/src/gtest-all.cc.o\x1b[0m\n'}
[4.711156] (-) TimerEvent: {}
[4.811585] (-) TimerEvent: {}
[4.912007] (-) TimerEvent: {}
[5.012552] (-) TimerEvent: {}
[5.113065] (-) TimerEvent: {}
[5.213524] (-) TimerEvent: {}
[5.313899] (-) TimerEvent: {}
[5.414411] (-) TimerEvent: {}
[5.514865] (-) TimerEvent: {}
[5.615243] (-) TimerEvent: {}
[5.715776] (-) TimerEvent: {}
[5.816279] (-) TimerEvent: {}
[5.916735] (-) TimerEvent: {}
[6.017088] (-) TimerEvent: {}
[6.117605] (-) TimerEvent: {}
[6.218075] (-) TimerEvent: {}
[6.318549] (-) TimerEvent: {}
[6.419023] (-) TimerEvent: {}
[6.519530] (-) TimerEvent: {}
[6.620039] (-) TimerEvent: {}
[6.720484] (-) TimerEvent: {}
[6.821003] (-) TimerEvent: {}
[6.921425] (-) TimerEvent: {}
[7.021844] (-) TimerEvent: {}
[7.122330] (-) TimerEvent: {}
[7.222793] (-) TimerEvent: {}
[7.323184] (-) TimerEvent: {}
[7.423583] (-) TimerEvent: {}
[7.523941] (-) TimerEvent: {}
[7.624331] (-) TimerEvent: {}
[7.724721] (-) TimerEvent: {}
[7.825065] (-) TimerEvent: {}
[7.925468] (-) TimerEvent: {}
[8.025999] (-) TimerEvent: {}
[8.126464] (-) TimerEvent: {}
[8.226880] (-) TimerEvent: {}
[8.327326] (-) TimerEvent: {}
[8.427695] (-) TimerEvent: {}
[8.528097] (-) TimerEvent: {}
[8.628634] (-) TimerEvent: {}
[8.729120] (-) TimerEvent: {}
[8.829663] (-) TimerEvent: {}
[8.930130] (-) TimerEvent: {}
[9.030519] (-) TimerEvent: {}
[9.131004] (-) TimerEvent: {}
[9.231434] (-) TimerEvent: {}
[9.331858] (-) TimerEvent: {}
[9.432304] (-) TimerEvent: {}
[9.532771] (-) TimerEvent: {}
[9.633184] (-) TimerEvent: {}
[9.733672] (-) TimerEvent: {}
[9.834137] (-) TimerEvent: {}
[9.934554] (-) TimerEvent: {}
[10.034944] (-) TimerEvent: {}
[10.135389] (-) TimerEvent: {}
[10.235793] (-) TimerEvent: {}
[10.336225] (-) TimerEvent: {}
[10.436682] (-) TimerEvent: {}
[10.537184] (-) TimerEvent: {}
[10.637670] (-) TimerEvent: {}
[10.738151] (-) TimerEvent: {}
[10.838675] (-) TimerEvent: {}
[10.939145] (-) TimerEvent: {}
[11.039569] (-) TimerEvent: {}
[11.140027] (-) TimerEvent: {}
[11.240402] (-) TimerEvent: {}
[11.340869] (-) TimerEvent: {}
[11.441343] (-) TimerEvent: {}
[11.541821] (-) TimerEvent: {}
[11.642329] (-) TimerEvent: {}
[11.742801] (-) TimerEvent: {}
[11.843299] (-) TimerEvent: {}
[11.943747] (-) TimerEvent: {}
[12.044144] (-) TimerEvent: {}
[12.144653] (-) TimerEvent: {}
[12.245104] (-) TimerEvent: {}
[12.345519] (-) TimerEvent: {}
[12.446019] (-) TimerEvent: {}
[12.546485] (-) TimerEvent: {}
[12.646844] (-) TimerEvent: {}
[12.747235] (-) TimerEvent: {}
[12.847650] (-) TimerEvent: {}
[12.948022] (-) TimerEvent: {}
[13.048406] (-) TimerEvent: {}
[13.148778] (-) TimerEvent: {}
[13.249151] (-) TimerEvent: {}
[13.327710] (bt_behavior) StdoutLine: {'line': b'[ 21%] \x1b[32mBuilding CXX object CMakeFiles/nav_wp.dir/src/nav_wp.cpp.o\x1b[0m\n'}
[13.349269] (-) TimerEvent: {}
[13.449772] (-) TimerEvent: {}
[13.550129] (-) TimerEvent: {}
[13.650507] (-) TimerEvent: {}
[13.750887] (-) TimerEvent: {}
[13.851288] (-) TimerEvent: {}
[13.951669] (-) TimerEvent: {}
[14.052039] (-) TimerEvent: {}
[14.152049] (bt_behavior) StdoutLine: {'line': b'[ 28%] \x1b[32m\x1b[1mLinking CXX static library libgtest_main.a\x1b[0m\n'}
[14.152271] (-) TimerEvent: {}
[14.253015] (-) TimerEvent: {}
[14.353382] (-) TimerEvent: {}
[14.453747] (-) TimerEvent: {}
[14.505296] (bt_behavior) StdoutLine: {'line': b'[ 28%] Built target gtest_main\n'}
[14.553856] (-) TimerEvent: {}
[14.636771] (bt_behavior) StdoutLine: {'line': b'[ 42%] \x1b[32mBuilding CXX object CMakeFiles/br2_move_bt_node.dir/src/bt_behavior/Move.cpp.o\x1b[0m\n'}
[14.637094] (bt_behavior) StdoutLine: {'line': b'[ 42%] \x1b[32mBuilding CXX object CMakeFiles/br2_irf_bt_node.dir/src/bt_behavior/IsRaceFinished.cpp.o\x1b[0m\n'}
[14.653972] (-) TimerEvent: {}
[14.698490] (bt_behavior) StdoutLine: {'line': b'[ 50%] \x1b[32mBuilding CXX object CMakeFiles/br2_gnw_bt_node.dir/src/bt_behavior/GetNextWaypoint.cpp.o\x1b[0m\n'}
[14.754103] (-) TimerEvent: {}
[14.821324] (bt_behavior) StderrLine: {'line': b'\x1b[01m\x1b[K/home/alumnos/josetost/colcon_ws/src/navigation-grupo-dia-libre-1/bt_behavior/src/bt_behavior/Move.cpp:22:10:\x1b[m\x1b[K \x1b[01;31m\x1b[Kfatal error: \x1b[m\x1b[Kkobuki_ros_interfaces/msg/sound.hpp: No existe el archivo o el directorio\n'}
[14.821667] (bt_behavior) StderrLine: {'line': b'   22 | #include \x1b[01;31m\x1b[K"kobuki_ros_interfaces/msg/sound.hpp"\x1b[m\x1b[K\n'}
[14.822308] (bt_behavior) StderrLine: {'line': b'      |          \x1b[01;31m\x1b[K^~~~~~~~~~~~~~~~~~~~~~~~~~~~~~~~~~~~~\x1b[m\x1b[K\n'}
[14.822456] (bt_behavior) StderrLine: {'line': b'compilation terminated.\n'}
[14.824057] (bt_behavior) StderrLine: {'line': b'make[2]: *** [CMakeFiles/br2_move_bt_node.dir/build.make:63: CMakeFiles/br2_move_bt_node.dir/src/bt_behavior/Move.cpp.o] Error 1\n'}
[14.824612] (bt_behavior) StderrLine: {'line': b'make[1]: *** [CMakeFiles/Makefile2:152: CMakeFiles/br2_move_bt_node.dir/all] Error 2\n'}
[14.824725] (bt_behavior) StderrLine: {'line': b'make[1]: *** Se espera a que terminen otras tareas....\n'}
[14.854215] (-) TimerEvent: {}
[14.954592] (-) TimerEvent: {}
[15.054946] (-) TimerEvent: {}
[15.155371] (-) TimerEvent: {}
[15.255789] (-) TimerEvent: {}
[15.356216] (-) TimerEvent: {}
[15.456653] (-) TimerEvent: {}
[15.557092] (-) TimerEvent: {}
[15.657502] (-) TimerEvent: {}
[15.757914] (-) TimerEvent: {}
[15.858320] (-) TimerEvent: {}
[15.958738] (-) TimerEvent: {}
[16.059155] (-) TimerEvent: {}
[16.159574] (-) TimerEvent: {}
[16.259992] (-) TimerEvent: {}
[16.360414] (-) TimerEvent: {}
[16.460855] (-) TimerEvent: {}
[16.561285] (-) TimerEvent: {}
[16.661673] (-) TimerEvent: {}
[16.762037] (-) TimerEvent: {}
[16.862409] (-) TimerEvent: {}
[16.962788] (-) TimerEvent: {}
[17.063189] (-) TimerEvent: {}
[17.163600] (-) TimerEvent: {}
[17.264017] (-) TimerEvent: {}
[17.364441] (-) TimerEvent: {}
[17.464856] (-) TimerEvent: {}
[17.565265] (-) TimerEvent: {}
[17.665698] (-) TimerEvent: {}
[17.766108] (-) TimerEvent: {}
[17.866516] (-) TimerEvent: {}
[17.966933] (-) TimerEvent: {}
[18.067396] (-) TimerEvent: {}
[18.167824] (-) TimerEvent: {}
[18.268244] (-) TimerEvent: {}
[18.368643] (-) TimerEvent: {}
[18.469149] (-) TimerEvent: {}
[18.569550] (-) TimerEvent: {}
[18.669944] (-) TimerEvent: {}
[18.770341] (-) TimerEvent: {}
[18.822495] (bt_behavior) StdoutLine: {'line': b'[ 57%] \x1b[32m\x1b[1mLinking CXX shared library libbr2_irf_bt_node.so\x1b[0m\n'}
[18.870458] (-) TimerEvent: {}
[18.970793] (-) TimerEvent: {}
[19.071147] (-) TimerEvent: {}
[19.088328] (bt_behavior) StdoutLine: {'line': b'[ 64%] \x1b[32m\x1b[1mLinking CXX executable nav_wp\x1b[0m\n'}
[19.171262] (-) TimerEvent: {}
[19.271610] (-) TimerEvent: {}
[19.371989] (-) TimerEvent: {}
[19.472352] (-) TimerEvent: {}
[19.572730] (-) TimerEvent: {}
[19.673127] (-) TimerEvent: {}
[19.768358] (bt_behavior) StdoutLine: {'line': b'[ 71%] \x1b[32m\x1b[1mLinking CXX static library libgtest.a\x1b[0m\n'}
[19.773255] (-) TimerEvent: {}
[19.816196] (bt_behavior) StdoutLine: {'line': b'[ 71%] Built target br2_irf_bt_node\n'}
[19.873368] (-) TimerEvent: {}
[19.912549] (bt_behavior) StdoutLine: {'line': b'[ 71%] Built target nav_wp\n'}
[19.973494] (-) TimerEvent: {}
[20.013681] (bt_behavior) StdoutLine: {'line': b'[ 71%] Built target gtest\n'}
[20.073612] (-) TimerEvent: {}
[20.174054] (-) TimerEvent: {}
[20.274482] (-) TimerEvent: {}
[20.374909] (-) TimerEvent: {}
[20.475340] (-) TimerEvent: {}
[20.575739] (-) TimerEvent: {}
[20.676127] (-) TimerEvent: {}
[20.776543] (-) TimerEvent: {}
[20.876981] (-) TimerEvent: {}
[20.977430] (-) TimerEvent: {}
[21.077811] (-) TimerEvent: {}
[21.178230] (-) TimerEvent: {}
[21.278628] (-) TimerEvent: {}
[21.379028] (-) TimerEvent: {}
[21.479464] (-) TimerEvent: {}
[21.579881] (-) TimerEvent: {}
[21.680323] (-) TimerEvent: {}
[21.780768] (-) TimerEvent: {}
[21.881234] (-) TimerEvent: {}
[21.981660] (-) TimerEvent: {}
[22.082071] (-) TimerEvent: {}
[22.182508] (-) TimerEvent: {}
[22.282926] (-) TimerEvent: {}
[22.383379] (-) TimerEvent: {}
[22.483791] (-) TimerEvent: {}
[22.584210] (-) TimerEvent: {}
[22.684726] (-) TimerEvent: {}
[22.785197] (-) TimerEvent: {}
[22.885624] (-) TimerEvent: {}
[22.986014] (-) TimerEvent: {}
[23.086419] (-) TimerEvent: {}
[23.186801] (-) TimerEvent: {}
[23.287219] (-) TimerEvent: {}
[23.387633] (-) TimerEvent: {}
[23.488050] (-) TimerEvent: {}
[23.564051] (bt_behavior) StdoutLine: {'line': b'[ 78%] \x1b[32m\x1b[1mLinking CXX shared library libbr2_gnw_bt_node.so\x1b[0m\n'}
[23.588186] (-) TimerEvent: {}
[23.688557] (-) TimerEvent: {}
[23.788945] (-) TimerEvent: {}
[23.889378] (-) TimerEvent: {}
[23.989891] (-) TimerEvent: {}
[24.090265] (-) TimerEvent: {}
[24.190760] (-) TimerEvent: {}
[24.291168] (-) TimerEvent: {}
[24.391550] (-) TimerEvent: {}
[24.408387] (bt_behavior) StdoutLine: {'line': b'[ 78%] Built target br2_gnw_bt_node\n'}
[24.409962] (bt_behavior) StderrLine: {'line': b'make: *** [Makefile:141: all] Error 2\n'}
[24.413244] (bt_behavior) CommandEnded: {'returncode': 2}
[24.490704] (bt_behavior) JobEnded: {'identifier': 'bt_behavior', 'rc': 2}
[24.496101] (-) TimerEvent: {}
[24.501828] (-) EventReactorShutdown: {}
