[0.000000] (-) TimerEvent: {}
[0.000305] (bt_behavior) JobQueued: {'identifier': 'bt_behavior', 'dependencies': OrderedDict()}
[0.000711] (kobuki_navigation) JobQueued: {'identifier': 'kobuki_navigation', 'dependencies': OrderedDict()}
[0.001559] (bt_behavior) JobStarted: {'identifier': 'bt_behavior'}
[0.022391] (kobuki_navigation) JobStarted: {'identifier': 'kobuki_navigation'}
[0.043131] (bt_behavior) JobProgress: {'identifier': 'bt_behavior', 'progress': 'cmake'}
[0.047468] (bt_behavior) JobProgress: {'identifier': 'bt_behavior', 'progress': 'build'}
[0.048690] (bt_behavior) Command: {'cmd': ['/usr/bin/cmake', '--build', '/home/alumnos/josetost/colcon_ws/src/navigation-grupo-dia-libre-1/build/bt_behavior', '--', '-j8', '-l8'], 'cwd': '/home/alumnos/josetost/colcon_ws/src/navigation-grupo-dia-libre-1/build/bt_behavior', 'env': OrderedDict([('GJS_DEBUG_TOPICS', 'JS ERROR;JS LOG'), ('USER', 'josetost'), ('SSH_AGENT_PID', '101560'), ('XDG_SESSION_TYPE', 'x11'), ('SHLVL', '1'), ('LD_LIBRARY_PATH', '/usr/lib/x86_64-linux-gnu/gazebo-11/plugins:/opt/ros/foxy/opt/yaml_cpp_vendor/lib:/opt/ros/foxy/opt/rviz_ogre_vendor/lib:/opt/ros/foxy/lib/x86_64-linux-gnu:/opt/ros/foxy/lib'), ('HOME', '/home/alumnos/josetost'), ('OLDPWD', '/home/alumnos/josetost/colcon_ws/src'), ('DESKTOP_SESSION', 'ubuntu'), ('ROS_PYTHON_VERSION', '3'), ('GNOME_SHELL_SESSION_MODE', 'ubuntu'), ('GTK_MODULES', 'gail:atk-bridge'), ('MANAGERPID', '101376'), ('GOROOT', '/usr/lib/go'), ('DBUS_SESSION_BUS_ADDRESS', 'unix:path=/run/user/9374/bus'), ('MESG', 'y'), ('COLORTERM', 'truecolor'), ('MANDATORY_PATH', '/usr/share/gconf/ubuntu.mandatory.path'), ('IM_CONFIG_PHASE', '1'), ('COLCON_PREFIX_PATH', '/home/alumnos/josetost/colcon_ws/install'), ('ROS_DISTRO', 'foxy'), ('LOGNAME', 'josetost'), ('JOURNAL_STREAM', '8:438354'), ('_', '/usr/bin/colcon'), ('ROS_VERSION', '2'), ('XDG_SESSION_CLASS', 'user'), ('DEFAULTS_PATH', '/usr/share/gconf/ubuntu.default.path'), ('USERNAME', 'josetost'), ('TERM', 'xterm-256color'), ('GNOME_DESKTOP_SESSION_ID', 'this-is-deprecated'), ('ROS_LOCALHOST_ONLY', '0'), ('WINDOWPATH', '2'), ('PATH', '/opt/ros/foxy/bin:/usr/local/sbin:/usr/local/bin:/usr/sbin:/usr/bin:/sbin:/bin:/usr/games:/usr/local/games:/usr/lib/go/bin:/opt/puppetlabs/bin/:./'), ('SESSION_MANAGER', 'local/f-l3210-pc24:@/tmp/.ICE-unix/101600,unix/f-l3210-pc24:/tmp/.ICE-unix/101600'), ('INVOCATION_ID', 'efc7516a5ce74a559c7c41caa41e7e04'), ('XDG_MENU_PREFIX', 'gnome-'), ('GNOME_TERMINAL_SCREEN', '/org/gnome/Terminal/screen/3a0758d9_5180_400d_b53e_98a4498e02ac'), ('XDG_RUNTIME_DIR', '/run/user/9374'), ('DISPLAY', ':0'), ('LANG', 'es_ES.UTF-8'), ('XDG_CURRENT_DESKTOP', 'ubuntu:GNOME'), ('XMODIFIERS', '@im=ibus'), ('XDG_SESSION_DESKTOP', 'ubuntu'), ('XAUTHORITY', '/run/user/9374/gdm/Xauthority'), ('GNOME_TERMINAL_SERVICE', ':1.109'), ('SSH_AUTH_SOCK', '/run/user/9374/keyring/ssh'), ('ROS_DOMAIN_ID', '22'), ('AMENT_PREFIX_PATH', '/opt/ros/foxy'), ('SHELL', '/bin/bash'), ('QT_ACCESSIBILITY', '1'), ('ROS_MASTER_URI', 'http://f-l3202-pc24:11332/'), ('GDMSESSION', 'ubuntu'), ('GPG_AGENT_INFO', '/run/user/9374/gnupg/S.gpg-agent:0:1'), ('GJS_DEBUG_OUTPUT', 'stderr'), ('QT_IM_MODULE', 'ibus'), ('PWD', '/home/alumnos/josetost/colcon_ws/src/navigation-grupo-dia-libre-1/build/bt_behavior'), ('XDG_CONFIG_DIRS', '/etc/xdg/xdg-ubuntu:/etc/xdg'), ('XDG_DATA_DIRS', '/usr/share/ubuntu:/usr/local/share/:/usr/share/'), ('PYTHONPATH', '/opt/ros/foxy/lib/python3.8/site-packages'), ('COLCON', '1'), ('MANPATH', ':/opt/puppetlabs/puppet/share/man'), ('VTE_VERSION', '6003'), ('EDITOR', '/usr/bin/vim'), ('CMAKE_PREFIX_PATH', '/opt/ros/foxy')]), 'shell': False}
[0.058995] (kobuki_navigation) JobProgress: {'identifier': 'kobuki_navigation', 'progress': 'cmake'}
[0.062536] (kobuki_navigation) JobProgress: {'identifier': 'kobuki_navigation', 'progress': 'build'}
[0.062864] (kobuki_navigation) Command: {'cmd': ['/usr/bin/cmake', '--build', '/home/alumnos/josetost/colcon_ws/src/navigation-grupo-dia-libre-1/build/kobuki_navigation', '--', '-j8', '-l8'], 'cwd': '/home/alumnos/josetost/colcon_ws/src/navigation-grupo-dia-libre-1/build/kobuki_navigation', 'env': OrderedDict([('GJS_DEBUG_TOPICS', 'JS ERROR;JS LOG'), ('USER', 'josetost'), ('SSH_AGENT_PID', '101560'), ('XDG_SESSION_TYPE', 'x11'), ('SHLVL', '1'), ('LD_LIBRARY_PATH', '/usr/lib/x86_64-linux-gnu/gazebo-11/plugins:/opt/ros/foxy/opt/yaml_cpp_vendor/lib:/opt/ros/foxy/opt/rviz_ogre_vendor/lib:/opt/ros/foxy/lib/x86_64-linux-gnu:/opt/ros/foxy/lib'), ('HOME', '/home/alumnos/josetost'), ('OLDPWD', '/home/alumnos/josetost/colcon_ws/src'), ('DESKTOP_SESSION', 'ubuntu'), ('ROS_PYTHON_VERSION', '3'), ('GNOME_SHELL_SESSION_MODE', 'ubuntu'), ('GTK_MODULES', 'gail:atk-bridge'), ('MANAGERPID', '101376'), ('GOROOT', '/usr/lib/go'), ('DBUS_SESSION_BUS_ADDRESS', 'unix:path=/run/user/9374/bus'), ('MESG', 'y'), ('COLORTERM', 'truecolor'), ('MANDATORY_PATH', '/usr/share/gconf/ubuntu.mandatory.path'), ('IM_CONFIG_PHASE', '1'), ('COLCON_PREFIX_PATH', '/home/alumnos/josetost/colcon_ws/install'), ('ROS_DISTRO', 'foxy'), ('LOGNAME', 'josetost'), ('JOURNAL_STREAM', '8:438354'), ('_', '/usr/bin/colcon'), ('ROS_VERSION', '2'), ('XDG_SESSION_CLASS', 'user'), ('DEFAULTS_PATH', '/usr/share/gconf/ubuntu.default.path'), ('USERNAME', 'josetost'), ('TERM', 'xterm-256color'), ('GNOME_DESKTOP_SESSION_ID', 'this-is-deprecated'), ('ROS_LOCALHOST_ONLY', '0'), ('WINDOWPATH', '2'), ('PATH', '/opt/ros/foxy/bin:/usr/local/sbin:/usr/local/bin:/usr/sbin:/usr/bin:/sbin:/bin:/usr/games:/usr/local/games:/usr/lib/go/bin:/opt/puppetlabs/bin/:./'), ('SESSION_MANAGER', 'local/f-l3210-pc24:@/tmp/.ICE-unix/101600,unix/f-l3210-pc24:/tmp/.ICE-unix/101600'), ('INVOCATION_ID', 'efc7516a5ce74a559c7c41caa41e7e04'), ('XDG_MENU_PREFIX', 'gnome-'), ('GNOME_TERMINAL_SCREEN', '/org/gnome/Terminal/screen/3a0758d9_5180_400d_b53e_98a4498e02ac'), ('XDG_RUNTIME_DIR', '/run/user/9374'), ('DISPLAY', ':0'), ('LANG', 'es_ES.UTF-8'), ('XDG_CURRENT_DESKTOP', 'ubuntu:GNOME'), ('XMODIFIERS', '@im=ibus'), ('XDG_SESSION_DESKTOP', 'ubuntu'), ('XAUTHORITY', '/run/user/9374/gdm/Xauthority'), ('GNOME_TERMINAL_SERVICE', ':1.109'), ('SSH_AUTH_SOCK', '/run/user/9374/keyring/ssh'), ('ROS_DOMAIN_ID', '22'), ('AMENT_PREFIX_PATH', '/opt/ros/foxy'), ('SHELL', '/bin/bash'), ('QT_ACCESSIBILITY', '1'), ('ROS_MASTER_URI', 'http://f-l3202-pc24:11332/'), ('GDMSESSION', 'ubuntu'), ('GPG_AGENT_INFO', '/run/user/9374/gnupg/S.gpg-agent:0:1'), ('GJS_DEBUG_OUTPUT', 'stderr'), ('QT_IM_MODULE', 'ibus'), ('PWD', '/home/alumnos/josetost/colcon_ws/src/navigation-grupo-dia-libre-1/build/kobuki_navigation'), ('XDG_CONFIG_DIRS', '/etc/xdg/xdg-ubuntu:/etc/xdg'), ('XDG_DATA_DIRS', '/usr/share/ubuntu:/usr/local/share/:/usr/share/'), ('PYTHONPATH', '/opt/ros/foxy/lib/python3.8/site-packages'), ('COLCON', '1'), ('MANPATH', ':/opt/puppetlabs/puppet/share/man'), ('VTE_VERSION', '6003'), ('EDITOR', '/usr/bin/vim'), ('CMAKE_PREFIX_PATH', '/opt/ros/foxy')]), 'shell': False}
[0.098887] (-) TimerEvent: {}
[0.104486] (bt_behavior) StdoutLine: {'line': b'-- Found ament_cmake: 0.9.9 (/opt/ros/foxy/share/ament_cmake/cmake)\n'}
[0.125467] (kobuki_navigation) CommandEnded: {'returncode': 0}
[0.135899] (bt_behavior) StdoutLine: {'line': b'-- Using PYTHON_EXECUTABLE: /usr/bin/python3\n'}
[0.149650] (kobuki_navigation) JobProgress: {'identifier': 'kobuki_navigation', 'progress': 'install'}
[0.162045] (kobuki_navigation) Command: {'cmd': ['/usr/bin/cmake', '--install', '/home/alumnos/josetost/colcon_ws/src/navigation-grupo-dia-libre-1/build/kobuki_navigation'], 'cwd': '/home/alumnos/josetost/colcon_ws/src/navigation-grupo-dia-libre-1/build/kobuki_navigation', 'env': OrderedDict([('GJS_DEBUG_TOPICS', 'JS ERROR;JS LOG'), ('USER', 'josetost'), ('SSH_AGENT_PID', '101560'), ('XDG_SESSION_TYPE', 'x11'), ('SHLVL', '1'), ('LD_LIBRARY_PATH', '/usr/lib/x86_64-linux-gnu/gazebo-11/plugins:/opt/ros/foxy/opt/yaml_cpp_vendor/lib:/opt/ros/foxy/opt/rviz_ogre_vendor/lib:/opt/ros/foxy/lib/x86_64-linux-gnu:/opt/ros/foxy/lib'), ('HOME', '/home/alumnos/josetost'), ('OLDPWD', '/home/alumnos/josetost/colcon_ws/src'), ('DESKTOP_SESSION', 'ubuntu'), ('ROS_PYTHON_VERSION', '3'), ('GNOME_SHELL_SESSION_MODE', 'ubuntu'), ('GTK_MODULES', 'gail:atk-bridge'), ('MANAGERPID', '101376'), ('GOROOT', '/usr/lib/go'), ('DBUS_SESSION_BUS_ADDRESS', 'unix:path=/run/user/9374/bus'), ('MESG', 'y'), ('COLORTERM', 'truecolor'), ('MANDATORY_PATH', '/usr/share/gconf/ubuntu.mandatory.path'), ('IM_CONFIG_PHASE', '1'), ('COLCON_PREFIX_PATH', '/home/alumnos/josetost/colcon_ws/install'), ('ROS_DISTRO', 'foxy'), ('LOGNAME', 'josetost'), ('JOURNAL_STREAM', '8:438354'), ('_', '/usr/bin/colcon'), ('ROS_VERSION', '2'), ('XDG_SESSION_CLASS', 'user'), ('DEFAULTS_PATH', '/usr/share/gconf/ubuntu.default.path'), ('USERNAME', 'josetost'), ('TERM', 'xterm-256color'), ('GNOME_DESKTOP_SESSION_ID', 'this-is-deprecated'), ('ROS_LOCALHOST_ONLY', '0'), ('WINDOWPATH', '2'), ('PATH', '/opt/ros/foxy/bin:/usr/local/sbin:/usr/local/bin:/usr/sbin:/usr/bin:/sbin:/bin:/usr/games:/usr/local/games:/usr/lib/go/bin:/opt/puppetlabs/bin/:./'), ('SESSION_MANAGER', 'local/f-l3210-pc24:@/tmp/.ICE-unix/101600,unix/f-l3210-pc24:/tmp/.ICE-unix/101600'), ('INVOCATION_ID', 'efc7516a5ce74a559c7c41caa41e7e04'), ('XDG_MENU_PREFIX', 'gnome-'), ('GNOME_TERMINAL_SCREEN', '/org/gnome/Terminal/screen/3a0758d9_5180_400d_b53e_98a4498e02ac'), ('XDG_RUNTIME_DIR', '/run/user/9374'), ('DISPLAY', ':0'), ('LANG', 'es_ES.UTF-8'), ('XDG_CURRENT_DESKTOP', 'ubuntu:GNOME'), ('XMODIFIERS', '@im=ibus'), ('XDG_SESSION_DESKTOP', 'ubuntu'), ('XAUTHORITY', '/run/user/9374/gdm/Xauthority'), ('GNOME_TERMINAL_SERVICE', ':1.109'), ('SSH_AUTH_SOCK', '/run/user/9374/keyring/ssh'), ('ROS_DOMAIN_ID', '22'), ('AMENT_PREFIX_PATH', '/opt/ros/foxy'), ('SHELL', '/bin/bash'), ('QT_ACCESSIBILITY', '1'), ('ROS_MASTER_URI', 'http://f-l3202-pc24:11332/'), ('GDMSESSION', 'ubuntu'), ('GPG_AGENT_INFO', '/run/user/9374/gnupg/S.gpg-agent:0:1'), ('GJS_DEBUG_OUTPUT', 'stderr'), ('QT_IM_MODULE', 'ibus'), ('PWD', '/home/alumnos/josetost/colcon_ws/src/navigation-grupo-dia-libre-1/build/kobuki_navigation'), ('XDG_CONFIG_DIRS', '/etc/xdg/xdg-ubuntu:/etc/xdg'), ('XDG_DATA_DIRS', '/usr/share/ubuntu:/usr/local/share/:/usr/share/'), ('PYTHONPATH', '/opt/ros/foxy/lib/python3.8/site-packages'), ('COLCON', '1'), ('MANPATH', ':/opt/puppetlabs/puppet/share/man'), ('VTE_VERSION', '6003'), ('EDITOR', '/usr/bin/vim'), ('CMAKE_PREFIX_PATH', '/opt/ros/foxy')]), 'shell': False}
[0.172933] (kobuki_navigation) StdoutLine: {'line': b'-- Install configuration: ""\n'}
[0.174943] (kobuki_navigation) StdoutLine: {'line': b'-- Execute custom install script\n'}
[0.178684] (kobuki_navigation) StdoutLine: {'line': b'-- Up-to-date symlink: /home/alumnos/josetost/colcon_ws/src/navigation-grupo-dia-libre-1/install/kobuki_navigation/share/kobuki_navigation/launch/kobuki_navigation.launch.py\n'}
[0.180248] (kobuki_navigation) StdoutLine: {'line': b'-- Up-to-date symlink: /home/alumnos/josetost/colcon_ws/src/navigation-grupo-dia-libre-1/install/kobuki_navigation/share/kobuki_navigation/launch/navigation_launch.py\n'}
[0.182878] (kobuki_navigation) StdoutLine: {'line': b'-- Up-to-date symlink: /home/alumnos/josetost/colcon_ws/src/navigation-grupo-dia-libre-1/install/kobuki_navigation/share/kobuki_navigation/params/kobuki_nav_params.yaml\n'}
[0.184273] (kobuki_navigation) StdoutLine: {'line': b'-- Up-to-date symlink: /home/alumnos/josetost/colcon_ws/src/navigation-grupo-dia-libre-1/install/kobuki_navigation/share/kobuki_navigation/params/mapper_params_online_async.yaml\n'}
[0.186839] (kobuki_navigation) StdoutLine: {'line': b'-- Up-to-date symlink: /home/alumnos/josetost/colcon_ws/src/navigation-grupo-dia-libre-1/install/kobuki_navigation/share/kobuki_navigation/maps/aws_map.pgm\n'}
[0.188300] (kobuki_navigation) StdoutLine: {'line': b'-- Up-to-date symlink: /home/alumnos/josetost/colcon_ws/src/navigation-grupo-dia-libre-1/install/kobuki_navigation/share/kobuki_navigation/maps/aws_map.yaml\n'}
[0.189695] (kobuki_navigation) StdoutLine: {'line': b'-- Up-to-date symlink: /home/alumnos/josetost/colcon_ws/src/navigation-grupo-dia-libre-1/install/kobuki_navigation/share/kobuki_navigation/maps/competition.pgm\n'}
[0.191117] (kobuki_navigation) StdoutLine: {'line': b'-- Up-to-date symlink: /home/alumnos/josetost/colcon_ws/src/navigation-grupo-dia-libre-1/install/kobuki_navigation/share/kobuki_navigation/maps/competition.yaml\n'}
[0.192459] (kobuki_navigation) StdoutLine: {'line': b'-- Up-to-date symlink: /home/alumnos/josetost/colcon_ws/src/navigation-grupo-dia-libre-1/install/kobuki_navigation/share/kobuki_navigation/maps/home.pgm\n'}
[0.193888] (kobuki_navigation) StdoutLine: {'line': b'-- Up-to-date symlink: /home/alumnos/josetost/colcon_ws/src/navigation-grupo-dia-libre-1/install/kobuki_navigation/share/kobuki_navigation/maps/home.yaml\n'}
[0.196642] (kobuki_navigation) StdoutLine: {'line': b'-- Up-to-date symlink: /home/alumnos/josetost/colcon_ws/src/navigation-grupo-dia-libre-1/install/kobuki_navigation/share/ament_index/resource_index/package_run_dependencies/kobuki_navigation\n'}
[0.198977] (kobuki_navigation) StdoutLine: {'line': b'-- Up-to-date symlink: /home/alumnos/josetost/colcon_ws/src/navigation-grupo-dia-libre-1/install/kobuki_navigation/share/ament_index/resource_index/parent_prefix_path/kobuki_navigation\n'}
[0.199292] (-) TimerEvent: {}
[0.201039] (kobuki_navigation) StdoutLine: {'line': b'-- Up-to-date symlink: /home/alumnos/josetost/colcon_ws/src/navigation-grupo-dia-libre-1/install/kobuki_navigation/share/kobuki_navigation/environment/ament_prefix_path.sh\n'}
[0.203156] (kobuki_navigation) StdoutLine: {'line': b'-- Up-to-date symlink: /home/alumnos/josetost/colcon_ws/src/navigation-grupo-dia-libre-1/install/kobuki_navigation/share/kobuki_navigation/environment/ament_prefix_path.dsv\n'}
[0.204873] (kobuki_navigation) StdoutLine: {'line': b'-- Up-to-date symlink: /home/alumnos/josetost/colcon_ws/src/navigation-grupo-dia-libre-1/install/kobuki_navigation/share/kobuki_navigation/environment/path.sh\n'}
[0.206970] (kobuki_navigation) StdoutLine: {'line': b'-- Up-to-date symlink: /home/alumnos/josetost/colcon_ws/src/navigation-grupo-dia-libre-1/install/kobuki_navigation/share/kobuki_navigation/environment/path.dsv\n'}
[0.208807] (kobuki_navigation) StdoutLine: {'line': b'-- Up-to-date symlink: /home/alumnos/josetost/colcon_ws/src/navigation-grupo-dia-libre-1/install/kobuki_navigation/share/kobuki_navigation/local_setup.bash\n'}
[0.210544] (kobuki_navigation) StdoutLine: {'line': b'-- Up-to-date symlink: /home/alumnos/josetost/colcon_ws/src/navigation-grupo-dia-libre-1/install/kobuki_navigation/share/kobuki_navigation/local_setup.sh\n'}
[0.212133] (kobuki_navigation) StdoutLine: {'line': b'-- Up-to-date symlink: /home/alumnos/josetost/colcon_ws/src/navigation-grupo-dia-libre-1/install/kobuki_navigation/share/kobuki_navigation/local_setup.zsh\n'}
[0.214182] (kobuki_navigation) StdoutLine: {'line': b'-- Up-to-date symlink: /home/alumnos/josetost/colcon_ws/src/navigation-grupo-dia-libre-1/install/kobuki_navigation/share/kobuki_navigation/local_setup.dsv\n'}
[0.216170] (kobuki_navigation) StdoutLine: {'line': b'-- Symlinking: /home/alumnos/josetost/colcon_ws/src/navigation-grupo-dia-libre-1/install/kobuki_navigation/share/kobuki_navigation/package.dsv\n'}
[0.230323] (kobuki_navigation) StdoutLine: {'line': b'-- Up-to-date symlink: /home/alumnos/josetost/colcon_ws/src/navigation-grupo-dia-libre-1/install/kobuki_navigation/share/ament_index/resource_index/packages/kobuki_navigation\n'}
[0.232768] (kobuki_navigation) StdoutLine: {'line': b'-- Up-to-date symlink: /home/alumnos/josetost/colcon_ws/src/navigation-grupo-dia-libre-1/install/kobuki_navigation/share/kobuki_navigation/cmake/kobuki_navigationConfig.cmake\n'}
[0.234485] (kobuki_navigation) StdoutLine: {'line': b'-- Up-to-date symlink: /home/alumnos/josetost/colcon_ws/src/navigation-grupo-dia-libre-1/install/kobuki_navigation/share/kobuki_navigation/cmake/kobuki_navigationConfig-version.cmake\n'}
[0.236215] (kobuki_navigation) StdoutLine: {'line': b'-- Up-to-date symlink: /home/alumnos/josetost/colcon_ws/src/navigation-grupo-dia-libre-1/install/kobuki_navigation/share/kobuki_navigation/package.xml\n'}
[0.239131] (kobuki_navigation) CommandEnded: {'returncode': 0}
[0.302415] (-) TimerEvent: {}
[0.331056] (kobuki_navigation) JobEnded: {'identifier': 'kobuki_navigation', 'rc': 0}
[0.402491] (-) TimerEvent: {}
[0.502846] (-) TimerEvent: {}
[0.511902] (bt_behavior) StdoutLine: {'line': b'-- Override CMake install command with custom implementation using symlinks instead of copying resources\n'}
[0.547120] (bt_behavior) StdoutLine: {'line': b'-- Found rclcpp: 2.4.1 (/opt/ros/foxy/share/rclcpp/cmake)\n'}
[0.602998] (-) TimerEvent: {}
[0.605254] (bt_behavior) StdoutLine: {'line': b'-- Using all available rosidl_typesupport_c: rosidl_typesupport_fastrtps_c;rosidl_typesupport_introspection_c\n'}
[0.611371] (bt_behavior) StdoutLine: {'line': b'-- Found rosidl_adapter: 1.2.1 (/opt/ros/foxy/share/rosidl_adapter/cmake)\n'}
[0.703088] (-) TimerEvent: {}
[0.803452] (-) TimerEvent: {}
[0.819893] (bt_behavior) StdoutLine: {'line': b'-- Using all available rosidl_typesupport_cpp: rosidl_typesupport_fastrtps_cpp;rosidl_typesupport_introspection_cpp\n'}
[0.885879] (bt_behavior) StdoutLine: {'line': b'-- Found rmw_implementation_cmake: 1.0.3 (/opt/ros/foxy/share/rmw_implementation_cmake/cmake)\n'}
[0.888091] (bt_behavior) StdoutLine: {'line': b"-- Using RMW implementation 'rmw_fastrtps_cpp' as default\n"}
[0.903525] (-) TimerEvent: {}
[1.003800] (-) TimerEvent: {}
[1.094427] (bt_behavior) StdoutLine: {'line': b'-- Found rclcpp_lifecycle: 2.4.1 (/opt/ros/foxy/share/rclcpp_lifecycle/cmake)\n'}
[1.103877] (-) TimerEvent: {}
[1.130005] (bt_behavior) StdoutLine: {'line': b'-- Found rclcpp_action: 2.4.1 (/opt/ros/foxy/share/rclcpp_action/cmake)\n'}
[1.203991] (-) TimerEvent: {}
[1.225689] (bt_behavior) StdoutLine: {'line': b'-- Found behaviortree_cpp_v3: 3.6.0 (/opt/ros/foxy/share/behaviortree_cpp_v3/cmake)\n'}
[1.228267] (bt_behavior) StdoutLine: {'line': b'-- Found geometry_msgs: 2.0.5 (/opt/ros/foxy/share/geometry_msgs/cmake)\n'}
[1.271820] (bt_behavior) StdoutLine: {'line': b'-- Found nav2_msgs: 0.4.7 (/opt/ros/foxy/share/nav2_msgs/cmake)\n'}
[1.304067] (-) TimerEvent: {}
[1.404367] (-) TimerEvent: {}
[1.504777] (-) TimerEvent: {}
[1.605106] (-) TimerEvent: {}
[1.658846] (bt_behavior) StdoutLine: {'line': b'-- Found ament_index_cpp: 1.1.0 (/opt/ros/foxy/share/ament_index_cpp/cmake)\n'}
[1.662613] (bt_behavior) StdoutLine: {'line': b'-- ZeroMQ found.\n'}
[1.688009] (bt_behavior) StdoutLine: {'line': b'-- Found ament_lint_auto: 0.9.6 (/opt/ros/foxy/share/ament_lint_auto/cmake)\n'}
[1.705206] (-) TimerEvent: {}
[1.774546] (bt_behavior) StdoutLine: {'line': b"-- Found gtest sources under '/opt/ros/foxy/src/gtest_vendor': C++ tests using 'Google Test' will be built\n"}
[1.805335] (-) TimerEvent: {}
[1.865167] (bt_behavior) StdoutLine: {'line': b"-- Added test 'copyright' to check source files copyright and LICENSE\n"}
[1.900205] (bt_behavior) StdoutLine: {'line': b"-- Added test 'cppcheck' to perform static code analysis on C / C++ code\n"}
[1.901860] (bt_behavior) StdoutLine: {'line': b'-- Configured cppcheck include dirs: /home/alumnos/josetost/colcon_ws/src/navigation-grupo-dia-libre-1/bt_behavior/include\n'}
[1.902231] (bt_behavior) StdoutLine: {'line': b'-- Configured cppcheck exclude dirs and/or files: \n'}
[1.905444] (-) TimerEvent: {}
[1.934237] (bt_behavior) StdoutLine: {'line': b"-- Added test 'cpplint' to check C / C++ code against the Google style\n"}
[1.934444] (bt_behavior) StdoutLine: {'line': b'-- Configured cpplint exclude dirs and/or files: \n'}
[1.937741] (bt_behavior) StdoutLine: {'line': b"-- Added test 'flake8' to check Python code syntax and style conventions\n"}
[1.943893] (bt_behavior) StdoutLine: {'line': b"-- Added test 'lint_cmake' to check CMake code style\n"}
[1.947165] (bt_behavior) StdoutLine: {'line': b"-- Added test 'pep257' to check Python code against some of the style conventions in PEP 257\n"}
[1.978442] (bt_behavior) StdoutLine: {'line': b"-- Added test 'uncrustify' to check C / C++ code style\n"}
[1.978674] (bt_behavior) StdoutLine: {'line': b'-- Configured uncrustify additional arguments: \n'}
[1.982524] (bt_behavior) StdoutLine: {'line': b"-- Added test 'xmllint' to check XML markup files\n"}
[2.005558] (-) TimerEvent: {}
[2.042211] (bt_behavior) StdoutLine: {'line': b'-- Configuring done\n'}
[2.105678] (-) TimerEvent: {}
[2.206080] (-) TimerEvent: {}
[2.306402] (-) TimerEvent: {}
[2.404337] (bt_behavior) StdoutLine: {'line': b'-- Generating done\n'}
[2.406504] (-) TimerEvent: {}
[2.460332] (bt_behavior) StdoutLine: {'line': b'-- Build files have been written to: /home/alumnos/josetost/colcon_ws/src/navigation-grupo-dia-libre-1/build/bt_behavior\n'}
[2.506681] (-) TimerEvent: {}
[2.540450] (bt_behavior) StdoutLine: {'line': b'\x1b[35m\x1b[1mScanning dependencies of target br2_move_bt_node\x1b[0m\n'}
[2.561899] (bt_behavior) StdoutLine: {'line': b'[ 35%] Built target gtest\n'}
[2.562157] (bt_behavior) StdoutLine: {'line': b'[ 35%] Built target gtest_main\n'}
[2.568200] (bt_behavior) StdoutLine: {'line': b'[ 50%] \x1b[32mBuilding CXX object CMakeFiles/br2_irf_bt_node.dir/src/bt_behavior/IsRaceFinished.cpp.o\x1b[0m\n'}
[2.568742] (bt_behavior) StdoutLine: {'line': b'[ 50%] \x1b[32mBuilding CXX object CMakeFiles/nav_wp.dir/src/nav_wp.cpp.o\x1b[0m\n'}
[2.573913] (bt_behavior) StdoutLine: {'line': b'[ 50%] \x1b[32mBuilding CXX object CMakeFiles/br2_gnw_bt_node.dir/src/bt_behavior/GetNextWaypoint.cpp.o\x1b[0m\n'}
[2.587138] (bt_behavior) StdoutLine: {'line': b'\x1b[35m\x1b[1mScanning dependencies of target bt_action_test\x1b[0m\n'}
[2.606783] (-) TimerEvent: {}
[2.634201] (bt_behavior) StdoutLine: {'line': b'[ 57%] \x1b[32mBuilding CXX object CMakeFiles/br2_move_bt_node.dir/src/bt_behavior/Move.cpp.o\x1b[0m\n'}
[2.706882] (-) TimerEvent: {}
[2.807258] (-) TimerEvent: {}
[2.863981] (bt_behavior) StdoutLine: {'line': b'[ 64%] \x1b[32mBuilding CXX object tests/CMakeFiles/bt_action_test.dir/bt_action_test.cpp.o\x1b[0m\n'}
[2.907380] (-) TimerEvent: {}
[3.007805] (-) TimerEvent: {}
[3.108265] (-) TimerEvent: {}
[3.208686] (-) TimerEvent: {}
[3.309103] (-) TimerEvent: {}
[3.409524] (-) TimerEvent: {}
[3.509957] (-) TimerEvent: {}
[3.610353] (-) TimerEvent: {}
[3.710766] (-) TimerEvent: {}
[3.811176] (-) TimerEvent: {}
[3.911590] (-) TimerEvent: {}
[4.012007] (-) TimerEvent: {}
[4.112440] (-) TimerEvent: {}
[4.212876] (-) TimerEvent: {}
[4.313308] (-) TimerEvent: {}
[4.413757] (-) TimerEvent: {}
[4.514193] (-) TimerEvent: {}
[4.614647] (-) TimerEvent: {}
[4.715069] (-) TimerEvent: {}
[4.815488] (-) TimerEvent: {}
[4.915880] (-) TimerEvent: {}
[5.016293] (-) TimerEvent: {}
[5.116733] (-) TimerEvent: {}
[5.217175] (-) TimerEvent: {}
[5.317641] (-) TimerEvent: {}
[5.340006] (bt_behavior) StderrLine: {'line': b'\x1b[01m\x1b[K/home/alumnos/josetost/colcon_ws/src/navigation-grupo-dia-libre-1/bt_behavior/src/bt_behavior/Move.cpp:\x1b[m\x1b[K In member function \xe2\x80\x98\x1b[01m\x1b[Kvirtual BT::NodeStatus bt_behavior::Move::on_success()\x1b[m\x1b[K\xe2\x80\x99:\n'}
[5.340573] (bt_behavior) StderrLine: {'line': b'\x1b[01m\x1b[K/home/alumnos/josetost/colcon_ws/src/navigation-grupo-dia-libre-1/bt_behavior/src/bt_behavior/Move.cpp:55:53:\x1b[m\x1b[K \x1b[01;31m\x1b[Kerror: \x1b[m\x1b[K\xe2\x80\x98\x1b[01m\x1b[Kkobuki_ros_interfaces\x1b[m\x1b[K\xe2\x80\x99 was not declared in this scope; did you mean \xe2\x80\x98\x1b[01m\x1b[Kbuiltin_interfaces\x1b[m\x1b[K\xe2\x80\x99?\n'}
[5.340961] (bt_behavior) StderrLine: {'line': b'   55 |   auto success_pub = success_node->create_publisher<\x1b[01;31m\x1b[Kkobuki_ros_interfaces\x1b[m\x1b[K::msg::Sound>("/commands/sound", 10);\n'}
[5.341118] (bt_behavior) StderrLine: {'line': b'      |                                                     \x1b[01;31m\x1b[K^~~~~~~~~~~~~~~~~~~~~\x1b[m\x1b[K\n'}
[5.341269] (bt_behavior) StderrLine: {'line': b'      |                                                     \x1b[32m\x1b[Kbuiltin_interfaces\x1b[m\x1b[K\n'}
[5.342337] (bt_behavior) StderrLine: {'line': b'\x1b[01m\x1b[K/home/alumnos/josetost/colcon_ws/src/navigation-grupo-dia-libre-1/bt_behavior/src/bt_behavior/Move.cpp:55:36:\x1b[m\x1b[K \x1b[01;31m\x1b[Kerror: \x1b[m\x1b[Kparse error in template argument list\n'}
[5.343047] (bt_behavior) StderrLine: {'line': b'   55 |   auto success_pub = success_node->\x1b[01;31m\x1b[Kcreate_publisher<kobuki_ros_interfaces::msg::Sound>\x1b[m\x1b[K("/commands/sound", 10);\n'}
[5.343219] (bt_behavior) StderrLine: {'line': b'      |                                    \x1b[01;31m\x1b[K^~~~~~~~~~~~~~~~~~~~~~~~~~~~~~~~~~~~~~~~~~~~~~~~~~~\x1b[m\x1b[K\n'}
[5.344380] (bt_behavior) StderrLine: {'line': b'\x1b[01m\x1b[K/home/alumnos/josetost/colcon_ws/src/navigation-grupo-dia-libre-1/bt_behavior/src/bt_behavior/Move.cpp:55:109:\x1b[m\x1b[K \x1b[01;31m\x1b[Kerror: \x1b[m\x1b[Kno matching function for call to \xe2\x80\x98\x1b[01m\x1b[Krclcpp::Node::create_publisher<<expression error> >(const char [16], int)\x1b[m\x1b[K\xe2\x80\x99\n'}
[5.345205] (bt_behavior) StderrLine: {'line': b'   55 |   auto success_pub = success_node->create_publisher<kobuki_ros_interfaces::msg::Sound>("/commands/sound", 10\x1b[01;31m\x1b[K)\x1b[m\x1b[K;\n'}
[5.345918] (bt_behavior) StderrLine: {'line': b'      |                                                                                                             \x1b[01;31m\x1b[K^\x1b[m\x1b[K\n'}
[5.346081] (bt_behavior) StderrLine: {'line': b'In file included from \x1b[01m\x1b[K/opt/ros/foxy/include/rclcpp/executors/single_threaded_executor.hpp:28\x1b[m\x1b[K,\n'}
[5.346957] (bt_behavior) StderrLine: {'line': b'                 from \x1b[01m\x1b[K/opt/ros/foxy/include/rclcpp/executors.hpp:22\x1b[m\x1b[K,\n'}
[5.347111] (bt_behavior) StderrLine: {'line': b'                 from \x1b[01m\x1b[K/opt/ros/foxy/include/rclcpp/rclcpp.hpp:146\x1b[m\x1b[K,\n'}
[5.347845] (bt_behavior) StderrLine: {'line': b'                 from \x1b[01m\x1b[K/home/alumnos/josetost/colcon_ws/src/navigation-grupo-dia-libre-1/bt_behavior/include/bt_behavior/ctrl_support/BTActionNode.hpp:22\x1b[m\x1b[K,\n'}
[5.348023] (bt_behavior) StderrLine: {'line': b'                 from \x1b[01m\x1b[K/home/alumnos/josetost/colcon_ws/src/navigation-grupo-dia-libre-1/bt_behavior/include/bt_behavior/Move.hpp:23\x1b[m\x1b[K,\n'}
[5.348164] (bt_behavior) StderrLine: {'line': b'                 from \x1b[01m\x1b[K/home/alumnos/josetost/colcon_ws/src/navigation-grupo-dia-libre-1/bt_behavior/src/bt_behavior/Move.cpp:20\x1b[m\x1b[K:\n'}
[5.348737] (bt_behavior) StderrLine: {'line': b'\x1b[01m\x1b[K/opt/ros/foxy/include/rclcpp/node.hpp:184:3:\x1b[m\x1b[K \x1b[01;36m\x1b[Knote: \x1b[m\x1b[Kcandidate: \xe2\x80\x98\x1b[01m\x1b[Ktemplate<class MessageT, class AllocatorT, class PublisherT> std::shared_ptr<PublisherT> rclcpp::Node::create_publisher(const string&, const rclcpp::QoS&, const rclcpp::PublisherOptionsWithAllocator<AllocatorT>&)\x1b[m\x1b[K\xe2\x80\x99\n'}
[5.348887] (bt_behavior) StderrLine: {'line': b'  184 |   \x1b[01;36m\x1b[Kcreate_publisher\x1b[m\x1b[K(\n'}
[5.349688] (bt_behavior) StderrLine: {'line': b'      |   \x1b[01;36m\x1b[K^~~~~~~~~~~~~~~~\x1b[m\x1b[K\n'}
[5.350426] (bt_behavior) StderrLine: {'line': b'\x1b[01m\x1b[K/opt/ros/foxy/include/rclcpp/node.hpp:184:3:\x1b[m\x1b[K \x1b[01;36m\x1b[Knote: \x1b[m\x1b[K  template argument deduction/substitution failed:\n'}
[5.350598] (bt_behavior) StderrLine: {'line': b'\x1b[01m\x1b[K/home/alumnos/josetost/colcon_ws/src/navigation-grupo-dia-libre-1/bt_behavior/src/bt_behavior/Move.cpp:55:109:\x1b[m\x1b[K \x1b[01;31m\x1b[Kerror: \x1b[m\x1b[Ktemplate argument 1 is invalid\n'}
[5.351281] (bt_behavior) StderrLine: {'line': b'   55 |   auto success_pub = success_node->create_publisher<kobuki_ros_interfaces::msg::Sound>("/commands/sound", 10\x1b[01;31m\x1b[K)\x1b[m\x1b[K;\n'}
[5.351606] (bt_behavior) StderrLine: {'line': b'      |                                                                                                             \x1b[01;31m\x1b[K^\x1b[m\x1b[K\n'}
[5.352222] (bt_behavior) StderrLine: {'line': b'\x1b[01m\x1b[K/home/alumnos/josetost/colcon_ws/src/navigation-grupo-dia-libre-1/bt_behavior/src/bt_behavior/Move.cpp:57:3:\x1b[m\x1b[K \x1b[01;31m\x1b[Kerror: \x1b[m\x1b[K\xe2\x80\x98\x1b[01m\x1b[Kkobuki_ros_interfaces\x1b[m\x1b[K\xe2\x80\x99 is not a class, namespace, or enumeration\n'}
[5.352987] (bt_behavior) StderrLine: {'line': b'   57 |   \x1b[01;31m\x1b[Kkobuki_ros_interfaces\x1b[m\x1b[K::msg::Sound beep;\n'}
[5.353188] (bt_behavior) StderrLine: {'line': b'      |   \x1b[01;31m\x1b[K^~~~~~~~~~~~~~~~~~~~~\x1b[m\x1b[K\n'}
[5.353706] (bt_behavior) StderrLine: {'line': b'\x1b[01m\x1b[K/home/alumnos/josetost/colcon_ws/src/navigation-grupo-dia-libre-1/bt_behavior/src/bt_behavior/Move.cpp:58:3:\x1b[m\x1b[K \x1b[01;31m\x1b[Kerror: \x1b[m\x1b[K\xe2\x80\x98\x1b[01m\x1b[Kbeep\x1b[m\x1b[K\xe2\x80\x99 was not declared in this scope\n'}
[5.353893] (bt_behavior) StderrLine: {'line': b'   58 |   \x1b[01;31m\x1b[Kbeep\x1b[m\x1b[K.value = ON;\n'}
[5.354408] (bt_behavior) StderrLine: {'line': b'      |   \x1b[01;31m\x1b[K^~~~\x1b[m\x1b[K\n'}
[5.354599] (bt_behavior) StderrLine: {'line': b'\x1b[01m\x1b[K/home/alumnos/josetost/colcon_ws/src/navigation-grupo-dia-libre-1/bt_behavior/src/bt_behavior/Move.cpp:\x1b[m\x1b[K In member function \xe2\x80\x98\x1b[01m\x1b[Kvirtual BT::NodeStatus bt_behavior::Move::on_aborted()\x1b[m\x1b[K\xe2\x80\x99:\n'}
[5.354792] (bt_behavior) StderrLine: {'line': b'\x1b[01m\x1b[K/home/alumnos/josetost/colcon_ws/src/navigation-grupo-dia-libre-1/bt_behavior/src/bt_behavior/Move.cpp:71:47:\x1b[m\x1b[K \x1b[01;31m\x1b[Kerror: \x1b[m\x1b[K\xe2\x80\x98\x1b[01m\x1b[Kkobuki_ros_interfaces\x1b[m\x1b[K\xe2\x80\x99 was not declared in this scope; did you mean \xe2\x80\x98\x1b[01m\x1b[Kbuiltin_interfaces\x1b[m\x1b[K\xe2\x80\x99?\n'}
[5.355526] (bt_behavior) StderrLine: {'line': b'   71 |   auto fail_pub = fail_node->create_publisher<\x1b[01;31m\x1b[Kkobuki_ros_interfaces\x1b[m\x1b[K::msg::Sound>("/commands/sound", 10);\n'}
[5.356308] (bt_behavior) StderrLine: {'line': b'      |                                               \x1b[01;31m\x1b[K^~~~~~~~~~~~~~~~~~~~~\x1b[m\x1b[K\n'}
[5.356547] (bt_behavior) StderrLine: {'line': b'      |                                               \x1b[32m\x1b[Kbuiltin_interfaces\x1b[m\x1b[K\n'}
[5.357056] (bt_behavior) StderrLine: {'line': b'\x1b[01m\x1b[K/home/alumnos/josetost/colcon_ws/src/navigation-grupo-dia-libre-1/bt_behavior/src/bt_behavior/Move.cpp:71:30:\x1b[m\x1b[K \x1b[01;31m\x1b[Kerror: \x1b[m\x1b[Kparse error in template argument list\n'}
[5.357246] (bt_behavior) StderrLine: {'line': b'   71 |   auto fail_pub = fail_node->\x1b[01;31m\x1b[Kcreate_publisher<kobuki_ros_interfaces::msg::Sound>\x1b[m\x1b[K("/commands/sound", 10);\n'}
[5.357954] (bt_behavior) StderrLine: {'line': b'      |                              \x1b[01;31m\x1b[K^~~~~~~~~~~~~~~~~~~~~~~~~~~~~~~~~~~~~~~~~~~~~~~~~~~\x1b[m\x1b[K\n'}
[5.358130] (bt_behavior) StderrLine: {'line': b'\x1b[01m\x1b[K/home/alumnos/josetost/colcon_ws/src/navigation-grupo-dia-libre-1/bt_behavior/src/bt_behavior/Move.cpp:71:103:\x1b[m\x1b[K \x1b[01;31m\x1b[Kerror: \x1b[m\x1b[Kno matching function for call to \xe2\x80\x98\x1b[01m\x1b[Krclcpp::Node::create_publisher<<expression error> >(const char [16], int)\x1b[m\x1b[K\xe2\x80\x99\n'}
[5.358304] (bt_behavior) StderrLine: {'line': b'   71 |   auto fail_pub = fail_node->create_publisher<kobuki_ros_interfaces::msg::Sound>("/commands/sound", 10\x1b[01;31m\x1b[K)\x1b[m\x1b[K;\n'}
[5.359254] (bt_behavior) StderrLine: {'line': b'      |                                                                                                       \x1b[01;31m\x1b[K^\x1b[m\x1b[K\n'}
[5.359682] (bt_behavior) StderrLine: {'line': b'In file included from \x1b[01m\x1b[K/opt/ros/foxy/include/rclcpp/executors/single_threaded_executor.hpp:28\x1b[m\x1b[K,\n'}
[5.359833] (bt_behavior) StderrLine: {'line': b'                 from \x1b[01m\x1b[K/opt/ros/foxy/include/rclcpp/executors.hpp:22\x1b[m\x1b[K,\n'}
[5.360657] (bt_behavior) StderrLine: {'line': b'                 from \x1b[01m\x1b[K/opt/ros/foxy/include/rclcpp/rclcpp.hpp:146\x1b[m\x1b[K,\n'}
[5.361352] (bt_behavior) StderrLine: {'line': b'                 from \x1b[01m\x1b[K/home/alumnos/josetost/colcon_ws/src/navigation-grupo-dia-libre-1/bt_behavior/include/bt_behavior/ctrl_support/BTActionNode.hpp:22\x1b[m\x1b[K,\n'}
[5.361556] (bt_behavior) StderrLine: {'line': b'                 from \x1b[01m\x1b[K/home/alumnos/josetost/colcon_ws/src/navigation-grupo-dia-libre-1/bt_behavior/include/bt_behavior/Move.hpp:23\x1b[m\x1b[K,\n'}
[5.362428] (bt_behavior) StderrLine: {'line': b'                 from \x1b[01m\x1b[K/home/alumnos/josetost/colcon_ws/src/navigation-grupo-dia-libre-1/bt_behavior/src/bt_behavior/Move.cpp:20\x1b[m\x1b[K:\n'}
[5.363202] (bt_behavior) StderrLine: {'line': b'\x1b[01m\x1b[K/opt/ros/foxy/include/rclcpp/node.hpp:184:3:\x1b[m\x1b[K \x1b[01;36m\x1b[Knote: \x1b[m\x1b[Kcandidate: \xe2\x80\x98\x1b[01m\x1b[Ktemplate<class MessageT, class AllocatorT, class PublisherT> std::shared_ptr<PublisherT> rclcpp::Node::create_publisher(const string&, const rclcpp::QoS&, const rclcpp::PublisherOptionsWithAllocator<AllocatorT>&)\x1b[m\x1b[K\xe2\x80\x99\n'}
[5.363365] (bt_behavior) StderrLine: {'line': b'  184 |   \x1b[01;36m\x1b[Kcreate_publisher\x1b[m\x1b[K(\n'}
[5.363976] (bt_behavior) StderrLine: {'line': b'      |   \x1b[01;36m\x1b[K^~~~~~~~~~~~~~~~\x1b[m\x1b[K\n'}
[5.364167] (bt_behavior) StderrLine: {'line': b'\x1b[01m\x1b[K/opt/ros/foxy/include/rclcpp/node.hpp:184:3:\x1b[m\x1b[K \x1b[01;36m\x1b[Knote: \x1b[m\x1b[K  template argument deduction/substitution failed:\n'}
[5.364686] (bt_behavior) StderrLine: {'line': b'\x1b[01m\x1b[K/home/alumnos/josetost/colcon_ws/src/navigation-grupo-dia-libre-1/bt_behavior/src/bt_behavior/Move.cpp:71:103:\x1b[m\x1b[K \x1b[01;31m\x1b[Kerror: \x1b[m\x1b[Ktemplate argument 1 is invalid\n'}
[5.364873] (bt_behavior) StderrLine: {'line': b'   71 |   auto fail_pub = fail_node->create_publisher<kobuki_ros_interfaces::msg::Sound>("/commands/sound", 10\x1b[01;31m\x1b[K)\x1b[m\x1b[K;\n'}
[5.365052] (bt_behavior) StderrLine: {'line': b'      |                                                                                                       \x1b[01;31m\x1b[K^\x1b[m\x1b[K\n'}
[5.365741] (bt_behavior) StderrLine: {'line': b'\x1b[01m\x1b[K/home/alumnos/josetost/colcon_ws/src/navigation-grupo-dia-libre-1/bt_behavior/src/bt_behavior/Move.cpp:73:3:\x1b[m\x1b[K \x1b[01;31m\x1b[Kerror: \x1b[m\x1b[K\xe2\x80\x98\x1b[01m\x1b[Kkobuki_ros_interfaces\x1b[m\x1b[K\xe2\x80\x99 is not a class, namespace, or enumeration\n'}
[5.365927] (bt_behavior) StderrLine: {'line': b'   73 |   \x1b[01;31m\x1b[Kkobuki_ros_interfaces\x1b[m\x1b[K::msg::Sound beep;\n'}
[5.366463] (bt_behavior) StderrLine: {'line': b'      |   \x1b[01;31m\x1b[K^~~~~~~~~~~~~~~~~~~~~\x1b[m\x1b[K\n'}
[5.366644] (bt_behavior) StderrLine: {'line': b'\x1b[01m\x1b[K/home/alumnos/josetost/colcon_ws/src/navigation-grupo-dia-libre-1/bt_behavior/src/bt_behavior/Move.cpp:74:3:\x1b[m\x1b[K \x1b[01;31m\x1b[Kerror: \x1b[m\x1b[K\xe2\x80\x98\x1b[01m\x1b[Kbeep\x1b[m\x1b[K\xe2\x80\x99 was not declared in this scope\n'}
[5.367190] (bt_behavior) StderrLine: {'line': b'   74 |   \x1b[01;31m\x1b[Kbeep\x1b[m\x1b[K.value = OFF;\n'}
[5.367379] (bt_behavior) StderrLine: {'line': b'      |   \x1b[01;31m\x1b[K^~~~\x1b[m\x1b[K\n'}
[5.367962] (bt_behavior) StderrLine: {'line': b'\x1b[01m\x1b[K/home/alumnos/josetost/colcon_ws/src/navigation-grupo-dia-libre-1/bt_behavior/src/bt_behavior/Move.cpp:\x1b[m\x1b[K In member function \xe2\x80\x98\x1b[01m\x1b[Kvirtual BT::NodeStatus bt_behavior::Move::on_cancelled()\x1b[m\x1b[K\xe2\x80\x99:\n'}
[5.368152] (bt_behavior) StderrLine: {'line': b'\x1b[01m\x1b[K/home/alumnos/josetost/colcon_ws/src/navigation-grupo-dia-libre-1/bt_behavior/src/bt_behavior/Move.cpp:87:51:\x1b[m\x1b[K \x1b[01;31m\x1b[Kerror: \x1b[m\x1b[K\xe2\x80\x98\x1b[01m\x1b[Kkobuki_ros_interfaces\x1b[m\x1b[K\xe2\x80\x99 was not declared in this scope; did you mean \xe2\x80\x98\x1b[01m\x1b[Kbuiltin_interfaces\x1b[m\x1b[K\xe2\x80\x99?\n'}
[5.368969] (bt_behavior) StderrLine: {'line': b'   87 |   auto cancel_pub = cancel_node->create_publisher<\x1b[01;31m\x1b[Kkobuki_ros_interfaces\x1b[m\x1b[K::msg::Sound>("/commands/sound", 10);\n'}
[5.369669] (bt_behavior) StderrLine: {'line': b'      |                                                   \x1b[01;31m\x1b[K^~~~~~~~~~~~~~~~~~~~~\x1b[m\x1b[K\n'}
[5.370547] (bt_behavior) StderrLine: {'line': b'      |                                                   \x1b[32m\x1b[Kbuiltin_interfaces\x1b[m\x1b[K\n'}
[5.370715] (bt_behavior) StderrLine: {'line': b'\x1b[01m\x1b[K/home/alumnos/josetost/colcon_ws/src/navigation-grupo-dia-libre-1/bt_behavior/src/bt_behavior/Move.cpp:87:34:\x1b[m\x1b[K \x1b[01;31m\x1b[Kerror: \x1b[m\x1b[Kparse error in template argument list\n'}
[5.371318] (bt_behavior) StderrLine: {'line': b'   87 |   auto cancel_pub = cancel_node->\x1b[01;31m\x1b[Kcreate_publisher<kobuki_ros_interfaces::msg::Sound>\x1b[m\x1b[K("/commands/sound", 10);\n'}
[5.371527] (bt_behavior) StderrLine: {'line': b'      |                                  \x1b[01;31m\x1b[K^~~~~~~~~~~~~~~~~~~~~~~~~~~~~~~~~~~~~~~~~~~~~~~~~~~\x1b[m\x1b[K\n'}
[5.371713] (bt_behavior) StderrLine: {'line': b'\x1b[01m\x1b[K/home/alumnos/josetost/colcon_ws/src/navigation-grupo-dia-libre-1/bt_behavior/src/bt_behavior/Move.cpp:87:107:\x1b[m\x1b[K \x1b[01;31m\x1b[Kerror: \x1b[m\x1b[Kno matching function for call to \xe2\x80\x98\x1b[01m\x1b[Krclcpp::Node::create_publisher<<expression error> >(const char [16], int)\x1b[m\x1b[K\xe2\x80\x99\n'}
[5.372408] (bt_behavior) StderrLine: {'line': b'   87 |   auto cancel_pub = cancel_node->create_publisher<kobuki_ros_interfaces::msg::Sound>("/commands/sound", 10\x1b[01;31m\x1b[K)\x1b[m\x1b[K;\n'}
[5.373003] (bt_behavior) StderrLine: {'line': b'      |                                                                                                           \x1b[01;31m\x1b[K^\x1b[m\x1b[K\n'}
[5.373189] (bt_behavior) StderrLine: {'line': b'In file included from \x1b[01m\x1b[K/opt/ros/foxy/include/rclcpp/executors/single_threaded_executor.hpp:28\x1b[m\x1b[K,\n'}
[5.373848] (bt_behavior) StderrLine: {'line': b'                 from \x1b[01m\x1b[K/opt/ros/foxy/include/rclcpp/executors.hpp:22\x1b[m\x1b[K,\n'}
[5.374033] (bt_behavior) StderrLine: {'line': b'                 from \x1b[01m\x1b[K/opt/ros/foxy/include/rclcpp/rclcpp.hpp:146\x1b[m\x1b[K,\n'}
[5.374660] (bt_behavior) StderrLine: {'line': b'                 from \x1b[01m\x1b[K/home/alumnos/josetost/colcon_ws/src/navigation-grupo-dia-libre-1/bt_behavior/include/bt_behavior/ctrl_support/BTActionNode.hpp:22\x1b[m\x1b[K,\n'}
[5.374850] (bt_behavior) StderrLine: {'line': b'                 from \x1b[01m\x1b[K/home/alumnos/josetost/colcon_ws/src/navigation-grupo-dia-libre-1/bt_behavior/include/bt_behavior/Move.hpp:23\x1b[m\x1b[K,\n'}
[5.375528] (bt_behavior) StderrLine: {'line': b'                 from \x1b[01m\x1b[K/home/alumnos/josetost/colcon_ws/src/navigation-grupo-dia-libre-1/bt_behavior/src/bt_behavior/Move.cpp:20\x1b[m\x1b[K:\n'}
[5.376133] (bt_behavior) StderrLine: {'line': b'\x1b[01m\x1b[K/opt/ros/foxy/include/rclcpp/node.hpp:184:3:\x1b[m\x1b[K \x1b[01;36m\x1b[Knote: \x1b[m\x1b[Kcandidate: \xe2\x80\x98\x1b[01m\x1b[Ktemplate<class MessageT, class AllocatorT, class PublisherT> std::shared_ptr<PublisherT> rclcpp::Node::create_publisher(const string&, const rclcpp::QoS&, const rclcpp::PublisherOptionsWithAllocator<AllocatorT>&)\x1b[m\x1b[K\xe2\x80\x99\n'}
[5.376323] (bt_behavior) StderrLine: {'line': b'  184 |   \x1b[01;36m\x1b[Kcreate_publisher\x1b[m\x1b[K(\n'}
[5.376821] (bt_behavior) StderrLine: {'line': b'      |   \x1b[01;36m\x1b[K^~~~~~~~~~~~~~~~\x1b[m\x1b[K\n'}
[5.377000] (bt_behavior) StderrLine: {'line': b'\x1b[01m\x1b[K/opt/ros/foxy/include/rclcpp/node.hpp:184:3:\x1b[m\x1b[K \x1b[01;36m\x1b[Knote: \x1b[m\x1b[K  template argument deduction/substitution failed:\n'}
[5.377542] (bt_behavior) StderrLine: {'line': b'\x1b[01m\x1b[K/home/alumnos/josetost/colcon_ws/src/navigation-grupo-dia-libre-1/bt_behavior/src/bt_behavior/Move.cpp:87:107:\x1b[m\x1b[K \x1b[01;31m\x1b[Kerror: \x1b[m\x1b[Ktemplate argument 1 is invalid\n'}
[5.377729] (bt_behavior) StderrLine: {'line': b'   87 |   auto cancel_pub = cancel_node->create_publisher<kobuki_ros_interfaces::msg::Sound>("/commands/sound", 10\x1b[01;31m\x1b[K)\x1b[m\x1b[K;\n'}
[5.377907] (bt_behavior) StderrLine: {'line': b'      |                                                                                                           \x1b[01;31m\x1b[K^\x1b[m\x1b[K\n'}
[5.378487] (bt_behavior) StderrLine: {'line': b'\x1b[01m\x1b[K/home/alumnos/josetost/colcon_ws/src/navigation-grupo-dia-libre-1/bt_behavior/src/bt_behavior/Move.cpp:89:3:\x1b[m\x1b[K \x1b[01;31m\x1b[Kerror: \x1b[m\x1b[K\xe2\x80\x98\x1b[01m\x1b[Kkobuki_ros_interfaces\x1b[m\x1b[K\xe2\x80\x99 is not a class, namespace, or enumeration\n'}
[5.378684] (bt_behavior) StderrLine: {'line': b'   89 |   \x1b[01;31m\x1b[Kkobuki_ros_interfaces\x1b[m\x1b[K::msg::Sound beep;\n'}
[5.379264] (bt_behavior) StderrLine: {'line': b'      |   \x1b[01;31m\x1b[K^~~~~~~~~~~~~~~~~~~~~\x1b[m\x1b[K\n'}
[5.379445] (bt_behavior) StderrLine: {'line': b'\x1b[01m\x1b[K/home/alumnos/josetost/colcon_ws/src/navigation-grupo-dia-libre-1/bt_behavior/src/bt_behavior/Move.cpp:90:3:\x1b[m\x1b[K \x1b[01;31m\x1b[Kerror: \x1b[m\x1b[K\xe2\x80\x98\x1b[01m\x1b[Kbeep\x1b[m\x1b[K\xe2\x80\x99 was not declared in this scope\n'}
[5.379920] (bt_behavior) StderrLine: {'line': b'   90 |   \x1b[01;31m\x1b[Kbeep\x1b[m\x1b[K.value = CLEANINGEND;\n'}
[5.380101] (bt_behavior) StderrLine: {'line': b'      |   \x1b[01;31m\x1b[K^~~~\x1b[m\x1b[K\n'}
[5.417780] (-) TimerEvent: {}
[5.518217] (-) TimerEvent: {}
[5.618652] (-) TimerEvent: {}
[5.719066] (-) TimerEvent: {}
[5.819481] (-) TimerEvent: {}
[5.919891] (-) TimerEvent: {}
[6.020317] (-) TimerEvent: {}
[6.120751] (-) TimerEvent: {}
[6.221188] (-) TimerEvent: {}
[6.321610] (-) TimerEvent: {}
[6.422030] (-) TimerEvent: {}
[6.522443] (-) TimerEvent: {}
[6.604068] (bt_behavior) StderrLine: {'line': b'make[2]: *** [CMakeFiles/br2_move_bt_node.dir/build.make:63: CMakeFiles/br2_move_bt_node.dir/src/bt_behavior/Move.cpp.o] Error 1\n'}
[6.605201] (bt_behavior) StderrLine: {'line': b'make[1]: *** [CMakeFiles/Makefile2:152: CMakeFiles/br2_move_bt_node.dir/all] Error 2\n'}
[6.605596] (bt_behavior) StderrLine: {'line': b'make[1]: *** Se espera a que terminen otras tareas....\n'}
[6.622549] (-) TimerEvent: {}
[6.704715] (bt_behavior) StdoutLine: {'line': b'[ 71%] \x1b[32m\x1b[1mLinking CXX shared library libbr2_irf_bt_node.so\x1b[0m\n'}
[6.722670] (-) TimerEvent: {}
[6.823112] (-) TimerEvent: {}
[6.923566] (-) TimerEvent: {}
[6.975504] (bt_behavior) StdoutLine: {'line': b'[ 71%] Built target br2_irf_bt_node\n'}
[7.023689] (-) TimerEvent: {}
[7.124108] (-) TimerEvent: {}
[7.224573] (-) TimerEvent: {}
[7.324976] (-) TimerEvent: {}
[7.425371] (-) TimerEvent: {}
[7.525777] (-) TimerEvent: {}
[7.626182] (-) TimerEvent: {}
[7.726597] (-) TimerEvent: {}
[7.827008] (-) TimerEvent: {}
[7.927379] (-) TimerEvent: {}
[8.027751] (-) TimerEvent: {}
[8.128121] (-) TimerEvent: {}
[8.228498] (-) TimerEvent: {}
[8.328883] (-) TimerEvent: {}
[8.429215] (-) TimerEvent: {}
[8.529553] (-) TimerEvent: {}
[8.595919] (bt_behavior) StdoutLine: {'line': b'[ 78%] \x1b[32m\x1b[1mLinking CXX executable nav_wp\x1b[0m\n'}
[8.629709] (-) TimerEvent: {}
[8.730093] (-) TimerEvent: {}
[8.830476] (-) TimerEvent: {}
[8.930805] (-) TimerEvent: {}
[8.932610] (bt_behavior) StdoutLine: {'line': b'[ 78%] Built target nav_wp\n'}
[9.030937] (-) TimerEvent: {}
[9.131317] (-) TimerEvent: {}
[9.231701] (-) TimerEvent: {}
[9.332097] (-) TimerEvent: {}
[9.432526] (-) TimerEvent: {}
[9.532928] (-) TimerEvent: {}
[9.633297] (-) TimerEvent: {}
[9.733670] (-) TimerEvent: {}
[9.834033] (-) TimerEvent: {}
[9.934412] (-) TimerEvent: {}
[10.034784] (-) TimerEvent: {}
[10.135147] (-) TimerEvent: {}
[10.235512] (-) TimerEvent: {}
[10.335874] (-) TimerEvent: {}
[10.436226] (-) TimerEvent: {}
[10.536575] (-) TimerEvent: {}
[10.636934] (-) TimerEvent: {}
[10.737291] (-) TimerEvent: {}
[10.837647] (-) TimerEvent: {}
[10.938005] (-) TimerEvent: {}
[11.038350] (-) TimerEvent: {}
[11.138727] (-) TimerEvent: {}
[11.239097] (-) TimerEvent: {}
[11.339483] (-) TimerEvent: {}
[11.439851] (-) TimerEvent: {}
[11.540198] (-) TimerEvent: {}
[11.640556] (-) TimerEvent: {}
[11.740939] (-) TimerEvent: {}
[11.841331] (-) TimerEvent: {}
[11.941728] (-) TimerEvent: {}
[12.042081] (-) TimerEvent: {}
[12.142439] (-) TimerEvent: {}
[12.242782] (-) TimerEvent: {}
[12.343144] (-) TimerEvent: {}
[12.443510] (-) TimerEvent: {}
[12.543874] (-) TimerEvent: {}
[12.644241] (-) TimerEvent: {}
[12.744644] (-) TimerEvent: {}
[12.845079] (-) TimerEvent: {}
[12.945573] (-) TimerEvent: {}
[13.045915] (-) TimerEvent: {}
[13.146278] (-) TimerEvent: {}
[13.168057] (bt_behavior) StdoutLine: {'line': b'[ 85%] \x1b[32m\x1b[1mLinking CXX shared library libbr2_gnw_bt_node.so\x1b[0m\n'}
[13.246356] (-) TimerEvent: {}
[13.346768] (-) TimerEvent: {}
[13.447221] (-) TimerEvent: {}
[13.547601] (-) TimerEvent: {}
[13.648007] (-) TimerEvent: {}
[13.748369] (-) TimerEvent: {}
[13.848725] (-) TimerEvent: {}
[13.949225] (-) TimerEvent: {}
[14.027600] (bt_behavior) StdoutLine: {'line': b'[ 85%] Built target br2_gnw_bt_node\n'}
[14.049347] (-) TimerEvent: {}
[14.057843] (bt_behavior) StdoutLine: {'line': b'[ 92%] \x1b[32m\x1b[1mLinking CXX executable bt_action_test\x1b[0m\n'}
[14.149492] (-) TimerEvent: {}
[14.249907] (-) TimerEvent: {}
[14.350372] (-) TimerEvent: {}
[14.450773] (-) TimerEvent: {}
[14.551172] (-) TimerEvent: {}
[14.651532] (-) TimerEvent: {}
[14.751948] (-) TimerEvent: {}
[14.852451] (-) TimerEvent: {}
[14.952915] (-) TimerEvent: {}
[15.053358] (-) TimerEvent: {}
[15.087342] (bt_behavior) StdoutLine: {'line': b'[ 92%] Built target bt_action_test\n'}
[15.088669] (bt_behavior) StderrLine: {'line': b'make: *** [Makefile:141: all] Error 2\n'}
[15.091247] (bt_behavior) CommandEnded: {'returncode': 2}
[15.153537] (-) TimerEvent: {}
[15.170281] (bt_behavior) JobEnded: {'identifier': 'bt_behavior', 'rc': 2}
[15.181393] (-) EventReactorShutdown: {}
