[0.206s] DEBUG:colcon:Command line arguments: ['/usr/bin/colcon', 'build', '--symlink-install']
[0.206s] DEBUG:colcon:Parsed command line arguments: Namespace(allow_overriding=[], ament_cmake_args=None, base_paths=['.'], build_base='build', catkin_cmake_args=None, catkin_skip_building_tests=False, cmake_args=None, cmake_clean_cache=False, cmake_clean_first=False, cmake_force_configure=False, cmake_target=None, cmake_target_skip_unavailable=False, continue_on_error=False, event_handlers=None, executor='parallel', ignore_user_meta=False, install_base='install', log_base=None, log_level=None, main=<bound method BuildVerb.main of <colcon_core.verb.build.BuildVerb object at 0x7f186c735a60>>, merge_install=False, metas=['./colcon.meta'], mixin=None, mixin_files=None, mixin_verb=('build',), packages_above=None, packages_above_and_dependencies=None, packages_above_depth=None, packages_end=None, packages_ignore=None, packages_ignore_regex=None, packages_select=None, packages_select_build_failed=False, packages_select_by_dep=None, packages_select_regex=None, packages_select_test_failures=False, packages_skip=None, packages_skip_build_finished=False, packages_skip_by_dep=None, packages_skip_regex=None, packages_skip_test_passed=False, packages_skip_up_to=None, packages_start=None, packages_up_to=None, packages_up_to_regex=None, parallel_workers=8, paths=None, symlink_install=True, test_result_base=None, verb_extension=<colcon_core.verb.build.BuildVerb object at 0x7f186c735a60>, verb_name='build', verb_parser=<colcon_mixin.mixin.mixin_argument.MixinArgumentDecorator object at 0x7f186c6bd0d0>)
[0.219s] Level 1:colcon.colcon_core.package_discovery:discover_packages(colcon_meta) check parameters
[0.219s] Level 1:colcon.colcon_core.package_discovery:discover_packages(recursive) check parameters
[0.220s] Level 1:colcon.colcon_core.package_discovery:discover_packages(ignore) check parameters
[0.220s] Level 1:colcon.colcon_core.package_discovery:discover_packages(path) check parameters
[0.220s] Level 1:colcon.colcon_core.package_discovery:discover_packages(colcon_meta) discover
[0.221s] Level 1:colcon.colcon_core.package_discovery:discover_packages(recursive) discover
[0.221s] INFO:colcon.colcon_core.package_discovery:Crawling recursively for packages in '/home/alumnos/josetost/colcon_ws/src/navigation-grupo-dia-libre-1'
[0.222s] Level 1:colcon.colcon_core.package_identification:_identify(.) by extensions ['ignore', 'ignore_ament_install']
[0.222s] Level 1:colcon.colcon_core.package_identification:_identify(.) by extension 'ignore'
[0.222s] Level 1:colcon.colcon_core.package_identification:_identify(.) by extension 'ignore_ament_install'
[0.223s] Level 1:colcon.colcon_core.package_identification:_identify(.) by extensions ['colcon_pkg']
[0.223s] Level 1:colcon.colcon_core.package_identification:_identify(.) by extension 'colcon_pkg'
[0.223s] Level 1:colcon.colcon_core.package_identification:_identify(.) by extensions ['colcon_meta']
[0.224s] Level 1:colcon.colcon_core.package_identification:_identify(.) by extension 'colcon_meta'
[0.224s] Level 1:colcon.colcon_core.package_identification:_identify(.) by extensions ['ros']
[0.224s] Level 1:colcon.colcon_core.package_identification:_identify(.) by extension 'ros'
[0.238s] Level 1:colcon.colcon_core.package_identification:_identify(.) by extensions ['cmake', 'python']
[0.238s] Level 1:colcon.colcon_core.package_identification:_identify(.) by extension 'cmake'
[0.238s] Level 1:colcon.colcon_core.package_identification:_identify(.) by extension 'python'
[0.243s] Level 1:colcon.colcon_core.package_identification:_identify(.) by extensions ['python_setup_py']
[0.243s] Level 1:colcon.colcon_core.package_identification:_identify(.) by extension 'python_setup_py'
[0.243s] Level 1:colcon.colcon_core.package_identification:_identify(bt_behavior) by extensions ['ignore', 'ignore_ament_install']
[0.244s] Level 1:colcon.colcon_core.package_identification:_identify(bt_behavior) by extension 'ignore'
[0.244s] Level 1:colcon.colcon_core.package_identification:_identify(bt_behavior) by extension 'ignore_ament_install'
[0.245s] Level 1:colcon.colcon_core.package_identification:_identify(bt_behavior) by extensions ['colcon_pkg']
[0.245s] Level 1:colcon.colcon_core.package_identification:_identify(bt_behavior) by extension 'colcon_pkg'
[0.245s] Level 1:colcon.colcon_core.package_identification:_identify(bt_behavior) by extensions ['colcon_meta']
[0.245s] Level 1:colcon.colcon_core.package_identification:_identify(bt_behavior) by extension 'colcon_meta'
[0.245s] Level 1:colcon.colcon_core.package_identification:_identify(bt_behavior) by extensions ['ros']
[0.246s] Level 1:colcon.colcon_core.package_identification:_identify(bt_behavior) by extension 'ros'
[0.250s] DEBUG:colcon.colcon_core.package_identification:Package 'bt_behavior' with type 'ros.ament_cmake' and name 'bt_behavior'
[0.250s] Level 1:colcon.colcon_core.package_identification:_identify(build) by extensions ['ignore', 'ignore_ament_install']
[0.250s] Level 1:colcon.colcon_core.package_identification:_identify(build) by extension 'ignore'
[0.251s] Level 1:colcon.colcon_core.package_identification:_identify(build) ignored
[0.252s] Level 1:colcon.colcon_core.package_identification:_identify(install) by extensions ['ignore', 'ignore_ament_install']
[0.252s] Level 1:colcon.colcon_core.package_identification:_identify(install) by extension 'ignore'
[0.252s] Level 1:colcon.colcon_core.package_identification:_identify(install) ignored
[0.254s] Level 1:colcon.colcon_core.package_identification:_identify(kobuki_navigation) by extensions ['ignore', 'ignore_ament_install']
[0.254s] Level 1:colcon.colcon_core.package_identification:_identify(kobuki_navigation) by extension 'ignore'
[0.254s] Level 1:colcon.colcon_core.package_identification:_identify(kobuki_navigation) by extension 'ignore_ament_install'
[0.254s] Level 1:colcon.colcon_core.package_identification:_identify(kobuki_navigation) by extensions ['colcon_pkg']
[0.255s] Level 1:colcon.colcon_core.package_identification:_identify(kobuki_navigation) by extension 'colcon_pkg'
[0.255s] Level 1:colcon.colcon_core.package_identification:_identify(kobuki_navigation) by extensions ['colcon_meta']
[0.255s] Level 1:colcon.colcon_core.package_identification:_identify(kobuki_navigation) by extension 'colcon_meta'
[0.255s] Level 1:colcon.colcon_core.package_identification:_identify(kobuki_navigation) by extensions ['ros']
[0.256s] Level 1:colcon.colcon_core.package_identification:_identify(kobuki_navigation) by extension 'ros'
[0.257s] DEBUG:colcon.colcon_core.package_identification:Package 'kobuki_navigation' with type 'ros.ament_cmake' and name 'kobuki_navigation'
[0.257s] Level 1:colcon.colcon_core.package_identification:_identify(log) by extensions ['ignore', 'ignore_ament_install']
[0.258s] Level 1:colcon.colcon_core.package_identification:_identify(log) by extension 'ignore'
[0.258s] Level 1:colcon.colcon_core.package_identification:_identify(log) ignored
[0.258s] Level 1:colcon.colcon_core.package_discovery:discover_packages(recursive) using defaults
[0.258s] Level 1:colcon.colcon_core.package_discovery:discover_packages(ignore) discover
[0.258s] Level 1:colcon.colcon_core.package_discovery:discover_packages(ignore) using defaults
[0.259s] Level 1:colcon.colcon_core.package_discovery:discover_packages(path) discover
[0.259s] Level 1:colcon.colcon_core.package_discovery:discover_packages(path) using defaults
[0.292s] Level 5:colcon.colcon_core.verb:set package 'bt_behavior' build argument 'cmake_args' from command line to 'None'
[0.292s] Level 5:colcon.colcon_core.verb:set package 'bt_behavior' build argument 'cmake_target' from command line to 'None'
[0.292s] Level 5:colcon.colcon_core.verb:set package 'bt_behavior' build argument 'cmake_target_skip_unavailable' from command line to 'False'
[0.293s] Level 5:colcon.colcon_core.verb:set package 'bt_behavior' build argument 'cmake_clean_cache' from command line to 'False'
[0.293s] Level 5:colcon.colcon_core.verb:set package 'bt_behavior' build argument 'cmake_clean_first' from command line to 'False'
[0.293s] Level 5:colcon.colcon_core.verb:set package 'bt_behavior' build argument 'cmake_force_configure' from command line to 'False'
[0.293s] Level 5:colcon.colcon_core.verb:set package 'bt_behavior' build argument 'ament_cmake_args' from command line to 'None'
[0.293s] Level 5:colcon.colcon_core.verb:set package 'bt_behavior' build argument 'catkin_cmake_args' from command line to 'None'
[0.293s] Level 5:colcon.colcon_core.verb:set package 'bt_behavior' build argument 'catkin_skip_building_tests' from command line to 'False'
[0.294s] DEBUG:colcon.colcon_core.verb:Building package 'bt_behavior' with the following arguments: {'ament_cmake_args': None, 'build_base': '/home/alumnos/josetost/colcon_ws/src/navigation-grupo-dia-libre-1/build/bt_behavior', 'catkin_cmake_args': None, 'catkin_skip_building_tests': False, 'cmake_args': None, 'cmake_clean_cache': False, 'cmake_clean_first': False, 'cmake_force_configure': False, 'cmake_target': None, 'cmake_target_skip_unavailable': False, 'install_base': '/home/alumnos/josetost/colcon_ws/src/navigation-grupo-dia-libre-1/install/bt_behavior', 'merge_install': False, 'path': '/home/alumnos/josetost/colcon_ws/src/navigation-grupo-dia-libre-1/bt_behavior', 'symlink_install': True, 'test_result_base': None}
[0.295s] Level 5:colcon.colcon_core.verb:set package 'kobuki_navigation' build argument 'cmake_args' from command line to 'None'
[0.295s] Level 5:colcon.colcon_core.verb:set package 'kobuki_navigation' build argument 'cmake_target' from command line to 'None'
[0.295s] Level 5:colcon.colcon_core.verb:set package 'kobuki_navigation' build argument 'cmake_target_skip_unavailable' from command line to 'False'
[0.295s] Level 5:colcon.colcon_core.verb:set package 'kobuki_navigation' build argument 'cmake_clean_cache' from command line to 'False'
[0.295s] Level 5:colcon.colcon_core.verb:set package 'kobuki_navigation' build argument 'cmake_clean_first' from command line to 'False'
[0.295s] Level 5:colcon.colcon_core.verb:set package 'kobuki_navigation' build argument 'cmake_force_configure' from command line to 'False'
[0.296s] Level 5:colcon.colcon_core.verb:set package 'kobuki_navigation' build argument 'ament_cmake_args' from command line to 'None'
[0.296s] Level 5:colcon.colcon_core.verb:set package 'kobuki_navigation' build argument 'catkin_cmake_args' from command line to 'None'
[0.296s] Level 5:colcon.colcon_core.verb:set package 'kobuki_navigation' build argument 'catkin_skip_building_tests' from command line to 'False'
[0.296s] DEBUG:colcon.colcon_core.verb:Building package 'kobuki_navigation' with the following arguments: {'ament_cmake_args': None, 'build_base': '/home/alumnos/josetost/colcon_ws/src/navigation-grupo-dia-libre-1/build/kobuki_navigation', 'catkin_cmake_args': None, 'catkin_skip_building_tests': False, 'cmake_args': None, 'cmake_clean_cache': False, 'cmake_clean_first': False, 'cmake_force_configure': False, 'cmake_target': None, 'cmake_target_skip_unavailable': False, 'install_base': '/home/alumnos/josetost/colcon_ws/src/navigation-grupo-dia-libre-1/install/kobuki_navigation', 'merge_install': False, 'path': '/home/alumnos/josetost/colcon_ws/src/navigation-grupo-dia-libre-1/kobuki_navigation', 'symlink_install': True, 'test_result_base': None}
[0.377s] INFO:colcon.colcon_core.executor:Executing jobs using 'parallel' executor
[0.380s] DEBUG:colcon.colcon_parallel_executor.executor.parallel:run_until_complete
[0.381s] INFO:colcon.colcon_ros.task.ament_cmake.build:Building ROS package in '/home/alumnos/josetost/colcon_ws/src/navigation-grupo-dia-libre-1/bt_behavior' with build type 'ament_cmake'
[0.381s] INFO:colcon.colcon_cmake.task.cmake.build:Building CMake package in '/home/alumnos/josetost/colcon_ws/src/navigation-grupo-dia-libre-1/bt_behavior'
[0.389s] INFO:colcon.colcon_core.plugin_system:Skipping extension 'colcon_core.shell.bat': Not used on non-Windows systems
[0.390s] INFO:colcon.colcon_core.shell:Skip shell extension 'powershell' for command environment: Not usable outside of PowerShell
[0.390s] DEBUG:colcon.colcon_core.shell:Skip shell extension 'dsv' for command environment
[0.403s] INFO:colcon.colcon_ros.task.ament_cmake.build:Building ROS package in '/home/alumnos/josetost/colcon_ws/src/navigation-grupo-dia-libre-1/kobuki_navigation' with build type 'ament_cmake'
[0.403s] INFO:colcon.colcon_cmake.task.cmake.build:Building CMake package in '/home/alumnos/josetost/colcon_ws/src/navigation-grupo-dia-libre-1/kobuki_navigation'
[0.405s] INFO:colcon.colcon_core.shell:Skip shell extension 'powershell' for command environment: Not usable outside of PowerShell
[0.406s] DEBUG:colcon.colcon_core.shell:Skip shell extension 'dsv' for command environment
[0.439s] DEBUG:colcon.colcon_core.event_handler.log_command:Invoking command in '/home/alumnos/josetost/colcon_ws/src/navigation-grupo-dia-libre-1/build/bt_behavior': CMAKE_PREFIX_PATH=/opt/ros/foxy /usr/bin/cmake --build /home/alumnos/josetost/colcon_ws/src/navigation-grupo-dia-libre-1/build/bt_behavior -- -j8 -l8
[0.451s] DEBUG:colcon.colcon_core.event_handler.log_command:Invoking command in '/home/alumnos/josetost/colcon_ws/src/navigation-grupo-dia-libre-1/build/kobuki_navigation': CMAKE_PREFIX_PATH=/opt/ros/foxy /usr/bin/cmake --build /home/alumnos/josetost/colcon_ws/src/navigation-grupo-dia-libre-1/build/kobuki_navigation -- -j8 -l8
[0.507s] DEBUG:colcon.colcon_core.event_handler.log_command:Invoked command in '/home/alumnos/josetost/colcon_ws/src/navigation-grupo-dia-libre-1/build/kobuki_navigation' returned '0': CMAKE_PREFIX_PATH=/opt/ros/foxy /usr/bin/cmake --build /home/alumnos/josetost/colcon_ws/src/navigation-grupo-dia-libre-1/build/kobuki_navigation -- -j8 -l8
[0.545s] DEBUG:colcon.colcon_core.event_handler.log_command:Invoking command in '/home/alumnos/josetost/colcon_ws/src/navigation-grupo-dia-libre-1/build/kobuki_navigation': CMAKE_PREFIX_PATH=/opt/ros/foxy /usr/bin/cmake --install /home/alumnos/josetost/colcon_ws/src/navigation-grupo-dia-libre-1/build/kobuki_navigation
[0.620s] Level 1:colcon.colcon_core.environment:create_environment_scripts_only(kobuki_navigation)
[0.621s] DEBUG:colcon.colcon_core.event_handler.log_command:Invoked command in '/home/alumnos/josetost/colcon_ws/src/navigation-grupo-dia-libre-1/build/kobuki_navigation' returned '0': CMAKE_PREFIX_PATH=/opt/ros/foxy /usr/bin/cmake --install /home/alumnos/josetost/colcon_ws/src/navigation-grupo-dia-libre-1/build/kobuki_navigation
[0.625s] Level 1:colcon.colcon_core.environment:checking '/home/alumnos/josetost/colcon_ws/src/navigation-grupo-dia-libre-1/install/kobuki_navigation' for CMake module files
[0.627s] Level 1:colcon.colcon_core.environment:checking '/home/alumnos/josetost/colcon_ws/src/navigation-grupo-dia-libre-1/install/kobuki_navigation' for CMake config files
[0.631s] Level 1:colcon.colcon_core.shell:create_environment_hook('kobuki_navigation', 'cmake_prefix_path')
[0.632s] INFO:colcon.colcon_core.shell:Creating environment hook '/home/alumnos/josetost/colcon_ws/src/navigation-grupo-dia-libre-1/install/kobuki_navigation/share/kobuki_navigation/hook/cmake_prefix_path.ps1'
[0.634s] INFO:colcon.colcon_core.shell:Creating environment descriptor '/home/alumnos/josetost/colcon_ws/src/navigation-grupo-dia-libre-1/install/kobuki_navigation/share/kobuki_navigation/hook/cmake_prefix_path.dsv'
[0.637s] INFO:colcon.colcon_core.shell:Creating environment hook '/home/alumnos/josetost/colcon_ws/src/navigation-grupo-dia-libre-1/install/kobuki_navigation/share/kobuki_navigation/hook/cmake_prefix_path.sh'
[0.640s] Level 1:colcon.colcon_core.environment:checking '/home/alumnos/josetost/colcon_ws/src/navigation-grupo-dia-libre-1/install/kobuki_navigation/bin'
[0.640s] Level 1:colcon.colcon_core.environment:checking '/home/alumnos/josetost/colcon_ws/src/navigation-grupo-dia-libre-1/install/kobuki_navigation/lib/pkgconfig/kobuki_navigation.pc'
[0.641s] Level 1:colcon.colcon_core.environment:checking '/home/alumnos/josetost/colcon_ws/src/navigation-grupo-dia-libre-1/install/kobuki_navigation/lib/python3.8/site-packages'
[0.642s] INFO:colcon.colcon_core.shell:Creating package script '/home/alumnos/josetost/colcon_ws/src/navigation-grupo-dia-libre-1/install/kobuki_navigation/share/kobuki_navigation/package.ps1'
[0.645s] INFO:colcon.colcon_core.shell:Creating package descriptor '/home/alumnos/josetost/colcon_ws/src/navigation-grupo-dia-libre-1/install/kobuki_navigation/share/kobuki_navigation/package.dsv'
[0.647s] INFO:colcon.colcon_core.shell:Creating package script '/home/alumnos/josetost/colcon_ws/src/navigation-grupo-dia-libre-1/install/kobuki_navigation/share/kobuki_navigation/package.sh'
[0.650s] INFO:colcon.colcon_core.shell:Creating package script '/home/alumnos/josetost/colcon_ws/src/navigation-grupo-dia-libre-1/install/kobuki_navigation/share/kobuki_navigation/package.bash'
[0.653s] INFO:colcon.colcon_core.shell:Creating package script '/home/alumnos/josetost/colcon_ws/src/navigation-grupo-dia-libre-1/install/kobuki_navigation/share/kobuki_navigation/package.zsh'
[0.655s] Level 1:colcon.colcon_core.environment:create_file_with_runtime_dependencies(/home/alumnos/josetost/colcon_ws/src/navigation-grupo-dia-libre-1/install/kobuki_navigation/share/colcon-core/packages/kobuki_navigation)
[0.682s] Level 1:colcon.colcon_core.environment:create_environment_scripts_only(kobuki_navigation)
[0.683s] Level 1:colcon.colcon_core.environment:checking '/home/alumnos/josetost/colcon_ws/src/navigation-grupo-dia-libre-1/install/kobuki_navigation' for CMake module files
[0.685s] Level 1:colcon.colcon_core.environment:checking '/home/alumnos/josetost/colcon_ws/src/navigation-grupo-dia-libre-1/install/kobuki_navigation' for CMake config files
[0.689s] Level 1:colcon.colcon_core.shell:create_environment_hook('kobuki_navigation', 'cmake_prefix_path')
[0.689s] INFO:colcon.colcon_core.shell:Creating environment hook '/home/alumnos/josetost/colcon_ws/src/navigation-grupo-dia-libre-1/install/kobuki_navigation/share/kobuki_navigation/hook/cmake_prefix_path.ps1'
[0.692s] INFO:colcon.colcon_core.shell:Creating environment descriptor '/home/alumnos/josetost/colcon_ws/src/navigation-grupo-dia-libre-1/install/kobuki_navigation/share/kobuki_navigation/hook/cmake_prefix_path.dsv'
[0.694s] INFO:colcon.colcon_core.shell:Creating environment hook '/home/alumnos/josetost/colcon_ws/src/navigation-grupo-dia-libre-1/install/kobuki_navigation/share/kobuki_navigation/hook/cmake_prefix_path.sh'
[0.697s] Level 1:colcon.colcon_core.environment:checking '/home/alumnos/josetost/colcon_ws/src/navigation-grupo-dia-libre-1/install/kobuki_navigation/bin'
[0.697s] Level 1:colcon.colcon_core.environment:checking '/home/alumnos/josetost/colcon_ws/src/navigation-grupo-dia-libre-1/install/kobuki_navigation/lib/pkgconfig/kobuki_navigation.pc'
[0.698s] Level 1:colcon.colcon_core.environment:checking '/home/alumnos/josetost/colcon_ws/src/navigation-grupo-dia-libre-1/install/kobuki_navigation/lib/python3.8/site-packages'
[0.698s] INFO:colcon.colcon_core.shell:Creating package script '/home/alumnos/josetost/colcon_ws/src/navigation-grupo-dia-libre-1/install/kobuki_navigation/share/kobuki_navigation/package.ps1'
[0.701s] INFO:colcon.colcon_core.shell:Creating package descriptor '/home/alumnos/josetost/colcon_ws/src/navigation-grupo-dia-libre-1/install/kobuki_navigation/share/kobuki_navigation/package.dsv'
[0.703s] INFO:colcon.colcon_core.shell:Creating package script '/home/alumnos/josetost/colcon_ws/src/navigation-grupo-dia-libre-1/install/kobuki_navigation/share/kobuki_navigation/package.sh'
[0.706s] INFO:colcon.colcon_core.shell:Creating package script '/home/alumnos/josetost/colcon_ws/src/navigation-grupo-dia-libre-1/install/kobuki_navigation/share/kobuki_navigation/package.bash'
[0.708s] INFO:colcon.colcon_core.shell:Creating package script '/home/alumnos/josetost/colcon_ws/src/navigation-grupo-dia-libre-1/install/kobuki_navigation/share/kobuki_navigation/package.zsh'
[0.711s] Level 1:colcon.colcon_core.environment:create_file_with_runtime_dependencies(/home/alumnos/josetost/colcon_ws/src/navigation-grupo-dia-libre-1/install/kobuki_navigation/share/colcon-core/packages/kobuki_navigation)
[15.474s] DEBUG:colcon.colcon_core.event_handler.log_command:Invoked command in '/home/alumnos/josetost/colcon_ws/src/navigation-grupo-dia-libre-1/build/bt_behavior' returned '2': CMAKE_PREFIX_PATH=/opt/ros/foxy /usr/bin/cmake --build /home/alumnos/josetost/colcon_ws/src/navigation-grupo-dia-libre-1/build/bt_behavior -- -j8 -l8
[15.524s] Level 1:colcon.colcon_core.environment:create_environment_scripts_only(bt_behavior)
[15.526s] Level 1:colcon.colcon_core.environment:checking '/home/alumnos/josetost/colcon_ws/src/navigation-grupo-dia-libre-1/install/bt_behavior' for CMake module files
[15.529s] Level 1:colcon.colcon_core.environment:checking '/home/alumnos/josetost/colcon_ws/src/navigation-grupo-dia-libre-1/install/bt_behavior' for CMake config files
[15.532s] Level 1:colcon.colcon_core.environment:checking '/home/alumnos/josetost/colcon_ws/src/navigation-grupo-dia-libre-1/install/bt_behavior/bin'
[15.532s] Level 1:colcon.colcon_core.environment:checking '/home/alumnos/josetost/colcon_ws/src/navigation-grupo-dia-libre-1/install/bt_behavior/lib/pkgconfig/bt_behavior.pc'
[15.533s] Level 1:colcon.colcon_core.environment:checking '/home/alumnos/josetost/colcon_ws/src/navigation-grupo-dia-libre-1/install/bt_behavior/lib/python3.8/site-packages'
[15.534s] INFO:colcon.colcon_core.shell:Creating package script '/home/alumnos/josetost/colcon_ws/src/navigation-grupo-dia-libre-1/install/bt_behavior/share/bt_behavior/package.ps1'
[15.537s] INFO:colcon.colcon_core.shell:Creating package descriptor '/home/alumnos/josetost/colcon_ws/src/navigation-grupo-dia-libre-1/install/bt_behavior/share/bt_behavior/package.dsv'
[15.540s] INFO:colcon.colcon_core.shell:Creating package script '/home/alumnos/josetost/colcon_ws/src/navigation-grupo-dia-libre-1/install/bt_behavior/share/bt_behavior/package.sh'
[15.543s] INFO:colcon.colcon_core.shell:Creating package script '/home/alumnos/josetost/colcon_ws/src/navigation-grupo-dia-libre-1/install/bt_behavior/share/bt_behavior/package.bash'
[15.546s] INFO:colcon.colcon_core.shell:Creating package script '/home/alumnos/josetost/colcon_ws/src/navigation-grupo-dia-libre-1/install/bt_behavior/share/bt_behavior/package.zsh'
[15.548s] Level 1:colcon.colcon_core.environment:create_file_with_runtime_dependencies(/home/alumnos/josetost/colcon_ws/src/navigation-grupo-dia-libre-1/install/bt_behavior/share/colcon-core/packages/bt_behavior)
[15.561s] DEBUG:colcon.colcon_parallel_executor.executor.parallel:closing loop
[15.562s] DEBUG:colcon.colcon_parallel_executor.executor.parallel:loop closed
[15.562s] DEBUG:colcon.colcon_parallel_executor.executor.parallel:run_until_complete finished with '2'
[15.562s] DEBUG:colcon.colcon_core.event_reactor:joining thread
[15.572s] INFO:colcon.colcon_core.plugin_system:Skipping extension 'colcon_notification.desktop_notification.terminal_notifier': Not used on non-Darwin systems
[15.572s] INFO:colcon.colcon_core.plugin_system:Skipping extension 'colcon_notification.desktop_notification.win32': Not used on non-Windows systems
[15.573s] INFO:colcon.colcon_notification.desktop_notification:Sending desktop notification using 'notify2'
[15.591s] DEBUG:colcon.colcon_core.event_reactor:joined thread
[15.592s] INFO:colcon.colcon_core.shell:Creating prefix script '/home/alumnos/josetost/colcon_ws/src/navigation-grupo-dia-libre-1/install/local_setup.ps1'
[15.596s] INFO:colcon.colcon_core.shell:Creating prefix util module '/home/alumnos/josetost/colcon_ws/src/navigation-grupo-dia-libre-1/install/_local_setup_util_ps1.py'
[15.601s] INFO:colcon.colcon_core.shell:Creating prefix chain script '/home/alumnos/josetost/colcon_ws/src/navigation-grupo-dia-libre-1/install/setup.ps1'
[15.606s] INFO:colcon.colcon_core.shell:Creating prefix script '/home/alumnos/josetost/colcon_ws/src/navigation-grupo-dia-libre-1/install/local_setup.sh'
[15.609s] INFO:colcon.colcon_core.shell:Creating prefix util module '/home/alumnos/josetost/colcon_ws/src/navigation-grupo-dia-libre-1/install/_local_setup_util_sh.py'
[15.612s] INFO:colcon.colcon_core.shell:Creating prefix chain script '/home/alumnos/josetost/colcon_ws/src/navigation-grupo-dia-libre-1/install/setup.sh'
[15.615s] INFO:colcon.colcon_core.shell:Creating prefix script '/home/alumnos/josetost/colcon_ws/src/navigation-grupo-dia-libre-1/install/local_setup.bash'
[15.618s] INFO:colcon.colcon_core.shell:Creating prefix chain script '/home/alumnos/josetost/colcon_ws/src/navigation-grupo-dia-libre-1/install/setup.bash'
[15.621s] INFO:colcon.colcon_core.shell:Creating prefix script '/home/alumnos/josetost/colcon_ws/src/navigation-grupo-dia-libre-1/install/local_setup.zsh'
[15.624s] INFO:colcon.colcon_core.shell:Creating prefix chain script '/home/alumnos/josetost/colcon_ws/src/navigation-grupo-dia-libre-1/install/setup.zsh'
