[2.138s] DEBUG:colcon:Command line arguments: ['/usr/bin/colcon', 'build', '--symlink-install']
[2.138s] DEBUG:colcon:Parsed command line arguments: Namespace(allow_overriding=[], ament_cmake_args=None, base_paths=['.'], build_base='build', catkin_cmake_args=None, catkin_skip_building_tests=False, cmake_args=None, cmake_clean_cache=False, cmake_clean_first=False, cmake_force_configure=False, cmake_target=None, cmake_target_skip_unavailable=False, continue_on_error=False, event_handlers=None, executor='parallel', ignore_user_meta=False, install_base='install', log_base=None, log_level=None, main=<bound method BuildVerb.main of <colcon_core.verb.build.BuildVerb object at 0x7f2f73df8970>>, merge_install=False, metas=['./colcon.meta'], mixin=None, mixin_files=None, mixin_verb=('build',), packages_above=None, packages_above_and_dependencies=None, packages_above_depth=None, packages_end=None, packages_ignore=None, packages_ignore_regex=None, packages_select=None, packages_select_build_failed=False, packages_select_by_dep=None, packages_select_regex=None, packages_select_test_failures=False, packages_skip=None, packages_skip_build_finished=False, packages_skip_by_dep=None, packages_skip_regex=None, packages_skip_test_passed=False, packages_skip_up_to=None, packages_start=None, packages_up_to=None, packages_up_to_regex=None, parallel_workers=8, paths=None, symlink_install=True, test_result_base=None, verb_extension=<colcon_core.verb.build.BuildVerb object at 0x7f2f73df8970>, verb_name='build', verb_parser=<colcon_mixin.mixin.mixin_argument.MixinArgumentDecorator object at 0x7f2f73df8fa0>)
[2.187s] Level 1:colcon.colcon_core.package_discovery:discover_packages(colcon_meta) check parameters
[2.188s] Level 1:colcon.colcon_core.package_discovery:discover_packages(recursive) check parameters
[2.188s] Level 1:colcon.colcon_core.package_discovery:discover_packages(ignore) check parameters
[2.188s] Level 1:colcon.colcon_core.package_discovery:discover_packages(path) check parameters
[2.188s] Level 1:colcon.colcon_core.package_discovery:discover_packages(colcon_meta) discover
[2.188s] Level 1:colcon.colcon_core.package_discovery:discover_packages(recursive) discover
[2.189s] INFO:colcon.colcon_core.package_discovery:Crawling recursively for packages in '/home/alumnos/josetost/colcon_ws/src/navigation-grupo-dia-libre-1'
[2.189s] Level 1:colcon.colcon_core.package_identification:_identify(.) by extensions ['ignore', 'ignore_ament_install']
[2.189s] Level 1:colcon.colcon_core.package_identification:_identify(.) by extension 'ignore'
[2.190s] Level 1:colcon.colcon_core.package_identification:_identify(.) by extension 'ignore_ament_install'
[2.191s] Level 1:colcon.colcon_core.package_identification:_identify(.) by extensions ['colcon_pkg']
[2.191s] Level 1:colcon.colcon_core.package_identification:_identify(.) by extension 'colcon_pkg'
[2.191s] Level 1:colcon.colcon_core.package_identification:_identify(.) by extensions ['colcon_meta']
[2.192s] Level 1:colcon.colcon_core.package_identification:_identify(.) by extension 'colcon_meta'
[2.192s] Level 1:colcon.colcon_core.package_identification:_identify(.) by extensions ['ros']
[2.192s] Level 1:colcon.colcon_core.package_identification:_identify(.) by extension 'ros'
[2.273s] Level 1:colcon.colcon_core.package_identification:_identify(.) by extensions ['cmake', 'python']
[2.273s] Level 1:colcon.colcon_core.package_identification:_identify(.) by extension 'cmake'
[2.274s] Level 1:colcon.colcon_core.package_identification:_identify(.) by extension 'python'
[2.274s] Level 1:colcon.colcon_core.package_identification:_identify(.) by extensions ['python_setup_py']
[2.275s] Level 1:colcon.colcon_core.package_identification:_identify(.) by extension 'python_setup_py'
[2.275s] Level 1:colcon.colcon_core.package_identification:_identify(bt_behavior) by extensions ['ignore', 'ignore_ament_install']
[2.276s] Level 1:colcon.colcon_core.package_identification:_identify(bt_behavior) by extension 'ignore'
[2.276s] Level 1:colcon.colcon_core.package_identification:_identify(bt_behavior) by extension 'ignore_ament_install'
[2.277s] Level 1:colcon.colcon_core.package_identification:_identify(bt_behavior) by extensions ['colcon_pkg']
[2.278s] Level 1:colcon.colcon_core.package_identification:_identify(bt_behavior) by extension 'colcon_pkg'
[2.278s] Level 1:colcon.colcon_core.package_identification:_identify(bt_behavior) by extensions ['colcon_meta']
[2.278s] Level 1:colcon.colcon_core.package_identification:_identify(bt_behavior) by extension 'colcon_meta'
[2.278s] Level 1:colcon.colcon_core.package_identification:_identify(bt_behavior) by extensions ['ros']
[2.278s] Level 1:colcon.colcon_core.package_identification:_identify(bt_behavior) by extension 'ros'
[2.295s] DEBUG:colcon.colcon_core.package_identification:Package 'bt_behavior' with type 'ros.ament_cmake' and name 'bt_behavior'
[2.296s] Level 1:colcon.colcon_core.package_identification:_identify(build) by extensions ['ignore', 'ignore_ament_install']
[2.296s] Level 1:colcon.colcon_core.package_identification:_identify(build) by extension 'ignore'
[2.297s] Level 1:colcon.colcon_core.package_identification:_identify(build) ignored
[2.298s] Level 1:colcon.colcon_core.package_identification:_identify(install) by extensions ['ignore', 'ignore_ament_install']
[2.298s] Level 1:colcon.colcon_core.package_identification:_identify(install) by extension 'ignore'
[2.298s] Level 1:colcon.colcon_core.package_identification:_identify(install) ignored
[2.298s] Level 1:colcon.colcon_core.package_identification:_identify(kobuki_navigation) by extensions ['ignore', 'ignore_ament_install']
[2.298s] Level 1:colcon.colcon_core.package_identification:_identify(kobuki_navigation) by extension 'ignore'
[2.299s] Level 1:colcon.colcon_core.package_identification:_identify(kobuki_navigation) by extension 'ignore_ament_install'
[2.300s] Level 1:colcon.colcon_core.package_identification:_identify(kobuki_navigation) by extensions ['colcon_pkg']
[2.300s] Level 1:colcon.colcon_core.package_identification:_identify(kobuki_navigation) by extension 'colcon_pkg'
[2.300s] Level 1:colcon.colcon_core.package_identification:_identify(kobuki_navigation) by extensions ['colcon_meta']
[2.301s] Level 1:colcon.colcon_core.package_identification:_identify(kobuki_navigation) by extension 'colcon_meta'
[2.301s] Level 1:colcon.colcon_core.package_identification:_identify(kobuki_navigation) by extensions ['ros']
[2.301s] Level 1:colcon.colcon_core.package_identification:_identify(kobuki_navigation) by extension 'ros'
[2.302s] DEBUG:colcon.colcon_core.package_identification:Package 'kobuki_navigation' with type 'ros.ament_cmake' and name 'kobuki_navigation'
[2.303s] Level 1:colcon.colcon_core.package_identification:_identify(log) by extensions ['ignore', 'ignore_ament_install']
[2.303s] Level 1:colcon.colcon_core.package_identification:_identify(log) by extension 'ignore'
[2.303s] Level 1:colcon.colcon_core.package_identification:_identify(log) ignored
[2.304s] Level 1:colcon.colcon_core.package_discovery:discover_packages(recursive) using defaults
[2.304s] Level 1:colcon.colcon_core.package_discovery:discover_packages(ignore) discover
[2.304s] Level 1:colcon.colcon_core.package_discovery:discover_packages(ignore) using defaults
[2.304s] Level 1:colcon.colcon_core.package_discovery:discover_packages(path) discover
[2.304s] Level 1:colcon.colcon_core.package_discovery:discover_packages(path) using defaults
[2.411s] Level 5:colcon.colcon_core.verb:set package 'bt_behavior' build argument 'cmake_args' from command line to 'None'
[2.412s] Level 5:colcon.colcon_core.verb:set package 'bt_behavior' build argument 'cmake_target' from command line to 'None'
[2.412s] Level 5:colcon.colcon_core.verb:set package 'bt_behavior' build argument 'cmake_target_skip_unavailable' from command line to 'False'
[2.413s] Level 5:colcon.colcon_core.verb:set package 'bt_behavior' build argument 'cmake_clean_cache' from command line to 'False'
[2.413s] Level 5:colcon.colcon_core.verb:set package 'bt_behavior' build argument 'cmake_clean_first' from command line to 'False'
[2.413s] Level 5:colcon.colcon_core.verb:set package 'bt_behavior' build argument 'cmake_force_configure' from command line to 'False'
[2.413s] Level 5:colcon.colcon_core.verb:set package 'bt_behavior' build argument 'ament_cmake_args' from command line to 'None'
[2.413s] Level 5:colcon.colcon_core.verb:set package 'bt_behavior' build argument 'catkin_cmake_args' from command line to 'None'
[2.413s] Level 5:colcon.colcon_core.verb:set package 'bt_behavior' build argument 'catkin_skip_building_tests' from command line to 'False'
[2.414s] DEBUG:colcon.colcon_core.verb:Building package 'bt_behavior' with the following arguments: {'ament_cmake_args': None, 'build_base': '/home/alumnos/josetost/colcon_ws/src/navigation-grupo-dia-libre-1/build/bt_behavior', 'catkin_cmake_args': None, 'catkin_skip_building_tests': False, 'cmake_args': None, 'cmake_clean_cache': False, 'cmake_clean_first': False, 'cmake_force_configure': False, 'cmake_target': None, 'cmake_target_skip_unavailable': False, 'install_base': '/home/alumnos/josetost/colcon_ws/src/navigation-grupo-dia-libre-1/install/bt_behavior', 'merge_install': False, 'path': '/home/alumnos/josetost/colcon_ws/src/navigation-grupo-dia-libre-1/bt_behavior', 'symlink_install': True, 'test_result_base': None}
[2.415s] Level 5:colcon.colcon_core.verb:set package 'kobuki_navigation' build argument 'cmake_args' from command line to 'None'
[2.415s] Level 5:colcon.colcon_core.verb:set package 'kobuki_navigation' build argument 'cmake_target' from command line to 'None'
[2.416s] Level 5:colcon.colcon_core.verb:set package 'kobuki_navigation' build argument 'cmake_target_skip_unavailable' from command line to 'False'
[2.416s] Level 5:colcon.colcon_core.verb:set package 'kobuki_navigation' build argument 'cmake_clean_cache' from command line to 'False'
[2.416s] Level 5:colcon.colcon_core.verb:set package 'kobuki_navigation' build argument 'cmake_clean_first' from command line to 'False'
[2.416s] Level 5:colcon.colcon_core.verb:set package 'kobuki_navigation' build argument 'cmake_force_configure' from command line to 'False'
[2.416s] Level 5:colcon.colcon_core.verb:set package 'kobuki_navigation' build argument 'ament_cmake_args' from command line to 'None'
[2.416s] Level 5:colcon.colcon_core.verb:set package 'kobuki_navigation' build argument 'catkin_cmake_args' from command line to 'None'
[2.416s] Level 5:colcon.colcon_core.verb:set package 'kobuki_navigation' build argument 'catkin_skip_building_tests' from command line to 'False'
[2.416s] DEBUG:colcon.colcon_core.verb:Building package 'kobuki_navigation' with the following arguments: {'ament_cmake_args': None, 'build_base': '/home/alumnos/josetost/colcon_ws/src/navigation-grupo-dia-libre-1/build/kobuki_navigation', 'catkin_cmake_args': None, 'catkin_skip_building_tests': False, 'cmake_args': None, 'cmake_clean_cache': False, 'cmake_clean_first': False, 'cmake_force_configure': False, 'cmake_target': None, 'cmake_target_skip_unavailable': False, 'install_base': '/home/alumnos/josetost/colcon_ws/src/navigation-grupo-dia-libre-1/install/kobuki_navigation', 'merge_install': False, 'path': '/home/alumnos/josetost/colcon_ws/src/navigation-grupo-dia-libre-1/kobuki_navigation', 'symlink_install': True, 'test_result_base': None}
[2.509s] INFO:colcon.colcon_core.executor:Executing jobs using 'parallel' executor
[2.511s] DEBUG:colcon.colcon_parallel_executor.executor.parallel:run_until_complete
[2.511s] INFO:colcon.colcon_ros.task.ament_cmake.build:Building ROS package in '/home/alumnos/josetost/colcon_ws/src/navigation-grupo-dia-libre-1/bt_behavior' with build type 'ament_cmake'
[2.512s] INFO:colcon.colcon_cmake.task.cmake.build:Building CMake package in '/home/alumnos/josetost/colcon_ws/src/navigation-grupo-dia-libre-1/bt_behavior'
[2.560s] INFO:colcon.colcon_core.plugin_system:Skipping extension 'colcon_core.shell.bat': Not used on non-Windows systems
[2.560s] INFO:colcon.colcon_core.shell:Skip shell extension 'powershell' for command environment: Not usable outside of PowerShell
[2.561s] DEBUG:colcon.colcon_core.shell:Skip shell extension 'dsv' for command environment
[2.585s] INFO:colcon.colcon_ros.task.ament_cmake.build:Building ROS package in '/home/alumnos/josetost/colcon_ws/src/navigation-grupo-dia-libre-1/kobuki_navigation' with build type 'ament_cmake'
[2.586s] INFO:colcon.colcon_cmake.task.cmake.build:Building CMake package in '/home/alumnos/josetost/colcon_ws/src/navigation-grupo-dia-libre-1/kobuki_navigation'
[2.587s] INFO:colcon.colcon_core.shell:Skip shell extension 'powershell' for command environment: Not usable outside of PowerShell
[2.588s] DEBUG:colcon.colcon_core.shell:Skip shell extension 'dsv' for command environment
[2.612s] DEBUG:colcon.colcon_core.event_handler.log_command:Invoking command in '/home/alumnos/josetost/colcon_ws/src/navigation-grupo-dia-libre-1/build/bt_behavior': CMAKE_PREFIX_PATH=/opt/ros/foxy /usr/bin/cmake /home/alumnos/josetost/colcon_ws/src/navigation-grupo-dia-libre-1/bt_behavior -DAMENT_CMAKE_SYMLINK_INSTALL=1 -DCMAKE_INSTALL_PREFIX=/home/alumnos/josetost/colcon_ws/src/navigation-grupo-dia-libre-1/install/bt_behavior
[2.692s] DEBUG:colcon.colcon_core.event_handler.log_command:Invoking command in '/home/alumnos/josetost/colcon_ws/src/navigation-grupo-dia-libre-1/build/kobuki_navigation': CMAKE_PREFIX_PATH=/opt/ros/foxy /usr/bin/cmake /home/alumnos/josetost/colcon_ws/src/navigation-grupo-dia-libre-1/kobuki_navigation -DAMENT_CMAKE_SYMLINK_INSTALL=1 -DCMAKE_INSTALL_PREFIX=/home/alumnos/josetost/colcon_ws/src/navigation-grupo-dia-libre-1/install/kobuki_navigation
[7.391s] DEBUG:colcon.colcon_core.event_handler.log_command:Invoked command in '/home/alumnos/josetost/colcon_ws/src/navigation-grupo-dia-libre-1/build/kobuki_navigation' returned '0': CMAKE_PREFIX_PATH=/opt/ros/foxy /usr/bin/cmake /home/alumnos/josetost/colcon_ws/src/navigation-grupo-dia-libre-1/kobuki_navigation -DAMENT_CMAKE_SYMLINK_INSTALL=1 -DCMAKE_INSTALL_PREFIX=/home/alumnos/josetost/colcon_ws/src/navigation-grupo-dia-libre-1/install/kobuki_navigation
[7.395s] DEBUG:colcon.colcon_core.event_handler.log_command:Invoking command in '/home/alumnos/josetost/colcon_ws/src/navigation-grupo-dia-libre-1/build/kobuki_navigation': CMAKE_PREFIX_PATH=/opt/ros/foxy /usr/bin/cmake --build /home/alumnos/josetost/colcon_ws/src/navigation-grupo-dia-libre-1/build/kobuki_navigation -- -j8 -l8
[7.467s] DEBUG:colcon.colcon_core.event_handler.log_command:Invoked command in '/home/alumnos/josetost/colcon_ws/src/navigation-grupo-dia-libre-1/build/kobuki_navigation' returned '0': CMAKE_PREFIX_PATH=/opt/ros/foxy /usr/bin/cmake --build /home/alumnos/josetost/colcon_ws/src/navigation-grupo-dia-libre-1/build/kobuki_navigation -- -j8 -l8
[7.512s] DEBUG:colcon.colcon_core.event_handler.log_command:Invoking command in '/home/alumnos/josetost/colcon_ws/src/navigation-grupo-dia-libre-1/build/kobuki_navigation': CMAKE_PREFIX_PATH=/opt/ros/foxy /usr/bin/cmake --install /home/alumnos/josetost/colcon_ws/src/navigation-grupo-dia-libre-1/build/kobuki_navigation
[7.954s] Level 1:colcon.colcon_core.environment:create_environment_scripts_only(kobuki_navigation)
[7.956s] DEBUG:colcon.colcon_core.event_handler.log_command:Invoked command in '/home/alumnos/josetost/colcon_ws/src/navigation-grupo-dia-libre-1/build/kobuki_navigation' returned '0': CMAKE_PREFIX_PATH=/opt/ros/foxy /usr/bin/cmake --install /home/alumnos/josetost/colcon_ws/src/navigation-grupo-dia-libre-1/build/kobuki_navigation
[8.316s] Level 1:colcon.colcon_core.environment:checking '/home/alumnos/josetost/colcon_ws/src/navigation-grupo-dia-libre-1/install/kobuki_navigation' for CMake module files
[8.321s] Level 1:colcon.colcon_core.environment:checking '/home/alumnos/josetost/colcon_ws/src/navigation-grupo-dia-libre-1/install/kobuki_navigation' for CMake config files
[8.328s] Level 1:colcon.colcon_core.shell:create_environment_hook('kobuki_navigation', 'cmake_prefix_path')
[8.330s] INFO:colcon.colcon_core.shell:Creating environment hook '/home/alumnos/josetost/colcon_ws/src/navigation-grupo-dia-libre-1/install/kobuki_navigation/share/kobuki_navigation/hook/cmake_prefix_path.ps1'
[8.350s] INFO:colcon.colcon_core.shell:Creating environment descriptor '/home/alumnos/josetost/colcon_ws/src/navigation-grupo-dia-libre-1/install/kobuki_navigation/share/kobuki_navigation/hook/cmake_prefix_path.dsv'
[8.374s] INFO:colcon.colcon_core.shell:Creating environment hook '/home/alumnos/josetost/colcon_ws/src/navigation-grupo-dia-libre-1/install/kobuki_navigation/share/kobuki_navigation/hook/cmake_prefix_path.sh'
[8.391s] Level 1:colcon.colcon_core.environment:checking '/home/alumnos/josetost/colcon_ws/src/navigation-grupo-dia-libre-1/install/kobuki_navigation/bin'
[8.392s] Level 1:colcon.colcon_core.environment:checking '/home/alumnos/josetost/colcon_ws/src/navigation-grupo-dia-libre-1/install/kobuki_navigation/lib/pkgconfig/kobuki_navigation.pc'
[8.392s] Level 1:colcon.colcon_core.environment:checking '/home/alumnos/josetost/colcon_ws/src/navigation-grupo-dia-libre-1/install/kobuki_navigation/lib/python3.8/site-packages'
[8.393s] INFO:colcon.colcon_core.shell:Creating package script '/home/alumnos/josetost/colcon_ws/src/navigation-grupo-dia-libre-1/install/kobuki_navigation/share/kobuki_navigation/package.ps1'
[8.417s] INFO:colcon.colcon_core.shell:Creating package descriptor '/home/alumnos/josetost/colcon_ws/src/navigation-grupo-dia-libre-1/install/kobuki_navigation/share/kobuki_navigation/package.dsv'
[8.441s] INFO:colcon.colcon_core.shell:Creating package script '/home/alumnos/josetost/colcon_ws/src/navigation-grupo-dia-libre-1/install/kobuki_navigation/share/kobuki_navigation/package.sh'
[8.445s] INFO:colcon.colcon_core.shell:Creating package script '/home/alumnos/josetost/colcon_ws/src/navigation-grupo-dia-libre-1/install/kobuki_navigation/share/kobuki_navigation/package.bash'
[8.466s] INFO:colcon.colcon_core.shell:Creating package script '/home/alumnos/josetost/colcon_ws/src/navigation-grupo-dia-libre-1/install/kobuki_navigation/share/kobuki_navigation/package.zsh'
[8.480s] Level 1:colcon.colcon_core.environment:create_file_with_runtime_dependencies(/home/alumnos/josetost/colcon_ws/src/navigation-grupo-dia-libre-1/install/kobuki_navigation/share/colcon-core/packages/kobuki_navigation)
[8.513s] Level 1:colcon.colcon_core.environment:create_environment_scripts_only(kobuki_navigation)
[8.514s] Level 1:colcon.colcon_core.environment:checking '/home/alumnos/josetost/colcon_ws/src/navigation-grupo-dia-libre-1/install/kobuki_navigation' for CMake module files
[8.517s] Level 1:colcon.colcon_core.environment:checking '/home/alumnos/josetost/colcon_ws/src/navigation-grupo-dia-libre-1/install/kobuki_navigation' for CMake config files
[8.524s] Level 1:colcon.colcon_core.shell:create_environment_hook('kobuki_navigation', 'cmake_prefix_path')
[8.525s] INFO:colcon.colcon_core.shell:Creating environment hook '/home/alumnos/josetost/colcon_ws/src/navigation-grupo-dia-libre-1/install/kobuki_navigation/share/kobuki_navigation/hook/cmake_prefix_path.ps1'
[8.528s] INFO:colcon.colcon_core.shell:Creating environment descriptor '/home/alumnos/josetost/colcon_ws/src/navigation-grupo-dia-libre-1/install/kobuki_navigation/share/kobuki_navigation/hook/cmake_prefix_path.dsv'
[8.531s] INFO:colcon.colcon_core.shell:Creating environment hook '/home/alumnos/josetost/colcon_ws/src/navigation-grupo-dia-libre-1/install/kobuki_navigation/share/kobuki_navigation/hook/cmake_prefix_path.sh'
[8.534s] Level 1:colcon.colcon_core.environment:checking '/home/alumnos/josetost/colcon_ws/src/navigation-grupo-dia-libre-1/install/kobuki_navigation/bin'
[8.534s] Level 1:colcon.colcon_core.environment:checking '/home/alumnos/josetost/colcon_ws/src/navigation-grupo-dia-libre-1/install/kobuki_navigation/lib/pkgconfig/kobuki_navigation.pc'
[8.535s] Level 1:colcon.colcon_core.environment:checking '/home/alumnos/josetost/colcon_ws/src/navigation-grupo-dia-libre-1/install/kobuki_navigation/lib/python3.8/site-packages'
[8.536s] INFO:colcon.colcon_core.shell:Creating package script '/home/alumnos/josetost/colcon_ws/src/navigation-grupo-dia-libre-1/install/kobuki_navigation/share/kobuki_navigation/package.ps1'
[8.539s] INFO:colcon.colcon_core.shell:Creating package descriptor '/home/alumnos/josetost/colcon_ws/src/navigation-grupo-dia-libre-1/install/kobuki_navigation/share/kobuki_navigation/package.dsv'
[8.542s] INFO:colcon.colcon_core.shell:Creating package script '/home/alumnos/josetost/colcon_ws/src/navigation-grupo-dia-libre-1/install/kobuki_navigation/share/kobuki_navigation/package.sh'
[8.545s] INFO:colcon.colcon_core.shell:Creating package script '/home/alumnos/josetost/colcon_ws/src/navigation-grupo-dia-libre-1/install/kobuki_navigation/share/kobuki_navigation/package.bash'
[8.547s] INFO:colcon.colcon_core.shell:Creating package script '/home/alumnos/josetost/colcon_ws/src/navigation-grupo-dia-libre-1/install/kobuki_navigation/share/kobuki_navigation/package.zsh'
[8.550s] Level 1:colcon.colcon_core.environment:create_file_with_runtime_dependencies(/home/alumnos/josetost/colcon_ws/src/navigation-grupo-dia-libre-1/install/kobuki_navigation/share/colcon-core/packages/kobuki_navigation)
[11.660s] DEBUG:colcon.colcon_core.event_handler.log_command:Invoked command in '/home/alumnos/josetost/colcon_ws/src/navigation-grupo-dia-libre-1/build/bt_behavior' returned '1': CMAKE_PREFIX_PATH=/opt/ros/foxy /usr/bin/cmake /home/alumnos/josetost/colcon_ws/src/navigation-grupo-dia-libre-1/bt_behavior -DAMENT_CMAKE_SYMLINK_INSTALL=1 -DCMAKE_INSTALL_PREFIX=/home/alumnos/josetost/colcon_ws/src/navigation-grupo-dia-libre-1/install/bt_behavior
[11.681s] Level 1:colcon.colcon_core.environment:create_environment_scripts_only(bt_behavior)
[11.683s] Level 1:colcon.colcon_core.environment:checking '/home/alumnos/josetost/colcon_ws/src/navigation-grupo-dia-libre-1/install/bt_behavior' for CMake module files
[11.684s] Level 1:colcon.colcon_core.environment:checking '/home/alumnos/josetost/colcon_ws/src/navigation-grupo-dia-libre-1/install/bt_behavior' for CMake config files
[11.684s] Level 1:colcon.colcon_core.environment:checking '/home/alumnos/josetost/colcon_ws/src/navigation-grupo-dia-libre-1/install/bt_behavior/bin'
[11.685s] Level 1:colcon.colcon_core.environment:checking '/home/alumnos/josetost/colcon_ws/src/navigation-grupo-dia-libre-1/install/bt_behavior/lib/pkgconfig/bt_behavior.pc'
[11.685s] Level 1:colcon.colcon_core.environment:checking '/home/alumnos/josetost/colcon_ws/src/navigation-grupo-dia-libre-1/install/bt_behavior/lib/python3.8/site-packages'
[11.687s] INFO:colcon.colcon_core.shell:Creating package script '/home/alumnos/josetost/colcon_ws/src/navigation-grupo-dia-libre-1/install/bt_behavior/share/bt_behavior/package.ps1'
[11.692s] INFO:colcon.colcon_core.shell:Creating package descriptor '/home/alumnos/josetost/colcon_ws/src/navigation-grupo-dia-libre-1/install/bt_behavior/share/bt_behavior/package.dsv'
[11.694s] INFO:colcon.colcon_core.shell:Creating package script '/home/alumnos/josetost/colcon_ws/src/navigation-grupo-dia-libre-1/install/bt_behavior/share/bt_behavior/package.sh'
[11.696s] INFO:colcon.colcon_core.shell:Creating package script '/home/alumnos/josetost/colcon_ws/src/navigation-grupo-dia-libre-1/install/bt_behavior/share/bt_behavior/package.bash'
[11.699s] INFO:colcon.colcon_core.shell:Creating package script '/home/alumnos/josetost/colcon_ws/src/navigation-grupo-dia-libre-1/install/bt_behavior/share/bt_behavior/package.zsh'
[11.701s] Level 1:colcon.colcon_core.environment:create_file_with_runtime_dependencies(/home/alumnos/josetost/colcon_ws/src/navigation-grupo-dia-libre-1/install/bt_behavior/share/colcon-core/packages/bt_behavior)
[11.715s] DEBUG:colcon.colcon_parallel_executor.executor.parallel:closing loop
[11.715s] DEBUG:colcon.colcon_parallel_executor.executor.parallel:loop closed
[11.716s] DEBUG:colcon.colcon_parallel_executor.executor.parallel:run_until_complete finished with '1'
[11.716s] DEBUG:colcon.colcon_core.event_reactor:joining thread
[11.757s] INFO:colcon.colcon_core.plugin_system:Skipping extension 'colcon_notification.desktop_notification.terminal_notifier': Not used on non-Darwin systems
[11.757s] INFO:colcon.colcon_core.plugin_system:Skipping extension 'colcon_notification.desktop_notification.win32': Not used on non-Windows systems
[11.757s] INFO:colcon.colcon_notification.desktop_notification:Sending desktop notification using 'notify2'
[11.778s] DEBUG:colcon.colcon_core.event_reactor:joined thread
[11.779s] INFO:colcon.colcon_core.shell:Creating prefix script '/home/alumnos/josetost/colcon_ws/src/navigation-grupo-dia-libre-1/install/local_setup.ps1'
[11.809s] INFO:colcon.colcon_core.shell:Creating prefix util module '/home/alumnos/josetost/colcon_ws/src/navigation-grupo-dia-libre-1/install/_local_setup_util_ps1.py'
[11.835s] INFO:colcon.colcon_core.shell:Creating prefix chain script '/home/alumnos/josetost/colcon_ws/src/navigation-grupo-dia-libre-1/install/setup.ps1'
[11.839s] INFO:colcon.colcon_core.shell:Creating prefix script '/home/alumnos/josetost/colcon_ws/src/navigation-grupo-dia-libre-1/install/local_setup.sh'
[11.849s] INFO:colcon.colcon_core.shell:Creating prefix util module '/home/alumnos/josetost/colcon_ws/src/navigation-grupo-dia-libre-1/install/_local_setup_util_sh.py'
[11.857s] INFO:colcon.colcon_core.shell:Creating prefix chain script '/home/alumnos/josetost/colcon_ws/src/navigation-grupo-dia-libre-1/install/setup.sh'
[11.861s] INFO:colcon.colcon_core.shell:Creating prefix script '/home/alumnos/josetost/colcon_ws/src/navigation-grupo-dia-libre-1/install/local_setup.bash'
[11.882s] INFO:colcon.colcon_core.shell:Creating prefix chain script '/home/alumnos/josetost/colcon_ws/src/navigation-grupo-dia-libre-1/install/setup.bash'
[11.890s] INFO:colcon.colcon_core.shell:Creating prefix script '/home/alumnos/josetost/colcon_ws/src/navigation-grupo-dia-libre-1/install/local_setup.zsh'
[11.904s] INFO:colcon.colcon_core.shell:Creating prefix chain script '/home/alumnos/josetost/colcon_ws/src/navigation-grupo-dia-libre-1/install/setup.zsh'
